<?xml version="1.0" encoding="UTF-8"?>
<coverage generated="1765202727098" clover="3.2.0">
  <project timestamp="1765202727099" name="All files">
    <metrics statements="566" coveredstatements="504" conditionals="304" coveredconditionals="195" methods="90" coveredmethods="79" elements="960" coveredelements="778" complexity="0" loc="566" ncloc="566" packages="16" files="32" classes="32"/>
    <package name="ai">
      <metrics statements="76" coveredstatements="67" conditionals="50" coveredconditionals="34" methods="11" coveredmethods="11"/>
      <file name="ai.controller.ts" path="C:\Amorim\Projetos\BriefAI\api\src\ai\ai.controller.ts">
        <metrics statements="14" coveredstatements="14" conditionals="0" coveredconditionals="0" methods="3" coveredmethods="3"/>
        <line num="1" count="1" type="stmt"/>
        <line num="2" count="1" type="stmt"/>
        <line num="3" count="1" type="stmt"/>
        <line num="4" count="1" type="stmt"/>
        <line num="5" count="1" type="stmt"/>
        <line num="6" count="1" type="stmt"/>
        <line num="7" count="1" type="stmt"/>
        <line num="8" count="1" type="stmt"/>
        <line num="14" count="1" type="stmt"/>
        <line num="15" count="2" type="stmt"/>
        <line num="33" count="1" type="stmt"/>
        <line num="39" count="1" type="stmt"/>
        <line num="54" count="1" type="stmt"/>
        <line num="60" count="1" type="stmt"/>
      </file>
      <file name="ai.service.ts" path="C:\Amorim\Projetos\BriefAI\api\src\ai\ai.service.ts">
        <metrics statements="62" coveredstatements="53" conditionals="50" coveredconditionals="34" methods="8" coveredmethods="8"/>
        <line num="1" count="2" type="stmt"/>
        <line num="2" count="2" type="stmt"/>
        <line num="3" count="2" type="stmt"/>
        <line num="4" count="2" type="stmt"/>
        <line num="5" count="2" type="stmt"/>
        <line num="6" count="2" type="stmt"/>
        <line num="11" count="2" type="stmt"/>
        <line num="15" count="5" type="stmt"/>
        <line num="16" count="5" type="stmt"/>
        <line num="17" count="5" type="stmt"/>
        <line num="19" count="5" type="stmt"/>
        <line num="20" count="5" type="cond" truecount="0" falsecount="1"/>
        <line num="21" count="0" type="stmt"/>
        <line num="23" count="5" type="stmt"/>
        <line num="33" count="3" type="stmt"/>
        <line num="38" count="3" type="cond" truecount="1" falsecount="0"/>
        <line num="39" count="1" type="stmt"/>
        <line num="45" count="2" type="stmt"/>
        <line num="46" count="2" type="stmt"/>
        <line num="47" count="2" type="cond" truecount="2" falsecount="1"/>
        <line num="50" count="2" type="stmt"/>
        <line num="57" count="2" type="stmt"/>
        <line num="58" count="2" type="stmt"/>
        <line num="71" count="1" type="cond" truecount="7" falsecount="3"/>
        <line num="72" count="1" type="stmt"/>
        <line num="75" count="1" type="stmt"/>
        <line num="87" count="1" type="stmt"/>
        <line num="89" count="1" type="stmt"/>
        <line num="105" count="2" type="stmt"/>
        <line num="109" count="2" type="cond" truecount="1" falsecount="0"/>
        <line num="110" count="1" type="stmt"/>
        <line num="115" count="1" type="stmt"/>
        <line num="117" count="1" type="stmt"/>
        <line num="118" count="1" type="stmt"/>
        <line num="131" count="1" type="cond" truecount="10" falsecount="4"/>
        <line num="134" count="1" type="stmt"/>
        <line num="141" count="1" type="stmt"/>
        <line num="143" count="0" type="stmt"/>
        <line num="158" count="2" type="stmt"/>
        <line num="159" count="2" type="stmt"/>
        <line num="161" count="2" type="cond" truecount="0" falsecount="1"/>
        <line num="162" count="0" type="stmt"/>
        <line num="163" count="0" type="stmt"/>
        <line num="164" count="0" type="cond" truecount="0" falsecount="1"/>
        <line num="165" count="0" type="stmt"/>
        <line num="168" count="0" type="stmt"/>
        <line num="171" count="2" type="cond" truecount="0" falsecount="1"/>
        <line num="172" count="0" type="stmt"/>
        <line num="175" count="2" type="stmt"/>
        <line num="177" count="2" type="stmt"/>
        <line num="181" count="1" type="stmt"/>
        <line num="188" count="1" type="stmt"/>
        <line num="193" count="3" type="stmt"/>
        <line num="194" count="1" type="stmt"/>
        <line num="196" count="1" type="stmt"/>
        <line num="198" count="3" type="stmt"/>
        <line num="199" count="3" type="cond" truecount="1" falsecount="0"/>
        <line num="200" count="3" type="stmt"/>
        <line num="204" count="1" type="stmt"/>
        <line num="213" count="2" type="stmt"/>
        <line num="214" count="2" type="stmt"/>
        <line num="224" count="0" type="stmt"/>
      </file>
    </package>
    <package name="ai.dto">
      <metrics statements="11" coveredstatements="11" conditionals="0" coveredconditionals="0" methods="0" coveredmethods="0"/>
      <file name="generate-suggestions.dto.ts" path="C:\Amorim\Projetos\BriefAI\api\src\ai\dto\generate-suggestions.dto.ts">
        <metrics statements="6" coveredstatements="6" conditionals="0" coveredconditionals="0" methods="0" coveredmethods="0"/>
        <line num="1" count="1" type="stmt"/>
        <line num="2" count="1" type="stmt"/>
        <line num="4" count="1" type="stmt"/>
        <line num="11" count="1" type="stmt"/>
        <line num="20" count="1" type="stmt"/>
        <line num="29" count="1" type="stmt"/>
      </file>
      <file name="refine-text.dto.ts" path="C:\Amorim\Projetos\BriefAI\api\src\ai\dto\refine-text.dto.ts">
        <metrics statements="5" coveredstatements="5" conditionals="0" coveredconditionals="0" methods="0" coveredmethods="0"/>
        <line num="1" count="1" type="stmt"/>
        <line num="2" count="1" type="stmt"/>
        <line num="4" count="1" type="stmt"/>
        <line num="11" count="1" type="stmt"/>
        <line num="20" count="1" type="stmt"/>
      </file>
    </package>
    <package name="auth">
      <metrics statements="80" coveredstatements="71" conditionals="88" coveredconditionals="75" methods="13" coveredmethods="13"/>
      <file name="auth.controller.ts" path="C:\Amorim\Projetos\BriefAI\api\src\auth\auth.controller.ts">
        <metrics statements="21" coveredstatements="21" conditionals="8" coveredconditionals="6" methods="5" coveredmethods="5"/>
        <line num="1" count="1" type="stmt"/>
        <line num="3" count="1" type="stmt"/>
        <line num="4" count="1" type="stmt"/>
        <line num="5" count="1" type="stmt"/>
        <line num="6" count="1" type="stmt"/>
        <line num="8" count="1" type="stmt"/>
        <line num="9" count="1" type="stmt"/>
        <line num="10" count="1" type="stmt"/>
        <line num="11" count="1" type="stmt"/>
        <line num="15" count="1" type="stmt"/>
        <line num="16" count="1" type="stmt"/>
        <line num="19" count="1" type="stmt"/>
        <line num="20" count="1" type="cond" truecount="3" falsecount="1"/>
        <line num="21" count="1" type="stmt"/>
        <line num="25" count="1" type="stmt"/>
        <line num="29" count="1" type="cond" truecount="3" falsecount="1"/>
        <line num="30" count="1" type="stmt"/>
        <line num="35" count="1" type="stmt"/>
        <line num="36" count="1" type="stmt"/>
        <line num="42" count="1" type="stmt"/>
        <line num="43" count="1" type="stmt"/>
      </file>
      <file name="auth.service.ts" path="C:\Amorim\Projetos\BriefAI\api\src\auth\auth.service.ts">
        <metrics statements="59" coveredstatements="50" conditionals="80" coveredconditionals="69" methods="8" coveredmethods="8"/>
        <line num="1" count="2" type="stmt"/>
        <line num="8" count="2" type="stmt"/>
        <line num="9" count="2" type="stmt"/>
        <line num="16" count="2" type="stmt"/>
        <line num="17" count="2" type="stmt"/>
        <line num="25" count="2" type="stmt"/>
        <line num="27" count="1" type="stmt"/>
        <line num="28" count="1" type="stmt"/>
        <line num="35" count="5" type="cond" truecount="4" falsecount="0"/>
        <line num="36" count="4" type="stmt"/>
        <line num="42" count="2" type="stmt"/>
        <line num="49" count="1" type="cond" truecount="3" falsecount="1"/>
        <line num="50" count="1" type="cond" truecount="0" falsecount="1"/>
        <line num="51" count="0" type="stmt"/>
        <line num="56" count="1" type="cond" truecount="3" falsecount="1"/>
        <line num="57" count="1" type="cond" truecount="0" falsecount="1"/>
        <line num="58" count="0" type="stmt"/>
        <line num="61" count="1" type="stmt"/>
        <line num="64" count="1" type="cond" truecount="0" falsecount="1"/>
        <line num="65" count="0" type="stmt"/>
        <line num="68" count="1" type="stmt"/>
        <line num="70" count="1" type="stmt"/>
        <line num="80" count="1" type="stmt"/>
        <line num="81" count="1" type="stmt"/>
        <line num="89" count="1" type="stmt"/>
        <line num="96" count="6" type="cond" truecount="1" falsecount="0"/>
        <line num="97" count="3" type="stmt"/>
        <line num="100" count="3" type="cond" truecount="1" falsecount="0"/>
        <line num="101" count="1" type="stmt"/>
        <line num="104" count="2" type="stmt"/>
        <line num="107" count="2" type="cond" truecount="1" falsecount="0"/>
        <line num="108" count="1" type="stmt"/>
        <line num="111" count="1" type="stmt"/>
        <line num="115" count="1" type="cond" truecount="1" falsecount="3"/>
        <line num="117" count="0" type="stmt"/>
        <line num="119" count="0" type="stmt"/>
        <line num="121" count="1" type="stmt"/>
        <line num="123" count="0" type="stmt"/>
        <line num="135" count="4" type="stmt"/>
        <line num="140" count="4" type="cond" truecount="0" falsecount="1"/>
        <line num="141" count="0" type="stmt"/>
        <line num="144" count="4" type="stmt"/>
        <line num="145" count="4" type="cond" truecount="1" falsecount="0"/>
        <line num="146" count="1" type="stmt"/>
        <line num="149" count="3" type="cond" truecount="1" falsecount="0"/>
        <line num="150" count="1" type="cond" truecount="1" falsecount="0"/>
        <line num="151" count="1" type="stmt"/>
        <line num="153" count="0" type="stmt"/>
        <line num="156" count="2" type="cond" truecount="0" falsecount="1"/>
        <line num="157" count="0" type="stmt"/>
        <line num="160" count="2" type="stmt"/>
        <line num="161" count="1" type="stmt"/>
        <line num="164" count="2" type="cond" truecount="1" falsecount="0"/>
        <line num="165" count="1" type="stmt"/>
        <line num="168" count="1" type="stmt"/>
        <line num="176" count="3" type="stmt"/>
        <line num="185" count="3" type="stmt"/>
        <line num="187" count="3" type="stmt"/>
        <line num="198" count="3" type="stmt"/>
      </file>
    </package>
    <package name="auth.decorators">
      <metrics statements="9" coveredstatements="8" conditionals="0" coveredconditionals="0" methods="3" coveredmethods="2"/>
      <file name="current-user.decorator.ts" path="C:\Amorim\Projetos\BriefAI\api\src\auth\decorators\current-user.decorator.ts">
        <metrics statements="6" coveredstatements="5" conditionals="0" coveredconditionals="0" methods="2" coveredmethods="1"/>
        <line num="1" count="5" type="stmt"/>
        <line num="4" count="5" type="stmt"/>
        <line num="7" count="2" type="stmt"/>
        <line num="8" count="2" type="stmt"/>
        <line num="11" count="5" type="stmt"/>
        <line num="13" count="0" type="stmt"/>
      </file>
      <file name="roles.decorator.ts" path="C:\Amorim\Projetos\BriefAI\api\src\auth\decorators\roles.decorator.ts">
        <metrics statements="3" coveredstatements="3" conditionals="0" coveredconditionals="0" methods="1" coveredmethods="1"/>
        <line num="1" count="2" type="stmt"/>
        <line num="4" count="2" type="stmt"/>
        <line num="6" count="2" type="stmt"/>
      </file>
    </package>
    <package name="auth.dto">
      <metrics statements="18" coveredstatements="16" conditionals="16" coveredconditionals="0" methods="2" coveredmethods="0"/>
      <file name="login.dto.ts" path="C:\Amorim\Projetos\BriefAI\api\src\auth\dto\login.dto.ts">
        <metrics statements="7" coveredstatements="6" conditionals="8" coveredconditionals="0" methods="1" coveredmethods="0"/>
        <line num="1" count="1" type="stmt"/>
        <line num="2" count="1" type="stmt"/>
        <line num="4" count="1" type="stmt"/>
        <line num="6" count="0" type="cond" truecount="0" falsecount="8"/>
        <line num="7" count="1" type="stmt"/>
        <line num="11" count="1" type="stmt"/>
        <line num="15" count="1" type="stmt"/>
      </file>
      <file name="register.dto.ts" path="C:\Amorim\Projetos\BriefAI\api\src\auth\dto\register.dto.ts">
        <metrics statements="11" coveredstatements="10" conditionals="8" coveredconditionals="0" methods="1" coveredmethods="0"/>
        <line num="1" count="1" type="stmt"/>
        <line num="2" count="1" type="stmt"/>
        <line num="3" count="1" type="stmt"/>
        <line num="5" count="1" type="stmt"/>
        <line num="7" count="1" type="stmt"/>
        <line num="10" count="0" type="cond" truecount="0" falsecount="8"/>
        <line num="11" count="1" type="stmt"/>
        <line num="15" count="1" type="stmt"/>
        <line num="21" count="1" type="stmt"/>
        <line num="25" count="1" type="stmt"/>
        <line num="29" count="1" type="stmt"/>
      </file>
    </package>
    <package name="auth.guards">
      <metrics statements="21" coveredstatements="21" conditionals="8" coveredconditionals="8" methods="2" coveredmethods="2"/>
      <file name="jwt-auth.guard.ts" path="C:\Amorim\Projetos\BriefAI\api\src\auth\guards\jwt-auth.guard.ts">
        <metrics statements="3" coveredstatements="3" conditionals="0" coveredconditionals="0" methods="0" coveredmethods="0"/>
        <line num="1" count="6" type="stmt"/>
        <line num="2" count="6" type="stmt"/>
        <line num="5" count="6" type="stmt"/>
      </file>
      <file name="roles.guard.ts" path="C:\Amorim\Projetos\BriefAI\api\src\auth\guards\roles.guard.ts">
        <metrics statements="18" coveredstatements="18" conditionals="8" coveredconditionals="8" methods="2" coveredmethods="2"/>
        <line num="1" count="2" type="stmt"/>
        <line num="7" count="2" type="stmt"/>
        <line num="8" count="2" type="stmt"/>
        <line num="9" count="2" type="stmt"/>
        <line num="12" count="2" type="stmt"/>
        <line num="13" count="1" type="stmt"/>
        <line num="16" count="5" type="stmt"/>
        <line num="21" count="5" type="cond" truecount="3" falsecount="0"/>
        <line num="22" count="1" type="stmt"/>
        <line num="25" count="4" type="stmt"/>
        <line num="26" count="4" type="stmt"/>
        <line num="28" count="4" type="cond" truecount="3" falsecount="0"/>
        <line num="29" count="1" type="stmt"/>
        <line num="32" count="3" type="cond" truecount="1" falsecount="0"/>
        <line num="33" count="1" type="stmt"/>
        <line num="36" count="2" type="cond" truecount="1" falsecount="0"/>
        <line num="37" count="1" type="stmt"/>
        <line num="40" count="1" type="stmt"/>
      </file>
    </package>
    <package name="auth.strategies">
      <metrics statements="11" coveredstatements="11" conditionals="3" coveredconditionals="3" methods="2" coveredmethods="2"/>
      <file name="jwt.strategy.ts" path="C:\Amorim\Projetos\BriefAI\api\src\auth\strategies\jwt.strategy.ts">
        <metrics statements="11" coveredstatements="11" conditionals="3" coveredconditionals="3" methods="2" coveredmethods="2"/>
        <line num="1" count="1" type="stmt"/>
        <line num="2" count="1" type="stmt"/>
        <line num="3" count="1" type="stmt"/>
        <line num="4" count="1" type="stmt"/>
        <line num="9" count="1" type="stmt"/>
        <line num="10" count="1" type="stmt"/>
        <line num="11" count="1" type="stmt"/>
        <line num="19" count="2" type="stmt"/>
        <line num="23" count="2" type="cond" truecount="1" falsecount="0"/>
        <line num="24" count="1" type="stmt"/>
        <line num="27" count="1" type="stmt"/>
      </file>
    </package>
    <package name="briefs">
      <metrics statements="81" coveredstatements="73" conditionals="42" coveredconditionals="28" methods="14" coveredmethods="14"/>
      <file name="briefs.controller.ts" path="C:\Amorim\Projetos\BriefAI\api\src\briefs\briefs.controller.ts">
        <metrics statements="22" coveredstatements="22" conditionals="0" coveredconditionals="0" methods="6" coveredmethods="6"/>
        <line num="1" count="1" type="stmt"/>
        <line num="12" count="1" type="stmt"/>
        <line num="13" count="1" type="stmt"/>
        <line num="14" count="1" type="stmt"/>
        <line num="15" count="1" type="stmt"/>
        <line num="16" count="1" type="stmt"/>
        <line num="17" count="1" type="stmt"/>
        <line num="18" count="1" type="stmt"/>
        <line num="19" count="1" type="stmt"/>
        <line num="21" count="1" type="stmt"/>
        <line num="27" count="1" type="stmt"/>
        <line num="28" count="6" type="stmt"/>
        <line num="35" count="1" type="stmt"/>
        <line num="41" count="2" type="stmt"/>
        <line num="48" count="1" type="stmt"/>
        <line num="54" count="1" type="stmt"/>
        <line num="61" count="1" type="stmt"/>
        <line num="66" count="1" type="stmt"/>
        <line num="74" count="1" type="stmt"/>
        <line num="81" count="1" type="stmt"/>
        <line num="89" count="1" type="stmt"/>
        <line num="95" count="1" type="stmt"/>
      </file>
      <file name="briefs.service.ts" path="C:\Amorim\Projetos\BriefAI\api\src\briefs\briefs.service.ts">
        <metrics statements="59" coveredstatements="51" conditionals="42" coveredconditionals="28" methods="8" coveredmethods="8"/>
        <line num="1" count="2" type="stmt"/>
        <line num="2" count="2" type="stmt"/>
        <line num="3" count="2" type="stmt"/>
        <line num="4" count="2" type="stmt"/>
        <line num="5" count="2" type="stmt"/>
        <line num="10" count="2" type="stmt"/>
        <line num="14" count="12" type="stmt"/>
        <line num="15" count="12" type="stmt"/>
        <line num="17" count="12" type="stmt"/>
        <line num="26" count="2" type="stmt"/>
        <line num="28" count="2" type="cond" truecount="1" falsecount="0"/>
        <line num="29" count="1" type="stmt"/>
        <line num="32" count="2" type="cond" truecount="0" falsecount="1"/>
        <line num="33" count="0" type="stmt"/>
        <line num="37" count="2" type="cond" truecount="0" falsecount="1"/>
        <line num="38" count="0" type="stmt"/>
        <line num="44" count="2" type="stmt"/>
        <line num="55" count="3" type="stmt"/>
        <line num="63" count="3" type="cond" truecount="1" falsecount="0"/>
        <line num="64" count="1" type="stmt"/>
        <line num="70" count="2" type="cond" truecount="1" falsecount="0"/>
        <line num="71" count="2" type="stmt"/>
        <line num="74" count="2" type="cond" truecount="3" falsecount="0"/>
        <line num="75" count="1" type="stmt"/>
        <line num="81" count="1" type="stmt"/>
        <line num="86" count="3" type="stmt"/>
        <line num="93" count="3" type="cond" truecount="1" falsecount="0"/>
        <line num="94" count="1" type="stmt"/>
        <line num="100" count="2" type="cond" truecount="1" falsecount="0"/>
        <line num="101" count="2" type="stmt"/>
        <line num="105" count="1" type="cond" truecount="0" falsecount="1"/>
        <line num="106" count="0" type="stmt"/>
        <line num="109" count="0" type="cond" truecount="0" falsecount="1"/>
        <line num="110" count="0" type="stmt"/>
        <line num="116" count="1" type="stmt"/>
        <line num="131" count="1" type="stmt"/>
        <line num="141" count="2" type="stmt"/>
        <line num="146" count="2" type="cond" truecount="0" falsecount="1"/>
        <line num="147" count="0" type="stmt"/>
        <line num="153" count="2" type="stmt"/>
        <line num="156" count="2" type="cond" truecount="3" falsecount="0"/>
        <line num="157" count="1" type="stmt"/>
        <line num="163" count="1" type="cond" truecount="0" falsecount="1"/>
        <line num="164" count="0" type="stmt"/>
        <line num="167" count="1" type="stmt"/>
        <line num="181" count="1" type="stmt"/>
        <line num="185" count="2" type="stmt"/>
        <line num="189" count="2" type="cond" truecount="0" falsecount="1"/>
        <line num="190" count="0" type="stmt"/>
        <line num="196" count="2" type="stmt"/>
        <line num="199" count="2" type="cond" truecount="1" falsecount="0"/>
        <line num="200" count="1" type="stmt"/>
        <line num="205" count="1" type="stmt"/>
        <line num="207" count="1" type="cond" truecount="2" falsecount="0"/>
        <line num="211" count="2" type="stmt"/>
        <line num="212" count="2" type="stmt"/>
        <line num="214" count="2" type="cond" truecount="1" falsecount="0"/>
        <line num="215" count="1" type="cond" truecount="3" falsecount="1"/>
        <line num="216" count="1" type="stmt"/>
      </file>
    </package>
    <package name="briefs.dto">
      <metrics statements="13" coveredstatements="13" conditionals="0" coveredconditionals="0" methods="0" coveredmethods="0"/>
      <file name="create-brief.dto.ts" path="C:\Amorim\Projetos\BriefAI\api\src\briefs\dto\create-brief.dto.ts">
        <metrics statements="6" coveredstatements="6" conditionals="0" coveredconditionals="0" methods="0" coveredmethods="0"/>
        <line num="1" count="1" type="stmt"/>
        <line num="2" count="1" type="stmt"/>
        <line num="4" count="1" type="stmt"/>
        <line num="8" count="1" type="stmt"/>
        <line num="17" count="1" type="stmt"/>
        <line num="29" count="1" type="stmt"/>
      </file>
      <file name="update-brief.dto.ts" path="C:\Amorim\Projetos\BriefAI\api\src\briefs\dto\update-brief.dto.ts">
        <metrics statements="7" coveredstatements="7" conditionals="0" coveredconditionals="0" methods="0" coveredmethods="0"/>
        <line num="1" count="1" type="stmt"/>
        <line num="2" count="1" type="stmt"/>
        <line num="3" count="1" type="stmt"/>
        <line num="5" count="1" type="stmt"/>
        <line num="16" count="1" type="stmt"/>
        <line num="26" count="1" type="stmt"/>
        <line num="39" count="1" type="stmt"/>
      </file>
    </package>
    <package name="collaborations">
      <metrics statements="106" coveredstatements="91" conditionals="67" coveredconditionals="26" methods="18" coveredmethods="15"/>
      <file name="collaborations.controller.ts" path="C:\Amorim\Projetos\BriefAI\api\src\collaborations\collaborations.controller.ts">
        <metrics statements="28" coveredstatements="25" conditionals="0" coveredconditionals="0" methods="9" coveredmethods="6"/>
        <line num="1" count="1" type="stmt"/>
        <line num="11" count="1" type="stmt"/>
        <line num="12" count="1" type="stmt"/>
        <line num="13" count="1" type="stmt"/>
        <line num="14" count="1" type="stmt"/>
        <line num="15" count="1" type="stmt"/>
        <line num="16" count="1" type="stmt"/>
        <line num="17" count="1" type="stmt"/>
        <line num="18" count="1" type="stmt"/>
        <line num="20" count="1" type="stmt"/>
        <line num="26" count="1" type="stmt"/>
        <line num="27" count="2" type="stmt"/>
        <line num="34" count="1" type="stmt"/>
        <line num="41" count="1" type="stmt"/>
        <line num="53" count="1" type="stmt"/>
        <line num="59" count="1" type="stmt"/>
        <line num="71" count="1" type="stmt"/>
        <line num="78" count="0" type="stmt"/>
        <line num="91" count="1" type="stmt"/>
        <line num="97" count="0" type="stmt"/>
        <line num="110" count="1" type="stmt"/>
        <line num="111" count="2" type="stmt"/>
        <line num="117" count="1" type="stmt"/>
        <line num="124" count="1" type="stmt"/>
        <line num="136" count="1" type="stmt"/>
        <line num="142" count="1" type="stmt"/>
        <line num="154" count="1" type="stmt"/>
        <line num="160" count="0" type="stmt"/>
      </file>
      <file name="collaborations.service.ts" path="C:\Amorim\Projetos\BriefAI\api\src\collaborations\collaborations.service.ts">
        <metrics statements="78" coveredstatements="66" conditionals="67" coveredconditionals="26" methods="9" coveredmethods="9"/>
        <line num="1" count="2" type="stmt"/>
        <line num="2" count="2" type="stmt"/>
        <line num="3" count="2" type="stmt"/>
        <line num="4" count="2" type="stmt"/>
        <line num="10" count="2" type="stmt"/>
        <line num="12" count="13" type="stmt"/>
        <line num="13" count="13" type="stmt"/>
        <line num="24" count="2" type="stmt"/>
        <line num="29" count="2" type="cond" truecount="0" falsecount="1"/>
        <line num="30" count="0" type="stmt"/>
        <line num="36" count="2" type="stmt"/>
        <line num="37" count="2" type="stmt"/>
        <line num="41" count="2" type="cond" truecount="1" falsecount="2"/>
        <line num="42" count="0" type="stmt"/>
        <line num="48" count="2" type="stmt"/>
        <line num="52" count="2" type="cond" truecount="0" falsecount="1"/>
        <line num="53" count="0" type="stmt"/>
        <line num="59" count="2" type="stmt"/>
        <line num="63" count="2" type="cond" truecount="1" falsecount="0"/>
        <line num="64" count="1" type="stmt"/>
        <line num="69" count="1" type="stmt"/>
        <line num="80" count="1" type="stmt"/>
        <line num="90" count="2" type="stmt"/>
        <line num="94" count="2" type="cond" truecount="1" falsecount="0"/>
        <line num="95" count="1" type="stmt"/>
        <line num="101" count="1" type="stmt"/>
        <line num="103" count="1" type="stmt"/>
        <line num="119" count="1" type="stmt"/>
        <line num="124" count="1" type="cond" truecount="0" falsecount="1"/>
        <line num="125" count="0" type="stmt"/>
        <line num="130" count="1" type="cond" truecount="0" falsecount="1"/>
        <line num="131" count="0" type="stmt"/>
        <line num="137" count="1" type="stmt"/>
        <line num="138" count="1" type="stmt"/>
        <line num="142" count="1" type="cond" truecount="1" falsecount="2"/>
        <line num="143" count="0" type="stmt"/>
        <line num="148" count="1" type="stmt"/>
        <line num="163" count="1" type="stmt"/>
        <line num="168" count="1" type="cond" truecount="0" falsecount="1"/>
        <line num="169" count="0" type="stmt"/>
        <line num="174" count="1" type="cond" truecount="0" falsecount="1"/>
        <line num="175" count="0" type="stmt"/>
        <line num="181" count="1" type="stmt"/>
        <line num="182" count="1" type="stmt"/>
        <line num="183" count="1" type="stmt"/>
        <line num="187" count="1" type="cond" truecount="1" falsecount="3"/>
        <line num="188" count="0" type="stmt"/>
        <line num="193" count="1" type="stmt"/>
        <line num="195" count="1" type="cond" truecount="2" falsecount="0"/>
        <line num="207" count="2" type="stmt"/>
        <line num="209" count="1" type="stmt"/>
        <line num="220" count="1" type="stmt"/>
        <line num="230" count="1" type="stmt"/>
        <line num="232" count="1" type="stmt"/>
        <line num="247" count="4" type="stmt"/>
        <line num="252" count="4" type="cond" truecount="1" falsecount="0"/>
        <line num="253" count="1" type="stmt"/>
        <line num="258" count="3" type="cond" truecount="0" falsecount="1"/>
        <line num="259" count="0" type="stmt"/>
        <line num="265" count="3" type="stmt"/>
        <line num="266" count="3" type="stmt"/>
        <line num="270" count="3" type="cond" truecount="3" falsecount="0"/>
        <line num="271" count="1" type="stmt"/>
        <line num="276" count="2" type="stmt"/>
        <line num="278" count="2" type="cond" truecount="2" falsecount="0"/>
        <line num="288" count="4" type="stmt"/>
        <line num="292" count="4" type="cond" truecount="0" falsecount="1"/>
        <line num="293" count="0" type="stmt"/>
        <line num="299" count="4" type="cond" truecount="1" falsecount="0"/>
        <line num="302" count="2" type="stmt"/>
        <line num="305" count="2" type="cond" truecount="0" falsecount="1"/>
        <line num="308" count="2" type="stmt"/>
        <line num="312" count="2" type="cond" truecount="0" falsecount="1"/>
        <line num="313" count="0" type="stmt"/>
        <line num="319" count="2" type="cond" truecount="1" falsecount="0"/>
        <line num="320" count="2" type="stmt"/>
        <line num="326" count="2" type="cond" truecount="1" falsecount="0"/>
        <line num="327" count="1" type="stmt"/>
      </file>
    </package>
    <package name="collaborations.dto">
      <metrics statements="15" coveredstatements="15" conditionals="0" coveredconditionals="0" methods="0" coveredmethods="0"/>
      <file name="add-collaborator.dto.ts" path="C:\Amorim\Projetos\BriefAI\api\src\collaborations\dto\add-collaborator.dto.ts">
        <metrics statements="6" coveredstatements="6" conditionals="0" coveredconditionals="0" methods="0" coveredmethods="0"/>
        <line num="1" count="1" type="stmt"/>
        <line num="2" count="1" type="stmt"/>
        <line num="3" count="1" type="stmt"/>
        <line num="5" count="1" type="stmt"/>
        <line num="12" count="1" type="stmt"/>
        <line num="21" count="1" type="stmt"/>
      </file>
      <file name="create-comment.dto.ts" path="C:\Amorim\Projetos\BriefAI\api\src\collaborations\dto\create-comment.dto.ts">
        <metrics statements="4" coveredstatements="4" conditionals="0" coveredconditionals="0" methods="0" coveredmethods="0"/>
        <line num="1" count="1" type="stmt"/>
        <line num="2" count="1" type="stmt"/>
        <line num="4" count="1" type="stmt"/>
        <line num="11" count="1" type="stmt"/>
      </file>
      <file name="update-collaboration.dto.ts" path="C:\Amorim\Projetos\BriefAI\api\src\collaborations\dto\update-collaboration.dto.ts">
        <metrics statements="5" coveredstatements="5" conditionals="0" coveredconditionals="0" methods="0" coveredmethods="0"/>
        <line num="1" count="1" type="stmt"/>
        <line num="2" count="1" type="stmt"/>
        <line num="3" count="1" type="stmt"/>
        <line num="5" count="1" type="stmt"/>
        <line num="12" count="1" type="stmt"/>
      </file>
    </package>
    <package name="health">
      <metrics statements="4" coveredstatements="0" conditionals="0" coveredconditionals="0" methods="1" coveredmethods="0"/>
      <file name="health.controller.ts" path="C:\Amorim\Projetos\BriefAI\api\src\health\health.controller.ts">
        <metrics statements="4" coveredstatements="0" conditionals="0" coveredconditionals="0" methods="1" coveredmethods="0"/>
        <line num="1" count="0" type="stmt"/>
        <line num="4" count="0" type="stmt"/>
        <line num="6" count="0" type="stmt"/>
        <line num="7" count="0" type="stmt"/>
      </file>
    </package>
    <package name="prisma">
      <metrics statements="6" coveredstatements="3" conditionals="0" coveredconditionals="0" methods="3" coveredmethods="0"/>
      <file name="prisma.service.ts" path="C:\Amorim\Projetos\BriefAI\api\src\prisma\prisma.service.ts">
        <metrics statements="6" coveredstatements="3" conditionals="0" coveredconditionals="0" methods="3" coveredmethods="0"/>
        <line num="1" count="12" type="stmt"/>
        <line num="2" count="12" type="stmt"/>
        <line num="5" count="12" type="stmt"/>
        <line num="7" count="0" type="stmt"/>
        <line num="12" count="0" type="stmt"/>
        <line num="13" count="0" type="stmt"/>
      </file>
    </package>
    <package name="templates">
      <metrics statements="66" coveredstatements="61" conditionals="16" coveredconditionals="12" methods="16" coveredmethods="16"/>
      <file name="templates.controller.ts" path="C:\Amorim\Projetos\BriefAI\api\src\templates\templates.controller.ts">
        <metrics statements="26" coveredstatements="26" conditionals="0" coveredconditionals="0" methods="8" coveredmethods="8"/>
        <line num="1" count="1" type="stmt"/>
        <line num="2" count="1" type="stmt"/>
        <line num="3" count="1" type="stmt"/>
        <line num="4" count="1" type="stmt"/>
        <line num="5" count="1" type="stmt"/>
        <line num="6" count="1" type="stmt"/>
        <line num="7" count="1" type="stmt"/>
        <line num="8" count="1" type="stmt"/>
        <line num="9" count="1" type="stmt"/>
        <line num="11" count="1" type="stmt"/>
        <line num="17" count="1" type="stmt"/>
        <line num="18" count="1" type="stmt"/>
        <line num="23" count="1" type="stmt"/>
        <line num="24" count="1" type="stmt"/>
        <line num="31" count="1" type="stmt"/>
        <line num="32" count="1" type="stmt"/>
        <line num="39" count="1" type="stmt"/>
        <line num="40" count="1" type="stmt"/>
        <line num="48" count="1" type="stmt"/>
        <line num="49" count="1" type="stmt"/>
        <line num="56" count="1" type="stmt"/>
        <line num="57" count="1" type="stmt"/>
        <line num="64" count="1" type="stmt"/>
        <line num="65" count="1" type="stmt"/>
        <line num="71" count="1" type="stmt"/>
        <line num="72" count="1" type="stmt"/>
      </file>
      <file name="templates.service.ts" path="C:\Amorim\Projetos\BriefAI\api\src\templates\templates.service.ts">
        <metrics statements="40" coveredstatements="35" conditionals="16" coveredconditionals="12" methods="8" coveredmethods="8"/>
        <line num="1" count="2" type="stmt"/>
        <line num="2" count="2" type="stmt"/>
        <line num="3" count="2" type="stmt"/>
        <line num="4" count="2" type="stmt"/>
        <line num="9" count="2" type="stmt"/>
        <line num="13" count="1" type="stmt"/>
        <line num="14" count="1" type="stmt"/>
        <line num="16" count="1" type="stmt"/>
        <line num="20" count="1" type="stmt"/>
        <line num="48" count="7" type="stmt"/>
        <line num="74" count="7" type="cond" truecount="1" falsecount="0"/>
        <line num="75" count="1" type="stmt"/>
        <line num="76" count="1" type="stmt"/>
        <line num="79" count="6" type="stmt"/>
        <line num="84" count="2" type="stmt"/>
        <line num="85" count="2" type="stmt"/>
        <line num="87" count="1" type="stmt"/>
        <line num="90" count="1" type="stmt"/>
        <line num="112" count="2" type="stmt"/>
        <line num="114" count="2" type="cond" truecount="1" falsecount="0"/>
        <line num="115" count="1" type="stmt"/>
        <line num="116" count="1" type="stmt"/>
        <line num="120" count="1" type="cond" truecount="1" falsecount="0"/>
        <line num="121" count="1" type="stmt"/>
        <line num="122" count="1" type="stmt"/>
        <line num="124" count="0" type="stmt"/>
        <line num="128" count="1" type="stmt"/>
        <line num="138" count="1" type="stmt"/>
        <line num="158" count="1" type="stmt"/>
        <line num="160" count="1" type="cond" truecount="0" falsecount="1"/>
        <line num="161" count="0" type="stmt"/>
        <line num="162" count="0" type="stmt"/>
        <line num="165" count="1" type="stmt"/>
        <line num="172" count="1" type="stmt"/>
        <line num="174" count="1" type="cond" truecount="0" falsecount="1"/>
        <line num="175" count="0" type="stmt"/>
        <line num="176" count="0" type="stmt"/>
        <line num="179" count="1" type="stmt"/>
        <line num="183" count="1" type="stmt"/>
        <line num="185" count="1" type="stmt"/>
      </file>
    </package>
    <package name="templates.dto">
      <metrics statements="16" coveredstatements="16" conditionals="0" coveredconditionals="0" methods="0" coveredmethods="0"/>
      <file name="create-template.dto.ts" path="C:\Amorim\Projetos\BriefAI\api\src\templates\dto\create-template.dto.ts">
        <metrics statements="6" coveredstatements="6" conditionals="0" coveredconditionals="0" methods="0" coveredmethods="0"/>
        <line num="1" count="1" type="stmt"/>
        <line num="2" count="1" type="stmt"/>
        <line num="4" count="1" type="stmt"/>
        <line num="8" count="1" type="stmt"/>
        <line num="23" count="1" type="stmt"/>
        <line num="28" count="1" type="stmt"/>
      </file>
      <file name="publish-template.dto.ts" path="C:\Amorim\Projetos\BriefAI\api\src\templates\dto\publish-template.dto.ts">
        <metrics statements="4" coveredstatements="4" conditionals="0" coveredconditionals="0" methods="0" coveredmethods="0"/>
        <line num="1" count="1" type="stmt"/>
        <line num="2" count="1" type="stmt"/>
        <line num="4" count="1" type="stmt"/>
        <line num="7" count="1" type="stmt"/>
      </file>
      <file name="update-template.dto.ts" path="C:\Amorim\Projetos\BriefAI\api\src\templates\dto\update-template.dto.ts">
        <metrics statements="6" coveredstatements="6" conditionals="0" coveredconditionals="0" methods="0" coveredmethods="0"/>
        <line num="1" count="1" type="stmt"/>
        <line num="2" count="1" type="stmt"/>
        <line num="4" count="1" type="stmt"/>
        <line num="8" count="1" type="stmt"/>
        <line num="16" count="1" type="stmt"/>
        <line num="21" count="1" type="stmt"/>
      </file>
    </package>
    <package name="tenant">
      <metrics statements="33" coveredstatements="27" conditionals="14" coveredconditionals="9" methods="5" coveredmethods="4"/>
      <file name="tenant.decorator.ts" path="C:\Amorim\Projetos\BriefAI\api\src\tenant\tenant.decorator.ts">
        <metrics statements="4" coveredstatements="2" conditionals="0" coveredconditionals="0" methods="1" coveredmethods="0"/>
        <line num="1" count="4" type="stmt"/>
        <line num="3" count="4" type="stmt"/>
        <line num="5" count="0" type="stmt"/>
        <line num="6" count="0" type="stmt"/>
      </file>
      <file name="tenant.guard.ts" path="C:\Amorim\Projetos\BriefAI\api\src\tenant\tenant.guard.ts">
        <metrics statements="8" coveredstatements="8" conditionals="2" coveredconditionals="1" methods="1" coveredmethods="1"/>
        <line num="1" count="1" type="stmt"/>
        <line num="2" count="1" type="stmt"/>
        <line num="5" count="1" type="stmt"/>
        <line num="7" count="2" type="stmt"/>
        <line num="8" count="2" type="stmt"/>
        <line num="9" count="2" type="cond" truecount="0" falsecount="1"/>
        <line num="10" count="2" type="cond" truecount="1" falsecount="0"/>
        <line num="11" count="1" type="stmt"/>
      </file>
      <file name="tenant.middleware.ts" path="C:\Amorim\Projetos\BriefAI\api\src\tenant\tenant.middleware.ts">
        <metrics statements="21" coveredstatements="17" conditionals="12" coveredconditionals="8" methods="3" coveredmethods="3"/>
        <line num="1" count="1" type="stmt"/>
        <line num="2" count="1" type="stmt"/>
        <line num="6" count="1" type="stmt"/>
        <line num="7" count="2" type="stmt"/>
        <line num="11" count="2" type="cond" truecount="2" falsecount="0"/>
        <line num="13" count="2" type="cond" truecount="3" falsecount="0"/>
        <line num="17" count="2" type="cond" truecount="2" falsecount="0"/>
        <line num="19" count="2" type="cond" truecount="1" falsecount="0"/>
        <line num="20" count="1" type="cond" truecount="0" falsecount="1"/>
        <line num="21" count="0" type="stmt"/>
        <line num="23" count="1" type="stmt"/>
        <line num="26" count="1" type="stmt"/>
        <line num="27" count="1" type="cond" truecount="0" falsecount="1"/>
        <line num="28" count="0" type="cond" truecount="0" falsecount="1"/>
        <line num="29" count="0" type="stmt"/>
        <line num="31" count="0" type="stmt"/>
        <line num="34" count="1" type="stmt"/>
        <line num="35" count="1" type="stmt"/>
        <line num="41" count="1" type="stmt"/>
        <line num="42" count="1" type="cond" truecount="0" falsecount="1"/>
        <line num="43" count="1" type="stmt"/>
      </file>
    </package>
  </project>
</coverage>
