{"C:\\Amorim\\Projetos\\BriefAI\\api\\src\\ai\\ai.controller.ts": {"path":"C:\\Amorim\\Projetos\\BriefAI\\api\\src\\ai\\ai.controller.ts","statementMap":{"0":{"start":{"line":1,"column":0},"end":{"line":1,"column":74}},"1":{"start":{"line":2,"column":0},"end":{"line":2,"column":84}},"2":{"start":{"line":3,"column":0},"end":{"line":3,"column":41}},"3":{"start":{"line":4,"column":0},"end":{"line":4,"column":72}},"4":{"start":{"line":5,"column":0},"end":{"line":5,"column":54}},"5":{"start":{"line":6,"column":0},"end":{"line":6,"column":61}},"6":{"start":{"line":7,"column":0},"end":{"line":7,"column":52}},"7":{"start":{"line":8,"column":0},"end":{"line":8,"column":48}},"8":{"start":{"line":14,"column":7},"end":{"line":62,"column":null}},"9":{"start":{"line":15,"column":31},"end":{"line":15,"column":42}},"10":{"start":{"line":39,"column":4},"end":{"line":39,"column":81}},"11":{"start":{"line":60,"column":4},"end":{"line":60,"column":72}},"12":{"start":{"line":14,"column":13},"end":{"line":14,"column":25}},"13":{"start":{"line":33,"column":2},"end":{"line":40,"column":null}},"14":{"start":{"line":54,"column":2},"end":{"line":61,"column":null}},"15":{"start":{"line":14,"column":13},"end":{"line":62,"column":null}}},"fnMap":{"0":{"name":"(anonymous_4)","decl":{"start":{"line":15,"column":2},"end":{"line":15,"column":31}},"loc":{"start":{"line":15,"column":51},"end":{"line":15,"column":55}}},"1":{"name":"(anonymous_5)","decl":{"start":{"line":33,"column":2},"end":{"line":33,"column":21}},"loc":{"start":{"line":37,"column":29},"end":{"line":40,"column":3}}},"2":{"name":"(anonymous_6)","decl":{"start":{"line":54,"column":2},"end":{"line":54,"column":12}},"loc":{"start":{"line":58,"column":29},"end":{"line":61,"column":3}}}},"branchMap":{},"s":{"0":1,"1":1,"2":1,"3":1,"4":1,"5":1,"6":1,"7":1,"8":1,"9":2,"10":1,"11":1,"12":1,"13":1,"14":1,"15":1},"f":{"0":2,"1":1,"2":1},"b":{}}
,"C:\\Amorim\\Projetos\\BriefAI\\api\\src\\ai\\ai.service.ts": {"path":"C:\\Amorim\\Projetos\\BriefAI\\api\\src\\ai\\ai.service.ts","statementMap":{"0":{"start":{"line":1,"column":0},"end":{"line":1,"column":65}},"1":{"start":{"line":2,"column":0},"end":{"line":2,"column":47}},"2":{"start":{"line":3,"column":0},"end":{"line":3,"column":57}},"3":{"start":{"line":4,"column":0},"end":{"line":4,"column":42}},"4":{"start":{"line":5,"column":0},"end":{"line":5,"column":28}},"5":{"start":{"line":6,"column":0},"end":{"line":6,"column":45}},"6":{"start":{"line":11,"column":7},"end":{"line":227,"column":null}},"7":{"start":{"line":15,"column":21},"end":{"line":15,"column":29}},"8":{"start":{"line":16,"column":21},"end":{"line":16,"column":29}},"9":{"start":{"line":17,"column":21},"end":{"line":17,"column":27}},"10":{"start":{"line":19,"column":19},"end":{"line":19,"column":60}},"11":{"start":{"line":20,"column":4},"end":{"line":22,"column":5}},"12":{"start":{"line":21,"column":6},"end":{"line":21,"column":58}},"13":{"start":{"line":23,"column":4},"end":{"line":23,"column":41}},"14":{"start":{"line":33,"column":18},"end":{"line":36,"column":6}},"15":{"start":{"line":38,"column":4},"end":{"line":42,"column":5}},"16":{"start":{"line":39,"column":6},"end":{"line":41,"column":8}},"17":{"start":{"line":45,"column":26},"end":{"line":45,"column":46}},"18":{"start":{"line":46,"column":28},"end":{"line":46,"column":68}},"19":{"start":{"line":47,"column":24},"end":{"line":47,"column":60}},"20":{"start":{"line":50,"column":19},"end":{"line":54,"column":null}},"21":{"start":{"line":57,"column":4},"end":{"line":95,"column":5}},"22":{"start":{"line":58,"column":25},"end":{"line":69,"column":8}},"23":{"start":{"line":71,"column":22},"end":{"line":71,"column":67}},"24":{"start":{"line":72,"column":26},"end":{"line":72,"column":56}},"25":{"start":{"line":75,"column":6},"end":{"line":85,"column":8}},"26":{"start":{"line":87,"column":6},"end":{"line":87,"column":29}},"27":{"start":{"line":89,"column":6},"end":{"line":94,"column":8}},"28":{"start":{"line":105,"column":18},"end":{"line":107,"column":6}},"29":{"start":{"line":109,"column":4},"end":{"line":113,"column":5}},"30":{"start":{"line":110,"column":6},"end":{"line":112,"column":8}},"31":{"start":{"line":115,"column":19},"end":{"line":115,"column":75}},"32":{"start":{"line":117,"column":4},"end":{"line":149,"column":5}},"33":{"start":{"line":118,"column":25},"end":{"line":129,"column":8}},"34":{"start":{"line":131,"column":26},"end":{"line":131,"column":85}},"35":{"start":{"line":134,"column":6},"end":{"line":139,"column":9}},"36":{"start":{"line":141,"column":6},"end":{"line":141,"column":29}},"37":{"start":{"line":143,"column":6},"end":{"line":148,"column":8}},"38":{"start":{"line":158,"column":17},"end":{"line":158,"column":73}},"39":{"start":{"line":159,"column":4},"end":{"line":159,"column":70}},"40":{"start":{"line":161,"column":4},"end":{"line":169,"column":5}},"41":{"start":{"line":162,"column":6},"end":{"line":162,"column":47}},"42":{"start":{"line":163,"column":6},"end":{"line":167,"column":7}},"43":{"start":{"line":164,"column":8},"end":{"line":166,"column":9}},"44":{"start":{"line":165,"column":10},"end":{"line":165,"column":43}},"45":{"start":{"line":168,"column":6},"end":{"line":168,"column":21}},"46":{"start":{"line":171,"column":4},"end":{"line":173,"column":5}},"47":{"start":{"line":172,"column":6},"end":{"line":172,"column":73}},"48":{"start":{"line":175,"column":4},"end":{"line":175,"column":131}},"49":{"start":{"line":177,"column":4},"end":{"line":177,"column":18}},"50":{"start":{"line":181,"column":25},"end":{"line":186,"column":6}},"51":{"start":{"line":188,"column":4},"end":{"line":188,"column":123}},"52":{"start":{"line":193,"column":18},"end":{"line":193,"column":65}},"53":{"start":{"line":193,"column":53},"end":{"line":193,"column":64}},"54":{"start":{"line":194,"column":34},"end":{"line":194,"column":36}},"55":{"start":{"line":196,"column":4},"end":{"line":202,"column":5}},"56":{"start":{"line":198,"column":22},"end":{"line":198,"column":66}},"57":{"start":{"line":199,"column":6},"end":{"line":201,"column":7}},"58":{"start":{"line":200,"column":8},"end":{"line":200,"column":34}},"59":{"start":{"line":204,"column":4},"end":{"line":204,"column":35}},"60":{"start":{"line":213,"column":4},"end":{"line":225,"column":5}},"61":{"start":{"line":214,"column":6},"end":{"line":221,"column":9}},"62":{"start":{"line":224,"column":6},"end":{"line":224,"column":54}},"63":{"start":{"line":11,"column":13},"end":{"line":11,"column":22}},"64":{"start":{"line":11,"column":13},"end":{"line":227,"column":null}}},"fnMap":{"0":{"name":"(anonymous_2)","decl":{"start":{"line":14,"column":2},"end":{"line":14,"column":null}},"loc":{"start":{"line":17,"column":38},"end":{"line":24,"column":3}}},"1":{"name":"(anonymous_3)","decl":{"start":{"line":26,"column":2},"end":{"line":26,"column":7}},"loc":{"start":{"line":30,"column":17},"end":{"line":96,"column":3}}},"2":{"name":"(anonymous_4)","decl":{"start":{"line":98,"column":2},"end":{"line":98,"column":7}},"loc":{"start":{"line":102,"column":17},"end":{"line":150,"column":3}}},"3":{"name":"(anonymous_5)","decl":{"start":{"line":152,"column":10},"end":{"line":152,"column":32}},"loc":{"start":{"line":156,"column":35},"end":{"line":178,"column":3}}},"4":{"name":"(anonymous_6)","decl":{"start":{"line":180,"column":10},"end":{"line":180,"column":31}},"loc":{"start":{"line":180,"column":68},"end":{"line":189,"column":3}}},"5":{"name":"(anonymous_7)","decl":{"start":{"line":191,"column":10},"end":{"line":191,"column":26}},"loc":{"start":{"line":191,"column":42},"end":{"line":205,"column":3}}},"6":{"name":"(anonymous_8)","decl":{"start":{"line":193,"column":45},"end":{"line":193,"column":49}},"loc":{"start":{"line":193,"column":53},"end":{"line":193,"column":64}}},"7":{"name":"(anonymous_9)","decl":{"start":{"line":207,"column":10},"end":{"line":207,"column":15}},"loc":{"start":{"line":211,"column":16},"end":{"line":226,"column":3}}}},"branchMap":{"0":{"loc":{"start":{"line":20,"column":4},"end":{"line":22,"column":5}},"type":"if","locations":[{"start":{"line":20,"column":4},"end":{"line":22,"column":5}}]},"1":{"loc":{"start":{"line":38,"column":4},"end":{"line":42,"column":5}},"type":"if","locations":[{"start":{"line":38,"column":4},"end":{"line":42,"column":5}}]},"2":{"loc":{"start":{"line":40,"column":56},"end":{"line":40,"column":68}},"type":"binary-expr","locations":[{"start":{"line":40,"column":56},"end":{"line":40,"column":60}},{"start":{"line":40,"column":64},"end":{"line":40,"column":68}}]},"3":{"loc":{"start":{"line":47,"column":24},"end":{"line":47,"column":60}},"type":"binary-expr","locations":[{"start":{"line":47,"column":24},"end":{"line":47,"column":35}},{"start":{"line":47,"column":39},"end":{"line":47,"column":54}},{"start":{"line":47,"column":58},"end":{"line":47,"column":60}}]},"4":{"loc":{"start":{"line":71,"column":22},"end":{"line":71,"column":67}},"type":"binary-expr","locations":[{"start":{"line":71,"column":22},"end":{"line":71,"column":61}},{"start":{"line":71,"column":65},"end":{"line":71,"column":67}}]},"5":{"loc":{"start":{"line":71,"column":22},"end":{"line":71,"column":61}},"type":"cond-expr","locations":[{"start":{"line":71,"column":52},"end":{"line":71,"column":54}},{"start":{"line":71,"column":52},"end":{"line":71,"column":61}}]},"6":{"loc":{"start":{"line":71,"column":22},"end":{"line":71,"column":54}},"type":"binary-expr","locations":[{"start":{"line":71,"column":22},"end":{"line":71,"column":54}},{"start":{"line":71,"column":52},"end":{"line":71,"column":54}}]},"7":{"loc":{"start":{"line":71,"column":22},"end":{"line":71,"column":52}},"type":"cond-expr","locations":[{"start":{"line":71,"column":43},"end":{"line":71,"column":45}},{"start":{"line":71,"column":43},"end":{"line":71,"column":52}}]},"8":{"loc":{"start":{"line":71,"column":22},"end":{"line":71,"column":45}},"type":"binary-expr","locations":[{"start":{"line":71,"column":22},"end":{"line":71,"column":45}},{"start":{"line":71,"column":43},"end":{"line":71,"column":45}}]},"9":{"loc":{"start":{"line":83,"column":22},"end":{"line":83,"column":52}},"type":"cond-expr","locations":[{"start":{"line":83,"column":38},"end":{"line":83,"column":40}},{"start":{"line":83,"column":38},"end":{"line":83,"column":52}}]},"10":{"loc":{"start":{"line":83,"column":22},"end":{"line":83,"column":40}},"type":"binary-expr","locations":[{"start":{"line":83,"column":22},"end":{"line":83,"column":40}},{"start":{"line":83,"column":38},"end":{"line":83,"column":40}}]},"11":{"loc":{"start":{"line":91,"column":16},"end":{"line":91,"column":28}},"type":"binary-expr","locations":[{"start":{"line":91,"column":16},"end":{"line":91,"column":20}},{"start":{"line":91,"column":24},"end":{"line":91,"column":28}}]},"12":{"loc":{"start":{"line":109,"column":4},"end":{"line":113,"column":5}},"type":"if","locations":[{"start":{"line":109,"column":4},"end":{"line":113,"column":5}}]},"13":{"loc":{"start":{"line":111,"column":56},"end":{"line":111,"column":68}},"type":"binary-expr","locations":[{"start":{"line":111,"column":56},"end":{"line":111,"column":60}},{"start":{"line":111,"column":64},"end":{"line":111,"column":68}}]},"14":{"loc":{"start":{"line":131,"column":26},"end":{"line":131,"column":85}},"type":"binary-expr","locations":[{"start":{"line":131,"column":26},"end":{"line":131,"column":73}},{"start":{"line":131,"column":77},"end":{"line":131,"column":85}}]},"15":{"loc":{"start":{"line":131,"column":26},"end":{"line":131,"column":73}},"type":"cond-expr","locations":[{"start":{"line":131,"column":65},"end":{"line":131,"column":67}},{"start":{"line":131,"column":65},"end":{"line":131,"column":73}}]},"16":{"loc":{"start":{"line":131,"column":26},"end":{"line":131,"column":67}},"type":"binary-expr","locations":[{"start":{"line":131,"column":26},"end":{"line":131,"column":67}},{"start":{"line":131,"column":65},"end":{"line":131,"column":67}}]},"17":{"loc":{"start":{"line":131,"column":26},"end":{"line":131,"column":65}},"type":"cond-expr","locations":[{"start":{"line":131,"column":56},"end":{"line":131,"column":58}},{"start":{"line":131,"column":56},"end":{"line":131,"column":65}}]},"18":{"loc":{"start":{"line":131,"column":26},"end":{"line":131,"column":58}},"type":"binary-expr","locations":[{"start":{"line":131,"column":26},"end":{"line":131,"column":58}},{"start":{"line":131,"column":56},"end":{"line":131,"column":58}}]},"19":{"loc":{"start":{"line":131,"column":26},"end":{"line":131,"column":56}},"type":"cond-expr","locations":[{"start":{"line":131,"column":47},"end":{"line":131,"column":49}},{"start":{"line":131,"column":47},"end":{"line":131,"column":56}}]},"20":{"loc":{"start":{"line":131,"column":26},"end":{"line":131,"column":49}},"type":"binary-expr","locations":[{"start":{"line":131,"column":26},"end":{"line":131,"column":49}},{"start":{"line":131,"column":47},"end":{"line":131,"column":49}}]},"21":{"loc":{"start":{"line":138,"column":20},"end":{"line":138,"column":50}},"type":"cond-expr","locations":[{"start":{"line":138,"column":36},"end":{"line":138,"column":38}},{"start":{"line":138,"column":36},"end":{"line":138,"column":50}}]},"22":{"loc":{"start":{"line":138,"column":20},"end":{"line":138,"column":38}},"type":"binary-expr","locations":[{"start":{"line":138,"column":20},"end":{"line":138,"column":38}},{"start":{"line":138,"column":36},"end":{"line":138,"column":38}}]},"23":{"loc":{"start":{"line":145,"column":16},"end":{"line":145,"column":28}},"type":"binary-expr","locations":[{"start":{"line":145,"column":16},"end":{"line":145,"column":20}},{"start":{"line":145,"column":24},"end":{"line":145,"column":28}}]},"24":{"loc":{"start":{"line":161,"column":4},"end":{"line":169,"column":5}},"type":"if","locations":[{"start":{"line":161,"column":4},"end":{"line":169,"column":5}}]},"25":{"loc":{"start":{"line":164,"column":8},"end":{"line":166,"column":9}},"type":"if","locations":[{"start":{"line":164,"column":8},"end":{"line":166,"column":9}}]},"26":{"loc":{"start":{"line":171,"column":4},"end":{"line":173,"column":5}},"type":"if","locations":[{"start":{"line":171,"column":4},"end":{"line":173,"column":5}}]},"27":{"loc":{"start":{"line":199,"column":6},"end":{"line":201,"column":7}},"type":"if","locations":[{"start":{"line":199,"column":6},"end":{"line":201,"column":7}}]}},"s":{"0":2,"1":2,"2":2,"3":2,"4":2,"5":2,"6":2,"7":5,"8":5,"9":5,"10":5,"11":5,"12":0,"13":5,"14":3,"15":3,"16":1,"17":2,"18":2,"19":2,"20":2,"21":2,"22":2,"23":1,"24":1,"25":1,"26":1,"27":1,"28":2,"29":2,"30":1,"31":1,"32":1,"33":1,"34":1,"35":1,"36":1,"37":0,"38":2,"39":2,"40":2,"41":0,"42":0,"43":0,"44":0,"45":0,"46":2,"47":0,"48":2,"49":2,"50":1,"51":1,"52":1,"53":3,"54":1,"55":1,"56":3,"57":3,"58":3,"59":1,"60":2,"61":2,"62":0,"63":2,"64":2},"f":{"0":5,"1":3,"2":2,"3":2,"4":1,"5":1,"6":3,"7":2},"b":{"0":[0],"1":[1],"2":[1,1],"3":[2,1,0],"4":[1,0],"5":[0,1],"6":[1,1],"7":[0,1],"8":[1,1],"9":[0,1],"10":[1,1],"11":[1,1],"12":[1],"13":[1,1],"14":[1,0],"15":[0,1],"16":[1,1],"17":[0,1],"18":[1,1],"19":[0,1],"20":[1,1],"21":[0,1],"22":[1,1],"23":[0,0],"24":[0],"25":[0],"26":[0],"27":[3]}}
,"C:\\Amorim\\Projetos\\BriefAI\\api\\src\\ai\\dto\\generate-suggestions.dto.ts": {"path":"C:\\Amorim\\Projetos\\BriefAI\\api\\src\\ai\\dto\\generate-suggestions.dto.ts","statementMap":{"0":{"start":{"line":1,"column":0},"end":{"line":1,"column":77}},"1":{"start":{"line":2,"column":0},"end":{"line":2,"column":46}},"2":{"start":{"line":4,"column":0},"end":{"line":4,"column":13}},"3":{"start":{"line":11,"column":2},"end":{"line":11,"column":null}},"4":{"start":{"line":20,"column":2},"end":{"line":20,"column":null}},"5":{"start":{"line":29,"column":2},"end":{"line":29,"column":null}}},"fnMap":{},"branchMap":{},"s":{"0":1,"1":1,"2":1,"3":1,"4":1,"5":1},"f":{},"b":{}}
,"C:\\Amorim\\Projetos\\BriefAI\\api\\src\\ai\\dto\\refine-text.dto.ts": {"path":"C:\\Amorim\\Projetos\\BriefAI\\api\\src\\ai\\dto\\refine-text.dto.ts","statementMap":{"0":{"start":{"line":1,"column":0},"end":{"line":1,"column":55}},"1":{"start":{"line":2,"column":0},"end":{"line":2,"column":46}},"2":{"start":{"line":4,"column":0},"end":{"line":4,"column":13}},"3":{"start":{"line":11,"column":2},"end":{"line":11,"column":null}},"4":{"start":{"line":20,"column":2},"end":{"line":20,"column":null}}},"fnMap":{},"branchMap":{},"s":{"0":1,"1":1,"2":1,"3":1,"4":1},"f":{},"b":{}}
,"C:\\Amorim\\Projetos\\BriefAI\\api\\src\\auth\\auth.controller.ts": {"path":"C:\\Amorim\\Projetos\\BriefAI\\api\\src\\auth\\auth.controller.ts","statementMap":{"0":{"start":{"line":1,"column":0},"end":{"line":1,"column":77}},"1":{"start":{"line":3,"column":0},"end":{"line":3,"column":42}},"2":{"start":{"line":4,"column":0},"end":{"line":4,"column":45}},"3":{"start":{"line":5,"column":0},"end":{"line":5,"column":43}},"4":{"start":{"line":6,"column":0},"end":{"line":6,"column":49}},"5":{"start":{"line":8,"column":0},"end":{"line":8,"column":66}},"6":{"start":{"line":9,"column":0},"end":{"line":9,"column":55}},"7":{"start":{"line":10,"column":0},"end":{"line":10,"column":53}},"8":{"start":{"line":11,"column":0},"end":{"line":11,"column":50}},"9":{"start":{"line":15,"column":7},"end":{"line":45,"column":null}},"10":{"start":{"line":16,"column":31},"end":{"line":16,"column":44}},"11":{"start":{"line":20,"column":19},"end":{"line":20,"column":46}},"12":{"start":{"line":21,"column":4},"end":{"line":21,"column":47}},"13":{"start":{"line":29,"column":19},"end":{"line":29,"column":46}},"14":{"start":{"line":30,"column":4},"end":{"line":30,"column":50}},"15":{"start":{"line":36,"column":4},"end":{"line":36,"column":16}},"16":{"start":{"line":43,"column":4},"end":{"line":43,"column":29}},"17":{"start":{"line":15,"column":13},"end":{"line":15,"column":27}},"18":{"start":{"line":19,"column":8},"end":{"line":22,"column":null}},"19":{"start":{"line":25,"column":8},"end":{"line":31,"column":null}},"20":{"start":{"line":35,"column":2},"end":{"line":37,"column":null}},"21":{"start":{"line":42,"column":2},"end":{"line":44,"column":null}},"22":{"start":{"line":15,"column":13},"end":{"line":45,"column":null}}},"fnMap":{"0":{"name":"(anonymous_4)","decl":{"start":{"line":16,"column":2},"end":{"line":16,"column":31}},"loc":{"start":{"line":16,"column":55},"end":{"line":16,"column":59}}},"1":{"name":"(anonymous_5)","decl":{"start":{"line":19,"column":2},"end":{"line":19,"column":7}},"loc":{"start":{"line":19,"column":56},"end":{"line":22,"column":3}}},"2":{"name":"(anonymous_6)","decl":{"start":{"line":25,"column":2},"end":{"line":25,"column":7}},"loc":{"start":{"line":27,"column":23},"end":{"line":31,"column":3}}},"3":{"name":"(anonymous_7)","decl":{"start":{"line":35,"column":2},"end":{"line":35,"column":4}},"loc":{"start":{"line":35,"column":46},"end":{"line":37,"column":3}}},"4":{"name":"(anonymous_8)","decl":{"start":{"line":42,"column":2},"end":{"line":42,"column":16}},"loc":{"start":{"line":42,"column":16},"end":{"line":44,"column":3}}}},"branchMap":{"0":{"loc":{"start":{"line":20,"column":19},"end":{"line":20,"column":46}},"type":"cond-expr","locations":[{"start":{"line":20,"column":38},"end":{"line":20,"column":42}},{"start":{"line":20,"column":42},"end":{"line":20,"column":46}}]},"1":{"loc":{"start":{"line":20,"column":19},"end":{"line":20,"column":42}},"type":"binary-expr","locations":[{"start":{"line":20,"column":19},"end":{"line":20,"column":42}},{"start":{"line":20,"column":38},"end":{"line":20,"column":42}}]},"2":{"loc":{"start":{"line":29,"column":19},"end":{"line":29,"column":46}},"type":"cond-expr","locations":[{"start":{"line":29,"column":38},"end":{"line":29,"column":42}},{"start":{"line":29,"column":42},"end":{"line":29,"column":46}}]},"3":{"loc":{"start":{"line":29,"column":19},"end":{"line":29,"column":42}},"type":"binary-expr","locations":[{"start":{"line":29,"column":19},"end":{"line":29,"column":42}},{"start":{"line":29,"column":38},"end":{"line":29,"column":42}}]}},"s":{"0":1,"1":1,"2":1,"3":1,"4":1,"5":1,"6":1,"7":1,"8":1,"9":1,"10":1,"11":1,"12":1,"13":1,"14":1,"15":1,"16":1,"17":1,"18":1,"19":1,"20":1,"21":1,"22":1},"f":{"0":1,"1":1,"2":1,"3":1,"4":1},"b":{"0":[1,0],"1":[1,1],"2":[1,0],"3":[1,1]}}
,"C:\\Amorim\\Projetos\\BriefAI\\api\\src\\auth\\auth.service.ts": {"path":"C:\\Amorim\\Projetos\\BriefAI\\api\\src\\auth\\auth.service.ts","statementMap":{"0":{"start":{"line":1,"column":0},"end":{"line":1,"column":null}},"1":{"start":{"line":8,"column":0},"end":{"line":8,"column":41}},"2":{"start":{"line":9,"column":0},"end":{"line":9,"column":null}},"3":{"start":{"line":16,"column":0},"end":{"line":16,"column":33}},"4":{"start":{"line":17,"column":0},"end":{"line":17,"column":57}},"5":{"start":{"line":25,"column":7},"end":{"line":203,"column":null}},"6":{"start":{"line":27,"column":21},"end":{"line":27,"column":29}},"7":{"start":{"line":28,"column":21},"end":{"line":28,"column":33}},"8":{"start":{"line":35,"column":19},"end":{"line":35,"column":86}},"9":{"start":{"line":36,"column":33},"end":{"line":39,"column":null}},"10":{"start":{"line":42,"column":4},"end":{"line":42,"column":60}},"11":{"start":{"line":49,"column":23},"end":{"line":49,"column":50}},"12":{"start":{"line":50,"column":4},"end":{"line":54,"column":5}},"13":{"start":{"line":51,"column":6},"end":{"line":53,"column":8}},"14":{"start":{"line":56,"column":19},"end":{"line":56,"column":86}},"15":{"start":{"line":57,"column":4},"end":{"line":59,"column":5}},"16":{"start":{"line":58,"column":6},"end":{"line":58,"column":73}},"17":{"start":{"line":61,"column":25},"end":{"line":63,"column":6}},"18":{"start":{"line":64,"column":4},"end":{"line":66,"column":5}},"19":{"start":{"line":65,"column":6},"end":{"line":65,"column":60}},"20":{"start":{"line":68,"column":25},"end":{"line":68,"column":60}},"21":{"start":{"line":70,"column":17},"end":{"line":78,"column":6}},"22":{"start":{"line":80,"column":27},"end":{"line":80,"column":61}},"23":{"start":{"line":81,"column":23},"end":{"line":87,"column":6}},"24":{"start":{"line":89,"column":4},"end":{"line":89,"column":60}},"25":{"start":{"line":96,"column":4},"end":{"line":98,"column":5}},"26":{"start":{"line":97,"column":6},"end":{"line":97,"column":31}},"27":{"start":{"line":100,"column":4},"end":{"line":102,"column":5}},"28":{"start":{"line":101,"column":6},"end":{"line":101,"column":18}},"29":{"start":{"line":104,"column":19},"end":{"line":106,"column":6}},"30":{"start":{"line":107,"column":4},"end":{"line":109,"column":5}},"31":{"start":{"line":108,"column":6},"end":{"line":108,"column":62}},"32":{"start":{"line":111,"column":4},"end":{"line":111,"column":18}},"33":{"start":{"line":115,"column":4},"end":{"line":124,"column":5}},"34":{"start":{"line":117,"column":8},"end":{"line":117,"column":43}},"35":{"start":{"line":119,"column":8},"end":{"line":119,"column":40}},"36":{"start":{"line":121,"column":8},"end":{"line":121,"column":37}},"37":{"start":{"line":123,"column":8},"end":{"line":123,"column":76}},"38":{"start":{"line":135,"column":17},"end":{"line":138,"column":6}},"39":{"start":{"line":140,"column":4},"end":{"line":142,"column":5}},"40":{"start":{"line":141,"column":6},"end":{"line":141,"column":64}},"41":{"start":{"line":144,"column":26},"end":{"line":144,"column":75}},"42":{"start":{"line":145,"column":4},"end":{"line":147,"column":5}},"43":{"start":{"line":146,"column":6},"end":{"line":146,"column":64}},"44":{"start":{"line":149,"column":4},"end":{"line":154,"column":5}},"45":{"start":{"line":150,"column":6},"end":{"line":152,"column":7}},"46":{"start":{"line":151,"column":8},"end":{"line":151,"column":42}},"47":{"start":{"line":153,"column":6},"end":{"line":153,"column":76}},"48":{"start":{"line":156,"column":4},"end":{"line":158,"column":5}},"49":{"start":{"line":157,"column":6},"end":{"line":157,"column":40}},"50":{"start":{"line":160,"column":23},"end":{"line":161,"column":null}},"51":{"start":{"line":161,"column":18},"end":{"line":161,"column":47}},"52":{"start":{"line":164,"column":4},"end":{"line":166,"column":5}},"53":{"start":{"line":165,"column":6},"end":{"line":165,"column":74}},"54":{"start":{"line":168,"column":4},"end":{"line":168,"column":32}},"55":{"start":{"line":176,"column":32},"end":{"line":183,"column":6}},"56":{"start":{"line":185,"column":24},"end":{"line":185,"column":53}},"57":{"start":{"line":187,"column":31},"end":{"line":196,"column":6}},"58":{"start":{"line":198,"column":4},"end":{"line":201,"column":6}},"59":{"start":{"line":25,"column":13},"end":{"line":25,"column":24}},"60":{"start":{"line":25,"column":13},"end":{"line":203,"column":null}}},"fnMap":{"0":{"name":"(anonymous_2)","decl":{"start":{"line":26,"column":2},"end":{"line":26,"column":null}},"loc":{"start":{"line":28,"column":43},"end":{"line":29,"column":6}}},"1":{"name":"(anonymous_3)","decl":{"start":{"line":31,"column":2},"end":{"line":31,"column":7}},"loc":{"start":{"line":33,"column":37},"end":{"line":43,"column":3}}},"2":{"name":"(anonymous_4)","decl":{"start":{"line":45,"column":2},"end":{"line":45,"column":7}},"loc":{"start":{"line":47,"column":37},"end":{"line":90,"column":3}}},"3":{"name":"(anonymous_5)","decl":{"start":{"line":92,"column":10},"end":{"line":92,"column":15}},"loc":{"start":{"line":94,"column":23},"end":{"line":112,"column":3}}},"4":{"name":"(anonymous_6)","decl":{"start":{"line":114,"column":10},"end":{"line":114,"column":27}},"loc":{"start":{"line":114,"column":42},"end":{"line":125,"column":3}}},"5":{"name":"(anonymous_7)","decl":{"start":{"line":127,"column":10},"end":{"line":127,"column":15}},"loc":{"start":{"line":130,"column":25},"end":{"line":169,"column":3}}},"6":{"name":"(anonymous_8)","decl":{"start":{"line":161,"column":6},"end":{"line":161,"column":7}},"loc":{"start":{"line":161,"column":18},"end":{"line":161,"column":47}}},"7":{"name":"(anonymous_9)","decl":{"start":{"line":171,"column":10},"end":{"line":171,"column":27}},"loc":{"start":{"line":174,"column":33},"end":{"line":202,"column":3}}}},"branchMap":{"0":{"loc":{"start":{"line":35,"column":44},"end":{"line":35,"column":69}},"type":"cond-expr","locations":[{"start":{"line":35,"column":44},"end":{"line":35,"column":61}},{"start":{"line":35,"column":65},"end":{"line":35,"column":69}}]},"1":{"loc":{"start":{"line":35,"column":44},"end":{"line":35,"column":65}},"type":"binary-expr","locations":[{"start":{"line":35,"column":44},"end":{"line":35,"column":65}},{"start":{"line":35,"column":44},"end":{"line":35,"column":65}}]},"2":{"loc":{"start":{"line":49,"column":23},"end":{"line":49,"column":50}},"type":"cond-expr","locations":[{"start":{"line":49,"column":31},"end":{"line":49,"column":35}},{"start":{"line":49,"column":35},"end":{"line":49,"column":50}}]},"3":{"loc":{"start":{"line":49,"column":23},"end":{"line":49,"column":35}},"type":"binary-expr","locations":[{"start":{"line":49,"column":23},"end":{"line":49,"column":35}},{"start":{"line":49,"column":31},"end":{"line":49,"column":35}}]},"4":{"loc":{"start":{"line":50,"column":4},"end":{"line":54,"column":5}},"type":"if","locations":[{"start":{"line":50,"column":4},"end":{"line":54,"column":5}}]},"5":{"loc":{"start":{"line":56,"column":44},"end":{"line":56,"column":69}},"type":"cond-expr","locations":[{"start":{"line":56,"column":44},"end":{"line":56,"column":61}},{"start":{"line":56,"column":65},"end":{"line":56,"column":69}}]},"6":{"loc":{"start":{"line":56,"column":44},"end":{"line":56,"column":65}},"type":"binary-expr","locations":[{"start":{"line":56,"column":44},"end":{"line":56,"column":65}},{"start":{"line":56,"column":44},"end":{"line":56,"column":65}}]},"7":{"loc":{"start":{"line":57,"column":4},"end":{"line":59,"column":5}},"type":"if","locations":[{"start":{"line":57,"column":4},"end":{"line":59,"column":5}}]},"8":{"loc":{"start":{"line":64,"column":4},"end":{"line":66,"column":5}},"type":"if","locations":[{"start":{"line":64,"column":4},"end":{"line":66,"column":5}}]},"9":{"loc":{"start":{"line":76,"column":16},"end":{"line":76,"column":37}},"type":"cond-expr","locations":[{"start":{"line":76,"column":26},"end":{"line":76,"column":30}},{"start":{"line":76,"column":30},"end":{"line":76,"column":37}}]},"10":{"loc":{"start":{"line":76,"column":16},"end":{"line":76,"column":30}},"type":"binary-expr","locations":[{"start":{"line":76,"column":16},"end":{"line":76,"column":30}},{"start":{"line":76,"column":26},"end":{"line":76,"column":30}}]},"11":{"loc":{"start":{"line":96,"column":4},"end":{"line":98,"column":5}},"type":"if","locations":[{"start":{"line":96,"column":4},"end":{"line":98,"column":5}}]},"12":{"loc":{"start":{"line":100,"column":4},"end":{"line":102,"column":5}},"type":"if","locations":[{"start":{"line":100,"column":4},"end":{"line":102,"column":5}}]},"13":{"loc":{"start":{"line":107,"column":4},"end":{"line":109,"column":5}},"type":"if","locations":[{"start":{"line":107,"column":4},"end":{"line":109,"column":5}}]},"14":{"loc":{"start":{"line":115,"column":4},"end":{"line":124,"column":5}},"type":"switch","locations":[{"start":{"line":116,"column":6},"end":{"line":117,"column":43}},{"start":{"line":118,"column":6},"end":{"line":119,"column":40}},{"start":{"line":120,"column":6},"end":{"line":121,"column":37}},{"start":{"line":122,"column":6},"end":{"line":123,"column":76}}]},"15":{"loc":{"start":{"line":140,"column":4},"end":{"line":142,"column":5}},"type":"if","locations":[{"start":{"line":140,"column":4},"end":{"line":142,"column":5}}]},"16":{"loc":{"start":{"line":145,"column":4},"end":{"line":147,"column":5}},"type":"if","locations":[{"start":{"line":145,"column":4},"end":{"line":147,"column":5}}]},"17":{"loc":{"start":{"line":149,"column":4},"end":{"line":154,"column":5}},"type":"if","locations":[{"start":{"line":149,"column":4},"end":{"line":154,"column":5}}]},"18":{"loc":{"start":{"line":150,"column":6},"end":{"line":152,"column":7}},"type":"if","locations":[{"start":{"line":150,"column":6},"end":{"line":152,"column":7}}]},"19":{"loc":{"start":{"line":156,"column":4},"end":{"line":158,"column":5}},"type":"if","locations":[{"start":{"line":156,"column":4},"end":{"line":158,"column":5}}]},"20":{"loc":{"start":{"line":164,"column":4},"end":{"line":166,"column":5}},"type":"if","locations":[{"start":{"line":164,"column":4},"end":{"line":166,"column":5}}]},"21":{"loc":{"start":{"line":180,"column":16},"end":{"line":180,"column":34}},"type":"cond-expr","locations":[{"start":{"line":180,"column":26},"end":{"line":180,"column":30}},{"start":{"line":180,"column":30},"end":{"line":180,"column":34}}]},"22":{"loc":{"start":{"line":180,"column":16},"end":{"line":180,"column":30}},"type":"binary-expr","locations":[{"start":{"line":180,"column":16},"end":{"line":180,"column":30}},{"start":{"line":180,"column":26},"end":{"line":180,"column":30}}]},"23":{"loc":{"start":{"line":180,"column":16},"end":{"line":180,"column":26}},"type":"cond-expr","locations":[{"start":{"line":180,"column":22},"end":{"line":180,"column":24}},{"start":{"line":180,"column":16},"end":{"line":180,"column":26}}]},"24":{"loc":{"start":{"line":180,"column":16},"end":{"line":180,"column":24}},"type":"binary-expr","locations":[{"start":{"line":180,"column":16},"end":{"line":180,"column":24}},{"start":{"line":180,"column":16},"end":{"line":180,"column":24}}]},"25":{"loc":{"start":{"line":181,"column":18},"end":{"line":181,"column":38}},"type":"cond-expr","locations":[{"start":{"line":181,"column":30},"end":{"line":181,"column":34}},{"start":{"line":181,"column":34},"end":{"line":181,"column":38}}]},"26":{"loc":{"start":{"line":181,"column":18},"end":{"line":181,"column":34}},"type":"binary-expr","locations":[{"start":{"line":181,"column":18},"end":{"line":181,"column":34}},{"start":{"line":181,"column":30},"end":{"line":181,"column":34}}]},"27":{"loc":{"start":{"line":181,"column":18},"end":{"line":181,"column":30}},"type":"cond-expr","locations":[{"start":{"line":181,"column":24},"end":{"line":181,"column":26}},{"start":{"line":181,"column":18},"end":{"line":181,"column":30}}]},"28":{"loc":{"start":{"line":181,"column":18},"end":{"line":181,"column":26}},"type":"binary-expr","locations":[{"start":{"line":181,"column":18},"end":{"line":181,"column":26}},{"start":{"line":181,"column":18},"end":{"line":181,"column":26}}]},"29":{"loc":{"start":{"line":182,"column":22},"end":{"line":182,"column":46}},"type":"cond-expr","locations":[{"start":{"line":182,"column":38},"end":{"line":182,"column":42}},{"start":{"line":182,"column":42},"end":{"line":182,"column":46}}]},"30":{"loc":{"start":{"line":182,"column":22},"end":{"line":182,"column":42}},"type":"binary-expr","locations":[{"start":{"line":182,"column":22},"end":{"line":182,"column":42}},{"start":{"line":182,"column":38},"end":{"line":182,"column":42}}]},"31":{"loc":{"start":{"line":182,"column":22},"end":{"line":182,"column":38}},"type":"cond-expr","locations":[{"start":{"line":182,"column":32},"end":{"line":182,"column":34}},{"start":{"line":182,"column":22},"end":{"line":182,"column":38}}]},"32":{"loc":{"start":{"line":182,"column":22},"end":{"line":182,"column":34}},"type":"binary-expr","locations":[{"start":{"line":182,"column":22},"end":{"line":182,"column":34}},{"start":{"line":182,"column":22},"end":{"line":182,"column":34}}]},"33":{"loc":{"start":{"line":193,"column":16},"end":{"line":193,"column":34}},"type":"cond-expr","locations":[{"start":{"line":193,"column":26},"end":{"line":193,"column":30}},{"start":{"line":193,"column":30},"end":{"line":193,"column":34}}]},"34":{"loc":{"start":{"line":193,"column":16},"end":{"line":193,"column":30}},"type":"binary-expr","locations":[{"start":{"line":193,"column":16},"end":{"line":193,"column":30}},{"start":{"line":193,"column":26},"end":{"line":193,"column":30}}]},"35":{"loc":{"start":{"line":193,"column":16},"end":{"line":193,"column":26}},"type":"cond-expr","locations":[{"start":{"line":193,"column":22},"end":{"line":193,"column":24}},{"start":{"line":193,"column":16},"end":{"line":193,"column":26}}]},"36":{"loc":{"start":{"line":193,"column":16},"end":{"line":193,"column":24}},"type":"binary-expr","locations":[{"start":{"line":193,"column":16},"end":{"line":193,"column":24}},{"start":{"line":193,"column":16},"end":{"line":193,"column":24}}]},"37":{"loc":{"start":{"line":194,"column":18},"end":{"line":194,"column":38}},"type":"cond-expr","locations":[{"start":{"line":194,"column":30},"end":{"line":194,"column":34}},{"start":{"line":194,"column":34},"end":{"line":194,"column":38}}]},"38":{"loc":{"start":{"line":194,"column":18},"end":{"line":194,"column":34}},"type":"binary-expr","locations":[{"start":{"line":194,"column":18},"end":{"line":194,"column":34}},{"start":{"line":194,"column":30},"end":{"line":194,"column":34}}]},"39":{"loc":{"start":{"line":194,"column":18},"end":{"line":194,"column":30}},"type":"cond-expr","locations":[{"start":{"line":194,"column":24},"end":{"line":194,"column":26}},{"start":{"line":194,"column":18},"end":{"line":194,"column":30}}]},"40":{"loc":{"start":{"line":194,"column":18},"end":{"line":194,"column":26}},"type":"binary-expr","locations":[{"start":{"line":194,"column":18},"end":{"line":194,"column":26}},{"start":{"line":194,"column":18},"end":{"line":194,"column":26}}]},"41":{"loc":{"start":{"line":195,"column":22},"end":{"line":195,"column":46}},"type":"cond-expr","locations":[{"start":{"line":195,"column":38},"end":{"line":195,"column":42}},{"start":{"line":195,"column":42},"end":{"line":195,"column":46}}]},"42":{"loc":{"start":{"line":195,"column":22},"end":{"line":195,"column":42}},"type":"binary-expr","locations":[{"start":{"line":195,"column":22},"end":{"line":195,"column":42}},{"start":{"line":195,"column":38},"end":{"line":195,"column":42}}]},"43":{"loc":{"start":{"line":195,"column":22},"end":{"line":195,"column":38}},"type":"cond-expr","locations":[{"start":{"line":195,"column":32},"end":{"line":195,"column":34}},{"start":{"line":195,"column":22},"end":{"line":195,"column":38}}]},"44":{"loc":{"start":{"line":195,"column":22},"end":{"line":195,"column":34}},"type":"binary-expr","locations":[{"start":{"line":195,"column":22},"end":{"line":195,"column":34}},{"start":{"line":195,"column":22},"end":{"line":195,"column":34}}]}},"s":{"0":2,"1":2,"2":2,"3":2,"4":2,"5":2,"6":1,"7":1,"8":5,"9":4,"10":2,"11":1,"12":1,"13":0,"14":1,"15":1,"16":0,"17":1,"18":1,"19":0,"20":1,"21":1,"22":1,"23":1,"24":1,"25":6,"26":3,"27":3,"28":1,"29":2,"30":2,"31":1,"32":1,"33":1,"34":0,"35":0,"36":1,"37":0,"38":4,"39":4,"40":0,"41":4,"42":4,"43":1,"44":3,"45":1,"46":1,"47":0,"48":2,"49":0,"50":2,"51":1,"52":2,"53":1,"54":1,"55":3,"56":3,"57":3,"58":3,"59":2,"60":2},"f":{"0":1,"1":5,"2":1,"3":6,"4":1,"5":4,"6":1,"7":3},"b":{"0":[2,3],"1":[5,2],"2":[1,0],"3":[1,1],"4":[0],"5":[1,0],"6":[1,1],"7":[0],"8":[0],"9":[0,1],"10":[1,1],"11":[3],"12":[1],"13":[1],"14":[0,0,1,0],"15":[0],"16":[1],"17":[1],"18":[1],"19":[0],"20":[1],"21":[2,1],"22":[3,3],"23":[1,2],"24":[3,2],"25":[2,1],"26":[3,3],"27":[1,2],"28":[3,2],"29":[2,1],"30":[3,3],"31":[1,2],"32":[3,2],"33":[2,1],"34":[3,3],"35":[1,2],"36":[3,2],"37":[2,1],"38":[3,3],"39":[1,2],"40":[3,2],"41":[2,1],"42":[3,3],"43":[1,2],"44":[3,2]}}
,"C:\\Amorim\\Projetos\\BriefAI\\api\\src\\auth\\decorators\\current-user.decorator.ts": {"path":"C:\\Amorim\\Projetos\\BriefAI\\api\\src\\auth\\decorators\\current-user.decorator.ts","statementMap":{"0":{"start":{"line":1,"column":0},"end":{"line":1,"column":72}},"1":{"start":{"line":4,"column":41},"end":{"line":9,"column":1}},"2":{"start":{"line":7,"column":18},"end":{"line":7,"column":49}},"3":{"start":{"line":8,"column":2},"end":{"line":8,"column":46}},"4":{"start":{"line":4,"column":13},"end":{"line":4,"column":41}},"5":{"start":{"line":11,"column":13},"end":{"line":14,"column":2}},"6":{"start":{"line":13,"column":4},"end":{"line":13,"column":34}}},"fnMap":{"0":{"name":"(anonymous_0)","decl":{"start":{"line":4,"column":41},"end":{"line":4,"column":null}},"loc":{"start":{"line":6,"column":26},"end":{"line":9,"column":1}}},"1":{"name":"(anonymous_1)","decl":{"start":{"line":12,"column":2},"end":{"line":12,"column":3}},"loc":{"start":{"line":13,"column":4},"end":{"line":13,"column":34}}}},"branchMap":{},"s":{"0":5,"1":5,"2":2,"3":2,"4":5,"5":5,"6":0},"f":{"0":2,"1":0},"b":{}}
,"C:\\Amorim\\Projetos\\BriefAI\\api\\src\\auth\\decorators\\roles.decorator.ts": {"path":"C:\\Amorim\\Projetos\\BriefAI\\api\\src\\auth\\decorators\\roles.decorator.ts","statementMap":{"0":{"start":{"line":1,"column":0},"end":{"line":1,"column":45}},"1":{"start":{"line":4,"column":13},"end":{"line":4,"column":33}},"2":{"start":{"line":6,"column":21},"end":{"line":6,"column":76}},"3":{"start":{"line":6,"column":47},"end":{"line":6,"column":76}},"4":{"start":{"line":6,"column":13},"end":{"line":6,"column":21}}},"fnMap":{"0":{"name":"(anonymous_0)","decl":{"start":{"line":6,"column":21},"end":{"line":6,"column":22}},"loc":{"start":{"line":6,"column":47},"end":{"line":6,"column":76}}}},"branchMap":{},"s":{"0":2,"1":2,"2":2,"3":1,"4":2},"f":{"0":1},"b":{}}
,"C:\\Amorim\\Projetos\\BriefAI\\api\\src\\auth\\dto\\login.dto.ts": {"path":"C:\\Amorim\\Projetos\\BriefAI\\api\\src\\auth\\dto\\login.dto.ts","statementMap":{"0":{"start":{"line":1,"column":0},"end":{"line":1,"column":46}},"1":{"start":{"line":2,"column":0},"end":{"line":2,"column":75}},"2":{"start":{"line":4,"column":0},"end":{"line":4,"column":13}},"3":{"start":{"line":7,"column":2},"end":{"line":7,"column":null}},"4":{"start":{"line":6,"column":28},"end":{"line":6,"column":57}},"5":{"start":{"line":11,"column":2},"end":{"line":11,"column":null}},"6":{"start":{"line":15,"column":2},"end":{"line":15,"column":null}}},"fnMap":{"0":{"name":"(anonymous_2)","decl":{"start":{"line":6,"column":13},"end":{"line":6,"column":14}},"loc":{"start":{"line":6,"column":27},"end":{"line":6,"column":57}}}},"branchMap":{"0":{"loc":{"start":{"line":6,"column":28},"end":{"line":6,"column":56}},"type":"cond-expr","locations":[{"start":{"line":6,"column":48},"end":{"line":6,"column":50}},{"start":{"line":6,"column":48},"end":{"line":6,"column":56}}]},"1":{"loc":{"start":{"line":6,"column":28},"end":{"line":6,"column":50}},"type":"binary-expr","locations":[{"start":{"line":6,"column":28},"end":{"line":6,"column":50}},{"start":{"line":6,"column":48},"end":{"line":6,"column":50}}]},"2":{"loc":{"start":{"line":6,"column":28},"end":{"line":6,"column":48}},"type":"cond-expr","locations":[{"start":{"line":6,"column":33},"end":{"line":6,"column":35}},{"start":{"line":6,"column":28},"end":{"line":6,"column":48}}]},"3":{"loc":{"start":{"line":6,"column":28},"end":{"line":6,"column":35}},"type":"binary-expr","locations":[{"start":{"line":6,"column":28},"end":{"line":6,"column":35}},{"start":{"line":6,"column":28},"end":{"line":6,"column":35}}]}},"s":{"0":1,"1":1,"2":1,"3":1,"4":0,"5":1,"6":1},"f":{"0":0},"b":{"0":[0,0],"1":[0,0],"2":[0,0],"3":[0,0]}}
,"C:\\Amorim\\Projetos\\BriefAI\\api\\src\\auth\\dto\\register.dto.ts": {"path":"C:\\Amorim\\Projetos\\BriefAI\\api\\src\\auth\\dto\\register.dto.ts","statementMap":{"0":{"start":{"line":1,"column":0},"end":{"line":1,"column":42}},"1":{"start":{"line":2,"column":0},"end":{"line":2,"column":46}},"2":{"start":{"line":3,"column":0},"end":{"line":3,"column":83}},"3":{"start":{"line":5,"column":0},"end":{"line":5,"column":13}},"4":{"start":{"line":7,"column":2},"end":{"line":7,"column":null}},"5":{"start":{"line":11,"column":2},"end":{"line":11,"column":null}},"6":{"start":{"line":10,"column":28},"end":{"line":10,"column":57}},"7":{"start":{"line":15,"column":2},"end":{"line":15,"column":null}},"8":{"start":{"line":21,"column":2},"end":{"line":21,"column":null}},"9":{"start":{"line":25,"column":2},"end":{"line":25,"column":null}},"10":{"start":{"line":29,"column":2},"end":{"line":29,"column":null}}},"fnMap":{"0":{"name":"(anonymous_2)","decl":{"start":{"line":10,"column":13},"end":{"line":10,"column":14}},"loc":{"start":{"line":10,"column":27},"end":{"line":10,"column":57}}}},"branchMap":{"0":{"loc":{"start":{"line":10,"column":28},"end":{"line":10,"column":56}},"type":"cond-expr","locations":[{"start":{"line":10,"column":48},"end":{"line":10,"column":50}},{"start":{"line":10,"column":48},"end":{"line":10,"column":56}}]},"1":{"loc":{"start":{"line":10,"column":28},"end":{"line":10,"column":50}},"type":"binary-expr","locations":[{"start":{"line":10,"column":28},"end":{"line":10,"column":50}},{"start":{"line":10,"column":48},"end":{"line":10,"column":50}}]},"2":{"loc":{"start":{"line":10,"column":28},"end":{"line":10,"column":48}},"type":"cond-expr","locations":[{"start":{"line":10,"column":33},"end":{"line":10,"column":35}},{"start":{"line":10,"column":28},"end":{"line":10,"column":48}}]},"3":{"loc":{"start":{"line":10,"column":28},"end":{"line":10,"column":35}},"type":"binary-expr","locations":[{"start":{"line":10,"column":28},"end":{"line":10,"column":35}},{"start":{"line":10,"column":28},"end":{"line":10,"column":35}}]}},"s":{"0":1,"1":1,"2":1,"3":1,"4":1,"5":1,"6":0,"7":1,"8":1,"9":1,"10":1},"f":{"0":0},"b":{"0":[0,0],"1":[0,0],"2":[0,0],"3":[0,0]}}
,"C:\\Amorim\\Projetos\\BriefAI\\api\\src\\auth\\guards\\jwt-auth.guard.ts": {"path":"C:\\Amorim\\Projetos\\BriefAI\\api\\src\\auth\\guards\\jwt-auth.guard.ts","statementMap":{"0":{"start":{"line":1,"column":0},"end":{"line":1,"column":44}},"1":{"start":{"line":2,"column":0},"end":{"line":2,"column":45}},"2":{"start":{"line":5,"column":7},"end":{"line":5,"column":null}},"3":{"start":{"line":5,"column":13},"end":{"line":5,"column":25}},"4":{"start":{"line":5,"column":13},"end":{"line":5,"column":null}}},"fnMap":{},"branchMap":{},"s":{"0":6,"1":6,"2":6,"3":6,"4":6},"f":{},"b":{}}
,"C:\\Amorim\\Projetos\\BriefAI\\api\\src\\auth\\guards\\roles.guard.ts": {"path":"C:\\Amorim\\Projetos\\BriefAI\\api\\src\\auth\\guards\\roles.guard.ts","statementMap":{"0":{"start":{"line":1,"column":0},"end":{"line":1,"column":null}},"1":{"start":{"line":7,"column":0},"end":{"line":7,"column":41}},"2":{"start":{"line":8,"column":0},"end":{"line":8,"column":42}},"3":{"start":{"line":9,"column":0},"end":{"line":9,"column":58}},"4":{"start":{"line":12,"column":7},"end":{"line":42,"column":null}},"5":{"start":{"line":13,"column":31},"end":{"line":13,"column":42}},"6":{"start":{"line":16,"column":26},"end":{"line":18,"column":null}},"7":{"start":{"line":21,"column":4},"end":{"line":23,"column":5}},"8":{"start":{"line":22,"column":6},"end":{"line":22,"column":18}},"9":{"start":{"line":25,"column":20},"end":{"line":25,"column":55}},"10":{"start":{"line":26,"column":17},"end":{"line":26,"column":29}},"11":{"start":{"line":28,"column":4},"end":{"line":30,"column":5}},"12":{"start":{"line":29,"column":6},"end":{"line":29,"column":63}},"13":{"start":{"line":32,"column":4},"end":{"line":34,"column":5}},"14":{"start":{"line":33,"column":6},"end":{"line":33,"column":18}},"15":{"start":{"line":36,"column":4},"end":{"line":38,"column":5}},"16":{"start":{"line":37,"column":6},"end":{"line":37,"column":18}},"17":{"start":{"line":40,"column":4},"end":{"line":40,"column":77}},"18":{"start":{"line":12,"column":13},"end":{"line":12,"column":23}},"19":{"start":{"line":12,"column":13},"end":{"line":42,"column":null}}},"fnMap":{"0":{"name":"(anonymous_2)","decl":{"start":{"line":13,"column":2},"end":{"line":13,"column":31}},"loc":{"start":{"line":13,"column":51},"end":{"line":13,"column":55}}},"1":{"name":"(anonymous_3)","decl":{"start":{"line":15,"column":2},"end":{"line":15,"column":13}},"loc":{"start":{"line":15,"column":39},"end":{"line":41,"column":3}}}},"branchMap":{"0":{"loc":{"start":{"line":21,"column":4},"end":{"line":23,"column":5}},"type":"if","locations":[{"start":{"line":21,"column":4},"end":{"line":23,"column":5}}]},"1":{"loc":{"start":{"line":21,"column":8},"end":{"line":21,"column":52}},"type":"binary-expr","locations":[{"start":{"line":21,"column":8},"end":{"line":21,"column":22}},{"start":{"line":21,"column":26},"end":{"line":21,"column":52}}]},"2":{"loc":{"start":{"line":28,"column":4},"end":{"line":30,"column":5}},"type":"if","locations":[{"start":{"line":28,"column":4},"end":{"line":30,"column":5}}]},"3":{"loc":{"start":{"line":28,"column":8},"end":{"line":28,"column":27}},"type":"binary-expr","locations":[{"start":{"line":28,"column":8},"end":{"line":28,"column":13}},{"start":{"line":28,"column":17},"end":{"line":28,"column":27}}]},"4":{"loc":{"start":{"line":32,"column":4},"end":{"line":34,"column":5}},"type":"if","locations":[{"start":{"line":32,"column":4},"end":{"line":34,"column":5}}]},"5":{"loc":{"start":{"line":36,"column":4},"end":{"line":38,"column":5}},"type":"if","locations":[{"start":{"line":36,"column":4},"end":{"line":38,"column":5}}]}},"s":{"0":2,"1":2,"2":2,"3":2,"4":2,"5":1,"6":5,"7":5,"8":1,"9":4,"10":4,"11":4,"12":1,"13":3,"14":1,"15":2,"16":1,"17":1,"18":2,"19":2},"f":{"0":1,"1":5},"b":{"0":[1],"1":[5,4],"2":[1],"3":[4,4],"4":[1],"5":[1]}}
,"C:\\Amorim\\Projetos\\BriefAI\\api\\src\\auth\\strategies\\jwt.strategy.ts": {"path":"C:\\Amorim\\Projetos\\BriefAI\\api\\src\\auth\\strategies\\jwt.strategy.ts","statementMap":{"0":{"start":{"line":1,"column":0},"end":{"line":1,"column":67}},"1":{"start":{"line":2,"column":0},"end":{"line":2,"column":52}},"2":{"start":{"line":3,"column":0},"end":{"line":3,"column":52}},"3":{"start":{"line":4,"column":0},"end":{"line":4,"column":60}},"4":{"start":{"line":9,"column":7},"end":{"line":38,"column":null}},"5":{"start":{"line":11,"column":4},"end":{"line":15,"column":7}},"6":{"start":{"line":10,"column":31},"end":{"line":10,"column":39}},"7":{"start":{"line":19,"column":17},"end":{"line":21,"column":6}},"8":{"start":{"line":23,"column":4},"end":{"line":25,"column":5}},"9":{"start":{"line":24,"column":6},"end":{"line":24,"column":65}},"10":{"start":{"line":27,"column":4},"end":{"line":36,"column":6}},"11":{"start":{"line":9,"column":13},"end":{"line":9,"column":24}},"12":{"start":{"line":9,"column":13},"end":{"line":38,"column":null}}},"fnMap":{"0":{"name":"(anonymous_2)","decl":{"start":{"line":10,"column":2},"end":{"line":10,"column":31}},"loc":{"start":{"line":10,"column":52},"end":{"line":16,"column":3}}},"1":{"name":"(anonymous_3)","decl":{"start":{"line":18,"column":2},"end":{"line":18,"column":7}},"loc":{"start":{"line":18,"column":36},"end":{"line":37,"column":3}}}},"branchMap":{"0":{"loc":{"start":{"line":14,"column":19},"end":{"line":14,"column":56}},"type":"binary-expr","locations":[{"start":{"line":14,"column":19},"end":{"line":14,"column":41}},{"start":{"line":14,"column":45},"end":{"line":14,"column":56}}]},"1":{"loc":{"start":{"line":23,"column":4},"end":{"line":25,"column":5}},"type":"if","locations":[{"start":{"line":23,"column":4},"end":{"line":25,"column":5}}]}},"s":{"0":1,"1":1,"2":1,"3":1,"4":1,"5":1,"6":1,"7":2,"8":2,"9":1,"10":1,"11":1,"12":1},"f":{"0":1,"1":2},"b":{"0":[1,1],"1":[1]}}
,"C:\\Amorim\\Projetos\\BriefAI\\api\\src\\briefs\\briefs.controller.ts": {"path":"C:\\Amorim\\Projetos\\BriefAI\\api\\src\\briefs\\briefs.controller.ts","statementMap":{"0":{"start":{"line":1,"column":0},"end":{"line":1,"column":null}},"1":{"start":{"line":12,"column":0},"end":{"line":12,"column":94}},"2":{"start":{"line":13,"column":0},"end":{"line":13,"column":48}},"3":{"start":{"line":14,"column":0},"end":{"line":14,"column":49}},"4":{"start":{"line":15,"column":0},"end":{"line":15,"column":56}},"5":{"start":{"line":16,"column":0},"end":{"line":16,"column":56}},"6":{"start":{"line":17,"column":0},"end":{"line":17,"column":61}},"7":{"start":{"line":18,"column":0},"end":{"line":18,"column":72}},"8":{"start":{"line":19,"column":0},"end":{"line":19,"column":52}},"9":{"start":{"line":21,"column":0},"end":{"line":21,"column":48}},"10":{"start":{"line":27,"column":7},"end":{"line":97,"column":null}},"11":{"start":{"line":28,"column":31},"end":{"line":28,"column":46}},"12":{"start":{"line":41,"column":4},"end":{"line":41,"column":77}},"13":{"start":{"line":54,"column":4},"end":{"line":54,"column":72}},"14":{"start":{"line":66,"column":4},"end":{"line":66,"column":61}},"15":{"start":{"line":81,"column":4},"end":{"line":81,"column":76}},"16":{"start":{"line":95,"column":4},"end":{"line":95,"column":71}},"17":{"start":{"line":27,"column":13},"end":{"line":27,"column":29}},"18":{"start":{"line":35,"column":2},"end":{"line":42,"column":null}},"19":{"start":{"line":48,"column":2},"end":{"line":55,"column":null}},"20":{"start":{"line":61,"column":2},"end":{"line":67,"column":null}},"21":{"start":{"line":74,"column":2},"end":{"line":82,"column":null}},"22":{"start":{"line":89,"column":2},"end":{"line":96,"column":null}},"23":{"start":{"line":27,"column":13},"end":{"line":97,"column":null}}},"fnMap":{"0":{"name":"(anonymous_4)","decl":{"start":{"line":28,"column":2},"end":{"line":28,"column":31}},"loc":{"start":{"line":28,"column":59},"end":{"line":28,"column":63}}},"1":{"name":"(anonymous_5)","decl":{"start":{"line":35,"column":2},"end":{"line":35,"column":9}},"loc":{"start":{"line":39,"column":44},"end":{"line":42,"column":3}}},"2":{"name":"(anonymous_6)","decl":{"start":{"line":48,"column":2},"end":{"line":48,"column":9}},"loc":{"start":{"line":52,"column":29},"end":{"line":55,"column":3}}},"3":{"name":"(anonymous_7)","decl":{"start":{"line":61,"column":2},"end":{"line":61,"column":8}},"loc":{"start":{"line":64,"column":33},"end":{"line":67,"column":3}}},"4":{"name":"(anonymous_8)","decl":{"start":{"line":74,"column":2},"end":{"line":74,"column":8}},"loc":{"start":{"line":79,"column":29},"end":{"line":82,"column":3}}},"5":{"name":"(anonymous_9)","decl":{"start":{"line":89,"column":2},"end":{"line":89,"column":8}},"loc":{"start":{"line":93,"column":29},"end":{"line":96,"column":3}}}},"branchMap":{},"s":{"0":1,"1":1,"2":1,"3":1,"4":1,"5":1,"6":1,"7":1,"8":1,"9":1,"10":1,"11":6,"12":2,"13":1,"14":1,"15":1,"16":1,"17":1,"18":1,"19":1,"20":1,"21":1,"22":1,"23":1},"f":{"0":6,"1":2,"2":1,"3":1,"4":1,"5":1},"b":{}}
,"C:\\Amorim\\Projetos\\BriefAI\\api\\src\\briefs\\briefs.service.ts": {"path":"C:\\Amorim\\Projetos\\BriefAI\\api\\src\\briefs\\briefs.service.ts","statementMap":{"0":{"start":{"line":1,"column":0},"end":{"line":1,"column":104}},"1":{"start":{"line":2,"column":0},"end":{"line":2,"column":57}},"2":{"start":{"line":3,"column":0},"end":{"line":3,"column":42}},"3":{"start":{"line":4,"column":0},"end":{"line":4,"column":48}},"4":{"start":{"line":5,"column":0},"end":{"line":5,"column":22}},"5":{"start":{"line":10,"column":7},"end":{"line":224,"column":null}},"6":{"start":{"line":14,"column":21},"end":{"line":14,"column":29}},"7":{"start":{"line":15,"column":21},"end":{"line":15,"column":27}},"8":{"start":{"line":17,"column":4},"end":{"line":17,"column":44}},"9":{"start":{"line":26,"column":23},"end":{"line":26,"column":35}},"10":{"start":{"line":28,"column":4},"end":{"line":30,"column":5}},"11":{"start":{"line":29,"column":6},"end":{"line":29,"column":28}},"12":{"start":{"line":32,"column":4},"end":{"line":34,"column":5}},"13":{"start":{"line":33,"column":6},"end":{"line":33,"column":36}},"14":{"start":{"line":37,"column":4},"end":{"line":42,"column":5}},"15":{"start":{"line":38,"column":6},"end":{"line":41,"column":8}},"16":{"start":{"line":44,"column":4},"end":{"line":51,"column":7}},"17":{"start":{"line":55,"column":18},"end":{"line":61,"column":6}},"18":{"start":{"line":63,"column":4},"end":{"line":67,"column":5}},"19":{"start":{"line":64,"column":6},"end":{"line":66,"column":8}},"20":{"start":{"line":70,"column":4},"end":{"line":79,"column":5}},"21":{"start":{"line":71,"column":23},"end":{"line":73,"column":8}},"22":{"start":{"line":74,"column":6},"end":{"line":78,"column":7}},"23":{"start":{"line":75,"column":8},"end":{"line":77,"column":10}},"24":{"start":{"line":81,"column":4},"end":{"line":81,"column":17}},"25":{"start":{"line":86,"column":21},"end":{"line":91,"column":6}},"26":{"start":{"line":93,"column":4},"end":{"line":97,"column":5}},"27":{"start":{"line":94,"column":6},"end":{"line":96,"column":8}},"28":{"start":{"line":100,"column":4},"end":{"line":102,"column":5}},"29":{"start":{"line":101,"column":6},"end":{"line":101,"column":65}},"30":{"start":{"line":105,"column":4},"end":{"line":114,"column":5}},"31":{"start":{"line":106,"column":21},"end":{"line":108,"column":8}},"32":{"start":{"line":109,"column":6},"end":{"line":113,"column":7}},"33":{"start":{"line":110,"column":8},"end":{"line":112,"column":10}},"34":{"start":{"line":116,"column":18},"end":{"line":129,"column":6}},"35":{"start":{"line":131,"column":4},"end":{"line":131,"column":17}},"36":{"start":{"line":141,"column":18},"end":{"line":144,"column":6}},"37":{"start":{"line":146,"column":4},"end":{"line":150,"column":5}},"38":{"start":{"line":147,"column":6},"end":{"line":149,"column":8}},"39":{"start":{"line":153,"column":21},"end":{"line":155,"column":6}},"40":{"start":{"line":156,"column":4},"end":{"line":160,"column":5}},"41":{"start":{"line":157,"column":6},"end":{"line":159,"column":8}},"42":{"start":{"line":163,"column":4},"end":{"line":165,"column":5}},"43":{"start":{"line":164,"column":6},"end":{"line":164,"column":71}},"44":{"start":{"line":167,"column":20},"end":{"line":179,"column":6}},"45":{"start":{"line":181,"column":4},"end":{"line":181,"column":19}},"46":{"start":{"line":185,"column":18},"end":{"line":187,"column":6}},"47":{"start":{"line":189,"column":4},"end":{"line":193,"column":5}},"48":{"start":{"line":190,"column":6},"end":{"line":192,"column":8}},"49":{"start":{"line":196,"column":21},"end":{"line":198,"column":6}},"50":{"start":{"line":199,"column":4},"end":{"line":203,"column":5}},"51":{"start":{"line":200,"column":6},"end":{"line":202,"column":8}},"52":{"start":{"line":205,"column":4},"end":{"line":205,"column":57}},"53":{"start":{"line":207,"column":4},"end":{"line":207,"column":86}},"54":{"start":{"line":211,"column":21},"end":{"line":211,"column":45}},"55":{"start":{"line":212,"column":18},"end":{"line":212,"column":35}},"56":{"start":{"line":214,"column":4},"end":{"line":222,"column":5}},"57":{"start":{"line":215,"column":21},"end":{"line":215,"column":91}},"58":{"start":{"line":215,"column":47},"end":{"line":215,"column":79}},"59":{"start":{"line":216,"column":6},"end":{"line":221,"column":8}},"60":{"start":{"line":10,"column":13},"end":{"line":10,"column":26}},"61":{"start":{"line":10,"column":13},"end":{"line":224,"column":null}}},"fnMap":{"0":{"name":"(anonymous_2)","decl":{"start":{"line":13,"column":2},"end":{"line":13,"column":null}},"loc":{"start":{"line":15,"column":38},"end":{"line":18,"column":3}}},"1":{"name":"(anonymous_3)","decl":{"start":{"line":20,"column":2},"end":{"line":20,"column":7}},"loc":{"start":{"line":24,"column":23},"end":{"line":52,"column":3}}},"2":{"name":"(anonymous_4)","decl":{"start":{"line":54,"column":2},"end":{"line":54,"column":7}},"loc":{"start":{"line":54,"column":76},"end":{"line":82,"column":3}}},"3":{"name":"(anonymous_5)","decl":{"start":{"line":84,"column":2},"end":{"line":84,"column":7}},"loc":{"start":{"line":84,"column":68},"end":{"line":132,"column":3}}},"4":{"name":"(anonymous_6)","decl":{"start":{"line":134,"column":2},"end":{"line":134,"column":7}},"loc":{"start":{"line":139,"column":17},"end":{"line":182,"column":3}}},"5":{"name":"(anonymous_7)","decl":{"start":{"line":184,"column":2},"end":{"line":184,"column":7}},"loc":{"start":{"line":184,"column":74},"end":{"line":208,"column":3}}},"6":{"name":"(anonymous_8)","decl":{"start":{"line":210,"column":10},"end":{"line":210,"column":25}},"loc":{"start":{"line":210,"column":67},"end":{"line":223,"column":3}}},"7":{"name":"(anonymous_9)","decl":{"start":{"line":215,"column":42},"end":{"line":215,"column":43}},"loc":{"start":{"line":215,"column":47},"end":{"line":215,"column":79}}}},"branchMap":{"0":{"loc":{"start":{"line":28,"column":4},"end":{"line":30,"column":5}},"type":"if","locations":[{"start":{"line":28,"column":4},"end":{"line":30,"column":5}}]},"1":{"loc":{"start":{"line":32,"column":4},"end":{"line":34,"column":5}},"type":"if","locations":[{"start":{"line":32,"column":4},"end":{"line":34,"column":5}}]},"2":{"loc":{"start":{"line":37,"column":4},"end":{"line":42,"column":5}},"type":"if","locations":[{"start":{"line":37,"column":4},"end":{"line":42,"column":5}}]},"3":{"loc":{"start":{"line":63,"column":4},"end":{"line":67,"column":5}},"type":"if","locations":[{"start":{"line":63,"column":4},"end":{"line":67,"column":5}}]},"4":{"loc":{"start":{"line":65,"column":56},"end":{"line":65,"column":68}},"type":"binary-expr","locations":[{"start":{"line":65,"column":56},"end":{"line":65,"column":60}},{"start":{"line":65,"column":64},"end":{"line":65,"column":68}}]},"5":{"loc":{"start":{"line":70,"column":4},"end":{"line":79,"column":5}},"type":"if","locations":[{"start":{"line":70,"column":4},"end":{"line":79,"column":5}}]},"6":{"loc":{"start":{"line":74,"column":6},"end":{"line":78,"column":7}},"type":"if","locations":[{"start":{"line":74,"column":6},"end":{"line":78,"column":7}}]},"7":{"loc":{"start":{"line":74,"column":10},"end":{"line":74,"column":48}},"type":"binary-expr","locations":[{"start":{"line":74,"column":10},"end":{"line":74,"column":19}},{"start":{"line":74,"column":23},"end":{"line":74,"column":48}}]},"8":{"loc":{"start":{"line":76,"column":62},"end":{"line":76,"column":74}},"type":"binary-expr","locations":[{"start":{"line":76,"column":62},"end":{"line":76,"column":66}},{"start":{"line":76,"column":70},"end":{"line":76,"column":74}}]},"9":{"loc":{"start":{"line":93,"column":4},"end":{"line":97,"column":5}},"type":"if","locations":[{"start":{"line":93,"column":4},"end":{"line":97,"column":5}}]},"10":{"loc":{"start":{"line":100,"column":4},"end":{"line":102,"column":5}},"type":"if","locations":[{"start":{"line":100,"column":4},"end":{"line":102,"column":5}}]},"11":{"loc":{"start":{"line":105,"column":4},"end":{"line":114,"column":5}},"type":"if","locations":[{"start":{"line":105,"column":4},"end":{"line":114,"column":5}}]},"12":{"loc":{"start":{"line":109,"column":6},"end":{"line":113,"column":7}},"type":"if","locations":[{"start":{"line":109,"column":6},"end":{"line":113,"column":7}}]},"13":{"loc":{"start":{"line":121,"column":21},"end":{"line":121,"column":42}},"type":"binary-expr","locations":[{"start":{"line":121,"column":21},"end":{"line":121,"column":36}},{"start":{"line":121,"column":40},"end":{"line":121,"column":42}}]},"14":{"loc":{"start":{"line":146,"column":4},"end":{"line":150,"column":5}},"type":"if","locations":[{"start":{"line":146,"column":4},"end":{"line":150,"column":5}}]},"15":{"loc":{"start":{"line":148,"column":56},"end":{"line":148,"column":68}},"type":"binary-expr","locations":[{"start":{"line":148,"column":56},"end":{"line":148,"column":60}},{"start":{"line":148,"column":64},"end":{"line":148,"column":68}}]},"16":{"loc":{"start":{"line":156,"column":4},"end":{"line":160,"column":5}},"type":"if","locations":[{"start":{"line":156,"column":4},"end":{"line":160,"column":5}}]},"17":{"loc":{"start":{"line":156,"column":8},"end":{"line":156,"column":46}},"type":"binary-expr","locations":[{"start":{"line":156,"column":8},"end":{"line":156,"column":17}},{"start":{"line":156,"column":21},"end":{"line":156,"column":46}}]},"18":{"loc":{"start":{"line":158,"column":60},"end":{"line":158,"column":72}},"type":"binary-expr","locations":[{"start":{"line":158,"column":60},"end":{"line":158,"column":64}},{"start":{"line":158,"column":68},"end":{"line":158,"column":72}}]},"19":{"loc":{"start":{"line":163,"column":4},"end":{"line":165,"column":5}},"type":"if","locations":[{"start":{"line":163,"column":4},"end":{"line":165,"column":5}}]},"20":{"loc":{"start":{"line":189,"column":4},"end":{"line":193,"column":5}},"type":"if","locations":[{"start":{"line":189,"column":4},"end":{"line":193,"column":5}}]},"21":{"loc":{"start":{"line":191,"column":56},"end":{"line":191,"column":68}},"type":"binary-expr","locations":[{"start":{"line":191,"column":56},"end":{"line":191,"column":60}},{"start":{"line":191,"column":64},"end":{"line":191,"column":68}}]},"22":{"loc":{"start":{"line":199,"column":4},"end":{"line":203,"column":5}},"type":"if","locations":[{"start":{"line":199,"column":4},"end":{"line":203,"column":5}}]},"23":{"loc":{"start":{"line":201,"column":60},"end":{"line":201,"column":72}},"type":"binary-expr","locations":[{"start":{"line":201,"column":60},"end":{"line":201,"column":64}},{"start":{"line":201,"column":68},"end":{"line":201,"column":72}}]},"24":{"loc":{"start":{"line":207,"column":68},"end":{"line":207,"column":80}},"type":"binary-expr","locations":[{"start":{"line":207,"column":68},"end":{"line":207,"column":72}},{"start":{"line":207,"column":76},"end":{"line":207,"column":80}}]},"25":{"loc":{"start":{"line":214,"column":4},"end":{"line":222,"column":5}},"type":"if","locations":[{"start":{"line":214,"column":4},"end":{"line":222,"column":5}}]},"26":{"loc":{"start":{"line":215,"column":21},"end":{"line":215,"column":91}},"type":"cond-expr","locations":[{"start":{"line":215,"column":36},"end":{"line":215,"column":38}},{"start":{"line":215,"column":36},"end":{"line":215,"column":91}}]},"27":{"loc":{"start":{"line":215,"column":21},"end":{"line":215,"column":38}},"type":"binary-expr","locations":[{"start":{"line":215,"column":21},"end":{"line":215,"column":38}},{"start":{"line":215,"column":36},"end":{"line":215,"column":38}}]},"28":{"loc":{"start":{"line":219,"column":26},"end":{"line":219,"column":50}},"type":"binary-expr","locations":[{"start":{"line":219,"column":26},"end":{"line":219,"column":32}},{"start":{"line":219,"column":36},"end":{"line":219,"column":50}}]}},"s":{"0":2,"1":2,"2":2,"3":2,"4":2,"5":2,"6":12,"7":12,"8":12,"9":2,"10":2,"11":1,"12":2,"13":0,"14":2,"15":0,"16":2,"17":3,"18":3,"19":1,"20":2,"21":2,"22":2,"23":1,"24":1,"25":3,"26":3,"27":1,"28":2,"29":2,"30":1,"31":0,"32":0,"33":0,"34":1,"35":1,"36":2,"37":2,"38":0,"39":2,"40":2,"41":1,"42":1,"43":0,"44":1,"45":1,"46":2,"47":2,"48":0,"49":2,"50":2,"51":1,"52":1,"53":1,"54":2,"55":2,"56":2,"57":1,"58":1,"59":1,"60":2,"61":2},"f":{"0":12,"1":2,"2":3,"3":3,"4":2,"5":2,"6":2,"7":1},"b":{"0":[1],"1":[0],"2":[0],"3":[1],"4":[1,1],"5":[2],"6":[1],"7":[2,1],"8":[1,1],"9":[1],"10":[2],"11":[0],"12":[0],"13":[1,0],"14":[0],"15":[0,0],"16":[1],"17":[2,1],"18":[1,1],"19":[0],"20":[0],"21":[0,0],"22":[1],"23":[1,1],"24":[1,1],"25":[1],"26":[0,1],"27":[1,1],"28":[1,0]}}
,"C:\\Amorim\\Projetos\\BriefAI\\api\\src\\briefs\\dto\\create-brief.dto.ts": {"path":"C:\\Amorim\\Projetos\\BriefAI\\api\\src\\briefs\\dto\\create-brief.dto.ts","statementMap":{"0":{"start":{"line":1,"column":0},"end":{"line":1,"column":77}},"1":{"start":{"line":2,"column":0},"end":{"line":2,"column":46}},"2":{"start":{"line":4,"column":0},"end":{"line":4,"column":13}},"3":{"start":{"line":8,"column":2},"end":{"line":8,"column":null}},"4":{"start":{"line":17,"column":2},"end":{"line":17,"column":null}},"5":{"start":{"line":29,"column":2},"end":{"line":29,"column":null}}},"fnMap":{},"branchMap":{},"s":{"0":1,"1":1,"2":1,"3":1,"4":1,"5":1},"f":{},"b":{}}
,"C:\\Amorim\\Projetos\\BriefAI\\api\\src\\briefs\\dto\\update-brief.dto.ts": {"path":"C:\\Amorim\\Projetos\\BriefAI\\api\\src\\briefs\\dto\\update-brief.dto.ts","statementMap":{"0":{"start":{"line":1,"column":0},"end":{"line":1,"column":80}},"1":{"start":{"line":2,"column":0},"end":{"line":2,"column":46}},"2":{"start":{"line":3,"column":0},"end":{"line":3,"column":48}},"3":{"start":{"line":5,"column":0},"end":{"line":5,"column":13}},"4":{"start":{"line":16,"column":2},"end":{"line":16,"column":null}},"5":{"start":{"line":26,"column":2},"end":{"line":26,"column":null}},"6":{"start":{"line":39,"column":2},"end":{"line":39,"column":null}}},"fnMap":{},"branchMap":{},"s":{"0":1,"1":1,"2":1,"3":1,"4":1,"5":1,"6":1},"f":{},"b":{}}
,"C:\\Amorim\\Projetos\\BriefAI\\api\\src\\collaborations\\collaborations.controller.ts": {"path":"C:\\Amorim\\Projetos\\BriefAI\\api\\src\\collaborations\\collaborations.controller.ts","statementMap":{"0":{"start":{"line":1,"column":0},"end":{"line":1,"column":null}},"1":{"start":{"line":11,"column":0},"end":{"line":11,"column":84}},"2":{"start":{"line":12,"column":0},"end":{"line":12,"column":65}},"3":{"start":{"line":13,"column":0},"end":{"line":13,"column":64}},"4":{"start":{"line":14,"column":0},"end":{"line":14,"column":72}},"5":{"start":{"line":15,"column":0},"end":{"line":15,"column":60}},"6":{"start":{"line":16,"column":0},"end":{"line":16,"column":61}},"7":{"start":{"line":17,"column":0},"end":{"line":17,"column":72}},"8":{"start":{"line":18,"column":0},"end":{"line":18,"column":52}},"9":{"start":{"line":20,"column":0},"end":{"line":20,"column":48}},"10":{"start":{"line":26,"column":7},"end":{"line":104,"column":null}},"11":{"start":{"line":27,"column":31},"end":{"line":27,"column":54}},"12":{"start":{"line":41,"column":4},"end":{"line":47,"column":6}},"13":{"start":{"line":59,"column":4},"end":{"line":64,"column":6}},"14":{"start":{"line":78,"column":4},"end":{"line":84,"column":6}},"15":{"start":{"line":97,"column":4},"end":{"line":102,"column":6}},"16":{"start":{"line":26,"column":13},"end":{"line":26,"column":37}},"17":{"start":{"line":34,"column":2},"end":{"line":48,"column":null}},"18":{"start":{"line":53,"column":2},"end":{"line":65,"column":null}},"19":{"start":{"line":71,"column":2},"end":{"line":85,"column":null}},"20":{"start":{"line":91,"column":2},"end":{"line":103,"column":null}},"21":{"start":{"line":26,"column":13},"end":{"line":104,"column":null}},"22":{"start":{"line":110,"column":7},"end":{"line":167,"column":null}},"23":{"start":{"line":111,"column":31},"end":{"line":111,"column":54}},"24":{"start":{"line":124,"column":4},"end":{"line":130,"column":6}},"25":{"start":{"line":142,"column":4},"end":{"line":147,"column":6}},"26":{"start":{"line":160,"column":4},"end":{"line":165,"column":6}},"27":{"start":{"line":110,"column":13},"end":{"line":110,"column":31}},"28":{"start":{"line":117,"column":2},"end":{"line":131,"column":null}},"29":{"start":{"line":136,"column":2},"end":{"line":148,"column":null}},"30":{"start":{"line":154,"column":2},"end":{"line":166,"column":null}},"31":{"start":{"line":110,"column":13},"end":{"line":167,"column":null}}},"fnMap":{"0":{"name":"(anonymous_4)","decl":{"start":{"line":27,"column":2},"end":{"line":27,"column":31}},"loc":{"start":{"line":27,"column":75},"end":{"line":27,"column":79}}},"1":{"name":"(anonymous_5)","decl":{"start":{"line":34,"column":2},"end":{"line":34,"column":17}},"loc":{"start":{"line":39,"column":29},"end":{"line":48,"column":3}}},"2":{"name":"(anonymous_6)","decl":{"start":{"line":53,"column":2},"end":{"line":53,"column":19}},"loc":{"start":{"line":57,"column":29},"end":{"line":65,"column":3}}},"3":{"name":"(anonymous_7)","decl":{"start":{"line":71,"column":2},"end":{"line":71,"column":21}},"loc":{"start":{"line":76,"column":29},"end":{"line":85,"column":3}}},"4":{"name":"(anonymous_8)","decl":{"start":{"line":91,"column":2},"end":{"line":91,"column":20}},"loc":{"start":{"line":95,"column":29},"end":{"line":103,"column":3}}},"5":{"name":"(anonymous_9)","decl":{"start":{"line":111,"column":2},"end":{"line":111,"column":31}},"loc":{"start":{"line":111,"column":75},"end":{"line":111,"column":79}}},"6":{"name":"(anonymous_10)","decl":{"start":{"line":117,"column":2},"end":{"line":117,"column":15}},"loc":{"start":{"line":122,"column":29},"end":{"line":131,"column":3}}},"7":{"name":"(anonymous_11)","decl":{"start":{"line":136,"column":2},"end":{"line":136,"column":14}},"loc":{"start":{"line":140,"column":29},"end":{"line":148,"column":3}}},"8":{"name":"(anonymous_12)","decl":{"start":{"line":154,"column":2},"end":{"line":154,"column":15}},"loc":{"start":{"line":158,"column":29},"end":{"line":166,"column":3}}}},"branchMap":{},"s":{"0":1,"1":1,"2":1,"3":1,"4":1,"5":1,"6":1,"7":1,"8":1,"9":1,"10":1,"11":2,"12":1,"13":1,"14":0,"15":0,"16":1,"17":1,"18":1,"19":1,"20":1,"21":1,"22":1,"23":2,"24":1,"25":1,"26":0,"27":1,"28":1,"29":1,"30":1,"31":1},"f":{"0":2,"1":1,"2":1,"3":0,"4":0,"5":2,"6":1,"7":1,"8":0},"b":{}}
,"C:\\Amorim\\Projetos\\BriefAI\\api\\src\\collaborations\\collaborations.service.ts": {"path":"C:\\Amorim\\Projetos\\BriefAI\\api\\src\\collaborations\\collaborations.service.ts","statementMap":{"0":{"start":{"line":1,"column":0},"end":{"line":1,"column":104}},"1":{"start":{"line":2,"column":0},"end":{"line":2,"column":57}},"2":{"start":{"line":3,"column":0},"end":{"line":3,"column":42}},"3":{"start":{"line":4,"column":0},"end":{"line":4,"column":57}},"4":{"start":{"line":10,"column":7},"end":{"line":333,"column":null}},"5":{"start":{"line":12,"column":21},"end":{"line":12,"column":29}},"6":{"start":{"line":13,"column":21},"end":{"line":13,"column":27}},"7":{"start":{"line":24,"column":21},"end":{"line":27,"column":6}},"8":{"start":{"line":29,"column":4},"end":{"line":33,"column":5}},"9":{"start":{"line":30,"column":6},"end":{"line":32,"column":8}},"10":{"start":{"line":36,"column":20},"end":{"line":36,"column":55}},"11":{"start":{"line":37,"column":21},"end":{"line":39,"column":6}},"12":{"start":{"line":41,"column":4},"end":{"line":45,"column":5}},"13":{"start":{"line":42,"column":6},"end":{"line":44,"column":8}},"14":{"start":{"line":48,"column":22},"end":{"line":50,"column":6}},"15":{"start":{"line":52,"column":4},"end":{"line":56,"column":5}},"16":{"start":{"line":53,"column":6},"end":{"line":55,"column":8}},"17":{"start":{"line":59,"column":21},"end":{"line":61,"column":6}},"18":{"start":{"line":63,"column":4},"end":{"line":67,"column":5}},"19":{"start":{"line":64,"column":6},"end":{"line":66,"column":8}},"20":{"start":{"line":69,"column":26},"end":{"line":78,"column":6}},"21":{"start":{"line":80,"column":4},"end":{"line":80,"column":25}},"22":{"start":{"line":90,"column":21},"end":{"line":92,"column":6}},"23":{"start":{"line":94,"column":4},"end":{"line":98,"column":5}},"24":{"start":{"line":95,"column":6},"end":{"line":97,"column":8}},"25":{"start":{"line":101,"column":4},"end":{"line":101,"column":78}},"26":{"start":{"line":103,"column":4},"end":{"line":109,"column":7}},"27":{"start":{"line":119,"column":26},"end":{"line":122,"column":6}},"28":{"start":{"line":124,"column":4},"end":{"line":128,"column":5}},"29":{"start":{"line":125,"column":6},"end":{"line":127,"column":8}},"30":{"start":{"line":130,"column":4},"end":{"line":134,"column":5}},"31":{"start":{"line":131,"column":6},"end":{"line":133,"column":8}},"32":{"start":{"line":137,"column":20},"end":{"line":137,"column":69}},"33":{"start":{"line":138,"column":21},"end":{"line":140,"column":6}},"34":{"start":{"line":142,"column":4},"end":{"line":146,"column":5}},"35":{"start":{"line":143,"column":6},"end":{"line":145,"column":8}},"36":{"start":{"line":148,"column":4},"end":{"line":154,"column":7}},"37":{"start":{"line":163,"column":26},"end":{"line":166,"column":6}},"38":{"start":{"line":168,"column":4},"end":{"line":172,"column":5}},"39":{"start":{"line":169,"column":6},"end":{"line":171,"column":8}},"40":{"start":{"line":174,"column":4},"end":{"line":178,"column":5}},"41":{"start":{"line":175,"column":6},"end":{"line":177,"column":8}},"42":{"start":{"line":181,"column":20},"end":{"line":181,"column":69}},"43":{"start":{"line":182,"column":19},"end":{"line":182,"column":57}},"44":{"start":{"line":183,"column":21},"end":{"line":185,"column":6}},"45":{"start":{"line":187,"column":4},"end":{"line":191,"column":5}},"46":{"start":{"line":188,"column":6},"end":{"line":190,"column":8}},"47":{"start":{"line":193,"column":4},"end":{"line":193,"column":79}},"48":{"start":{"line":195,"column":4},"end":{"line":195,"column":94}},"49":{"start":{"line":207,"column":4},"end":{"line":207,"column":104}},"50":{"start":{"line":209,"column":20},"end":{"line":218,"column":6}},"51":{"start":{"line":220,"column":4},"end":{"line":220,"column":19}},"52":{"start":{"line":230,"column":4},"end":{"line":230,"column":71}},"53":{"start":{"line":232,"column":4},"end":{"line":238,"column":7}},"54":{"start":{"line":247,"column":20},"end":{"line":250,"column":6}},"55":{"start":{"line":252,"column":4},"end":{"line":256,"column":5}},"56":{"start":{"line":253,"column":6},"end":{"line":255,"column":8}},"57":{"start":{"line":258,"column":4},"end":{"line":262,"column":5}},"58":{"start":{"line":259,"column":6},"end":{"line":261,"column":8}},"59":{"start":{"line":265,"column":21},"end":{"line":265,"column":46}},"60":{"start":{"line":266,"column":21},"end":{"line":268,"column":6}},"61":{"start":{"line":270,"column":4},"end":{"line":274,"column":5}},"62":{"start":{"line":271,"column":6},"end":{"line":273,"column":8}},"63":{"start":{"line":276,"column":4},"end":{"line":276,"column":67}},"64":{"start":{"line":278,"column":4},"end":{"line":278,"column":102}},"65":{"start":{"line":288,"column":21},"end":{"line":290,"column":6}},"66":{"start":{"line":292,"column":4},"end":{"line":296,"column":5}},"67":{"start":{"line":293,"column":6},"end":{"line":295,"column":8}},"68":{"start":{"line":299,"column":4},"end":{"line":299,"column":45}},"69":{"start":{"line":299,"column":38},"end":{"line":299,"column":45}},"70":{"start":{"line":302,"column":21},"end":{"line":304,"column":6}},"71":{"start":{"line":305,"column":4},"end":{"line":305,"column":25}},"72":{"start":{"line":305,"column":18},"end":{"line":305,"column":25}},"73":{"start":{"line":308,"column":26},"end":{"line":310,"column":6}},"74":{"start":{"line":312,"column":4},"end":{"line":316,"column":5}},"75":{"start":{"line":313,"column":6},"end":{"line":315,"column":8}},"76":{"start":{"line":319,"column":4},"end":{"line":331,"column":5}},"77":{"start":{"line":320,"column":31},"end":{"line":324,"column":8}},"78":{"start":{"line":326,"column":6},"end":{"line":330,"column":7}},"79":{"start":{"line":327,"column":8},"end":{"line":329,"column":10}},"80":{"start":{"line":10,"column":13},"end":{"line":10,"column":34}},"81":{"start":{"line":10,"column":13},"end":{"line":333,"column":null}}},"fnMap":{"0":{"name":"(anonymous_2)","decl":{"start":{"line":11,"column":2},"end":{"line":11,"column":null}},"loc":{"start":{"line":13,"column":38},"end":{"line":14,"column":6}}},"1":{"name":"(anonymous_3)","decl":{"start":{"line":16,"column":2},"end":{"line":16,"column":7}},"loc":{"start":{"line":21,"column":17},"end":{"line":81,"column":3}}},"2":{"name":"(anonymous_4)","decl":{"start":{"line":83,"column":2},"end":{"line":83,"column":7}},"loc":{"start":{"line":87,"column":17},"end":{"line":110,"column":3}}},"3":{"name":"(anonymous_5)","decl":{"start":{"line":112,"column":2},"end":{"line":112,"column":7}},"loc":{"start":{"line":117,"column":17},"end":{"line":155,"column":3}}},"4":{"name":"(anonymous_6)","decl":{"start":{"line":157,"column":2},"end":{"line":157,"column":7}},"loc":{"start":{"line":161,"column":17},"end":{"line":196,"column":3}}},"5":{"name":"(anonymous_7)","decl":{"start":{"line":199,"column":2},"end":{"line":199,"column":7}},"loc":{"start":{"line":204,"column":17},"end":{"line":221,"column":3}}},"6":{"name":"(anonymous_8)","decl":{"start":{"line":223,"column":2},"end":{"line":223,"column":7}},"loc":{"start":{"line":227,"column":17},"end":{"line":239,"column":3}}},"7":{"name":"(anonymous_9)","decl":{"start":{"line":241,"column":2},"end":{"line":241,"column":7}},"loc":{"start":{"line":245,"column":17},"end":{"line":279,"column":3}}},"8":{"name":"(anonymous_10)","decl":{"start":{"line":281,"column":10},"end":{"line":281,"column":15}},"loc":{"start":{"line":286,"column":43},"end":{"line":332,"column":3}}}},"branchMap":{"0":{"loc":{"start":{"line":29,"column":4},"end":{"line":33,"column":5}},"type":"if","locations":[{"start":{"line":29,"column":4},"end":{"line":33,"column":5}}]},"1":{"loc":{"start":{"line":31,"column":56},"end":{"line":31,"column":68}},"type":"binary-expr","locations":[{"start":{"line":31,"column":56},"end":{"line":31,"column":60}},{"start":{"line":31,"column":64},"end":{"line":31,"column":68}}]},"2":{"loc":{"start":{"line":41,"column":4},"end":{"line":45,"column":5}},"type":"if","locations":[{"start":{"line":41,"column":4},"end":{"line":45,"column":5}}]},"3":{"loc":{"start":{"line":41,"column":8},"end":{"line":41,"column":29}},"type":"binary-expr","locations":[{"start":{"line":41,"column":8},"end":{"line":41,"column":16}},{"start":{"line":41,"column":20},"end":{"line":41,"column":29}}]},"4":{"loc":{"start":{"line":43,"column":68},"end":{"line":43,"column":80}},"type":"binary-expr","locations":[{"start":{"line":43,"column":68},"end":{"line":43,"column":72}},{"start":{"line":43,"column":76},"end":{"line":43,"column":80}}]},"5":{"loc":{"start":{"line":52,"column":4},"end":{"line":56,"column":5}},"type":"if","locations":[{"start":{"line":52,"column":4},"end":{"line":56,"column":5}}]},"6":{"loc":{"start":{"line":54,"column":69},"end":{"line":54,"column":81}},"type":"binary-expr","locations":[{"start":{"line":54,"column":69},"end":{"line":54,"column":73}},{"start":{"line":54,"column":77},"end":{"line":54,"column":81}}]},"7":{"loc":{"start":{"line":63,"column":4},"end":{"line":67,"column":5}},"type":"if","locations":[{"start":{"line":63,"column":4},"end":{"line":67,"column":5}}]},"8":{"loc":{"start":{"line":65,"column":69},"end":{"line":65,"column":81}},"type":"binary-expr","locations":[{"start":{"line":65,"column":69},"end":{"line":65,"column":73}},{"start":{"line":65,"column":77},"end":{"line":65,"column":81}}]},"9":{"loc":{"start":{"line":94,"column":4},"end":{"line":98,"column":5}},"type":"if","locations":[{"start":{"line":94,"column":4},"end":{"line":98,"column":5}}]},"10":{"loc":{"start":{"line":96,"column":56},"end":{"line":96,"column":68}},"type":"binary-expr","locations":[{"start":{"line":96,"column":56},"end":{"line":96,"column":60}},{"start":{"line":96,"column":64},"end":{"line":96,"column":68}}]},"11":{"loc":{"start":{"line":124,"column":4},"end":{"line":128,"column":5}},"type":"if","locations":[{"start":{"line":124,"column":4},"end":{"line":128,"column":5}}]},"12":{"loc":{"start":{"line":126,"column":64},"end":{"line":126,"column":76}},"type":"binary-expr","locations":[{"start":{"line":126,"column":64},"end":{"line":126,"column":68}},{"start":{"line":126,"column":72},"end":{"line":126,"column":76}}]},"13":{"loc":{"start":{"line":130,"column":4},"end":{"line":134,"column":5}},"type":"if","locations":[{"start":{"line":130,"column":4},"end":{"line":134,"column":5}}]},"14":{"loc":{"start":{"line":132,"column":68},"end":{"line":132,"column":80}},"type":"binary-expr","locations":[{"start":{"line":132,"column":68},"e
[...]
,"C:\\Amorim\\Projetos\\BriefAI\\api\\src\\templates\\templates.controller.ts": {"path":"C:\\Amorim\\Projetos\\BriefAI\\api\\src\\templates\\templates.controller.ts","statementMap":{"0":{"start":{"line":1,"column":0},"end":{"line":1,"column":94}},"1":{"start":{"line":2,"column":0},"end":{"line":2,"column":84}},"2":{"start":{"line":3,"column":0},"end":{"line":3,"column":48}},"3":{"start":{"line":4,"column":0},"end":{"line":4,"column":55}},"4":{"start":{"line":5,"column":0},"end":{"line":5,"column":62}},"5":{"start":{"line":6,"column":0},"end":{"line":6,"column":62}},"6":{"start":{"line":7,"column":0},"end":{"line":7,"column":64}},"7":{"start":{"line":8,"column":0},"end":{"line":8,"column":61}},"8":{"start":{"line":9,"column":0},"end":{"line":9,"column":72}},"9":{"start":{"line":11,"column":0},"end":{"line":11,"column":52}},"10":{"start":{"line":17,"column":7},"end":{"line":74,"column":null}},"11":{"start":{"line":18,"column":31},"end":{"line":18,"column":49}},"12":{"start":{"line":24,"column":4},"end":{"line":24,"column":60}},"13":{"start":{"line":32,"column":4},"end":{"line":32,"column":75}},"14":{"start":{"line":40,"column":4},"end":{"line":40,"column":64}},"15":{"start":{"line":49,"column":4},"end":{"line":49,"column":79}},"16":{"start":{"line":57,"column":4},"end":{"line":57,"column":89}},"17":{"start":{"line":65,"column":4},"end":{"line":65,"column":74}},"18":{"start":{"line":72,"column":4},"end":{"line":72,"column":80}},"19":{"start":{"line":17,"column":13},"end":{"line":17,"column":32}},"20":{"start":{"line":23,"column":2},"end":{"line":25,"column":null}},"21":{"start":{"line":31,"column":2},"end":{"line":33,"column":null}},"22":{"start":{"line":39,"column":2},"end":{"line":41,"column":null}},"23":{"start":{"line":48,"column":2},"end":{"line":50,"column":null}},"24":{"start":{"line":56,"column":2},"end":{"line":58,"column":null}},"25":{"start":{"line":64,"column":2},"end":{"line":66,"column":null}},"26":{"start":{"line":71,"column":2},"end":{"line":73,"column":null}},"27":{"start":{"line":17,"column":13},"end":{"line":74,"column":null}}},"fnMap":{"0":{"name":"(anonymous_4)","decl":{"start":{"line":18,"column":2},"end":{"line":18,"column":31}},"loc":{"start":{"line":18,"column":65},"end":{"line":18,"column":69}}},"1":{"name":"(anonymous_5)","decl":{"start":{"line":23,"column":2},"end":{"line":23,"column":6}},"loc":{"start":{"line":23,"column":64},"end":{"line":25,"column":3}}},"2":{"name":"(anonymous_6)","decl":{"start":{"line":31,"column":2},"end":{"line":31,"column":5}},"loc":{"start":{"line":31,"column":115},"end":{"line":33,"column":3}}},"3":{"name":"(anonymous_7)","decl":{"start":{"line":39,"column":2},"end":{"line":39,"column":8}},"loc":{"start":{"line":39,"column":98},"end":{"line":41,"column":3}}},"4":{"name":"(anonymous_8)","decl":{"start":{"line":48,"column":2},"end":{"line":48,"column":8}},"loc":{"start":{"line":48,"column":150},"end":{"line":50,"column":3}}},"5":{"name":"(anonymous_9)","decl":{"start":{"line":56,"column":2},"end":{"line":56,"column":9}},"loc":{"start":{"line":56,"column":152},"end":{"line":58,"column":3}}},"6":{"name":"(anonymous_10)","decl":{"start":{"line":64,"column":2},"end":{"line":64,"column":8}},"loc":{"start":{"line":64,"column":118},"end":{"line":66,"column":3}}},"7":{"name":"(anonymous_11)","decl":{"start":{"line":71,"column":2},"end":{"line":71,"column":10}},"loc":{"start":{"line":71,"column":120},"end":{"line":73,"column":3}}}},"branchMap":{},"s":{"0":1,"1":1,"2":1,"3":1,"4":1,"5":1,"6":1,"7":1,"8":1,"9":1,"10":1,"11":1,"12":1,"13":1,"14":1,"15":1,"16":1,"17":1,"18":1,"19":1,"20":1,"21":1,"22":1,"23":1,"24":1,"25":1,"26":1,"27":1},"f":{"0":1,"1":1,"2":1,"3":1,"4":1,"5":1,"6":1,"7":1},"b":{}}
,"C:\\Amorim\\Projetos\\BriefAI\\api\\src\\templates\\templates.service.ts": {"path":"C:\\Amorim\\Projetos\\BriefAI\\api\\src\\templates\\templates.service.ts","statementMap":{"0":{"start":{"line":1,"column":0},"end":{"line":1,"column":104}},"1":{"start":{"line":2,"column":0},"end":{"line":2,"column":42}},"2":{"start":{"line":3,"column":0},"end":{"line":3,"column":22}},"3":{"start":{"line":4,"column":0},"end":{"line":4,"column":57}},"4":{"start":{"line":9,"column":7},"end":{"line":193,"column":null}},"5":{"start":{"line":13,"column":21},"end":{"line":13,"column":29}},"6":{"start":{"line":14,"column":21},"end":{"line":14,"column":27}},"7":{"start":{"line":16,"column":4},"end":{"line":16,"column":42}},"8":{"start":{"line":20,"column":4},"end":{"line":44,"column":7}},"9":{"start":{"line":48,"column":21},"end":{"line":72,"column":6}},"10":{"start":{"line":74,"column":4},"end":{"line":77,"column":5}},"11":{"start":{"line":75,"column":18},"end":{"line":75,"column":76}},"12":{"start":{"line":76,"column":6},"end":{"line":76,"column":39}},"13":{"start":{"line":79,"column":4},"end":{"line":79,"column":20}},"14":{"start":{"line":84,"column":4},"end":{"line":88,"column":5}},"15":{"start":{"line":85,"column":6},"end":{"line":85,"column":39}},"16":{"start":{"line":87,"column":6},"end":{"line":87,"column":66}},"17":{"start":{"line":90,"column":4},"end":{"line":108,"column":7}},"18":{"start":{"line":112,"column":21},"end":{"line":112,"column":67}},"19":{"start":{"line":114,"column":4},"end":{"line":117,"column":5}},"20":{"start":{"line":115,"column":18},"end":{"line":115,"column":73}},"21":{"start":{"line":116,"column":6},"end":{"line":116,"column":40}},"22":{"start":{"line":120,"column":4},"end":{"line":136,"column":5}},"23":{"start":{"line":121,"column":6},"end":{"line":125,"column":7}},"24":{"start":{"line":122,"column":8},"end":{"line":122,"column":41}},"25":{"start":{"line":124,"column":8},"end":{"line":124,"column":68}},"26":{"start":{"line":128,"column":6},"end":{"line":135,"column":9}},"27":{"start":{"line":138,"column":4},"end":{"line":154,"column":7}},"28":{"start":{"line":158,"column":21},"end":{"line":158,"column":67}},"29":{"start":{"line":160,"column":4},"end":{"line":163,"column":5}},"30":{"start":{"line":161,"column":18},"end":{"line":161,"column":73}},"31":{"start":{"line":162,"column":6},"end":{"line":162,"column":40}},"32":{"start":{"line":165,"column":4},"end":{"line":168,"column":7}},"33":{"start":{"line":172,"column":21},"end":{"line":172,"column":67}},"34":{"start":{"line":174,"column":4},"end":{"line":177,"column":5}},"35":{"start":{"line":175,"column":18},"end":{"line":175,"column":73}},"36":{"start":{"line":176,"column":6},"end":{"line":176,"column":40}},"37":{"start":{"line":179,"column":4},"end":{"line":179,"column":58}},"38":{"start":{"line":183,"column":4},"end":{"line":183,"column":51}},"39":{"start":{"line":185,"column":4},"end":{"line":191,"column":7}},"40":{"start":{"line":9,"column":13},"end":{"line":9,"column":29}},"41":{"start":{"line":9,"column":13},"end":{"line":193,"column":null}}},"fnMap":{"0":{"name":"(anonymous_2)","decl":{"start":{"line":12,"column":2},"end":{"line":12,"column":null}},"loc":{"start":{"line":14,"column":38},"end":{"line":17,"column":3}}},"1":{"name":"(anonymous_3)","decl":{"start":{"line":19,"column":2},"end":{"line":19,"column":7}},"loc":{"start":{"line":19,"column":49},"end":{"line":45,"column":3}}},"2":{"name":"(anonymous_4)","decl":{"start":{"line":47,"column":2},"end":{"line":47,"column":7}},"loc":{"start":{"line":47,"column":74},"end":{"line":80,"column":3}}},"3":{"name":"(anonymous_5)","decl":{"start":{"line":82,"column":2},"end":{"line":82,"column":7}},"loc":{"start":{"line":82,"column":71},"end":{"line":109,"column":3}}},"4":{"name":"(anonymous_6)","decl":{"start":{"line":111,"column":2},"end":{"line":111,"column":7}},"loc":{"start":{"line":111,"column":96},"end":{"line":155,"column":3}}},"5":{"name":"(anonymous_7)","decl":{"start":{"line":157,"column":2},"end":{"line":157,"column":7}},"loc":{"start":{"line":157,"column":92},"end":{"line":169,"column":3}}},"6":{"name":"(anonymous_8)","decl":{"start":{"line":171,"column":2},"end":{"line":171,"column":7}},"loc":{"start":{"line":171,"column":72},"end":{"line":180,"column":3}}},"7":{"name":"(anonymous_9)","decl":{"start":{"line":182,"column":2},"end":{"line":182,"column":7}},"loc":{"start":{"line":182,"column":79},"end":{"line":192,"column":3}}}},"branchMap":{"0":{"loc":{"start":{"line":47,"column":63},"end":{"line":47,"column":74}},"type":"default-arg","locations":[{"start":{"line":47,"column":70},"end":{"line":47,"column":74}}]},"1":{"loc":{"start":{"line":74,"column":4},"end":{"line":77,"column":5}},"type":"if","locations":[{"start":{"line":74,"column":4},"end":{"line":77,"column":5}}]},"2":{"loc":{"start":{"line":94,"column":18},"end":{"line":94,"column":39}},"type":"cond-expr","locations":[{"start":{"line":94,"column":30},"end":{"line":94,"column":34}},{"start":{"line":94,"column":34},"end":{"line":94,"column":39}}]},"3":{"loc":{"start":{"line":94,"column":18},"end":{"line":94,"column":34}},"type":"binary-expr","locations":[{"start":{"line":94,"column":18},"end":{"line":94,"column":34}},{"start":{"line":94,"column":30},"end":{"line":94,"column":34}}]},"4":{"loc":{"start":{"line":111,"column":85},"end":{"line":111,"column":96}},"type":"default-arg","locations":[{"start":{"line":111,"column":92},"end":{"line":111,"column":96}}]},"5":{"loc":{"start":{"line":114,"column":4},"end":{"line":117,"column":5}},"type":"if","locations":[{"start":{"line":114,"column":4},"end":{"line":117,"column":5}}]},"6":{"loc":{"start":{"line":120,"column":4},"end":{"line":136,"column":5}},"type":"if","locations":[{"start":{"line":120,"column":4},"end":{"line":136,"column":5}}]},"7":{"loc":{"start":{"line":142,"column":17},"end":{"line":142,"column":73}},"type":"cond-expr","locations":[{"start":{"line":142,"column":34},"end":{"line":142,"column":54}},{"start":{"line":142,"column":57},"end":{"line":142,"column":73}}]},"8":{"loc":{"start":{"line":157,"column":81},"end":{"line":157,"column":92}},"type":"default-arg","locations":[{"start":{"line":157,"column":88},"end":{"line":157,"column":92}}]},"9":{"loc":{"start":{"line":160,"column":4},"end":{"line":163,"column":5}},"type":"if","locations":[{"start":{"line":160,"column":4},"end":{"line":163,"column":5}}]},"10":{"loc":{"start":{"line":171,"column":61},"end":{"line":171,"column":72}},"type":"default-arg","locations":[{"start":{"line":171,"column":68},"end":{"line":171,"column":72}}]},"11":{"loc":{"start":{"line":174,"column":4},"end":{"line":177,"column":5}},"type":"if","locations":[{"start":{"line":174,"column":4},"end":{"line":177,"column":5}}]},"12":{"loc":{"start":{"line":182,"column":68},"end":{"line":182,"column":79}},"type":"default-arg","locations":[{"start":{"line":182,"column":75},"end":{"line":182,"column":79}}]}},"s":{"0":2,"1":2,"2":2,"3":2,"4":2,"5":1,"6":1,"7":1,"8":1,"9":7,"10":7,"11":1,"12":1,"13":6,"14":2,"15":2,"16":1,"17":1,"18":2,"19":2,"20":1,"21":1,"22":1,"23":1,"24":1,"25":0,"26":1,"27":1,"28":1,"29":1,"30":0,"31":0,"32":1,"33":1,"34":1,"35":0,"36":0,"37":1,"38":1,"39":1,"40":2,"41":2},"f":{"0":1,"1":1,"2":7,"3":2,"4":2,"5":1,"6":1,"7":1},"b":{"0":[2],"1":[1],"2":[0,1],"3":[1,1],"4":[2],"5":[1],"6":[1],"7":[1,0],"8":[1],"9":[0],"10":[1],"11":[0],"12":[1]}}
,"C:\\Amorim\\Projetos\\BriefAI\\api\\src\\templates\\dto\\create-template.dto.ts": {"path":"C:\\Amorim\\Projetos\\BriefAI\\api\\src\\templates\\dto\\create-template.dto.ts","statementMap":{"0":{"start":{"line":1,"column":0},"end":{"line":1,"column":88}},"1":{"start":{"line":2,"column":0},"end":{"line":2,"column":46}},"2":{"start":{"line":4,"column":0},"end":{"line":4,"column":13}},"3":{"start":{"line":8,"column":2},"end":{"line":8,"column":null}},"4":{"start":{"line":23,"column":2},"end":{"line":23,"column":null}},"5":{"start":{"line":28,"column":2},"end":{"line":28,"column":null}}},"fnMap":{},"branchMap":{},"s":{"0":1,"1":1,"2":1,"3":1,"4":1,"5":1},"f":{},"b":{}}
,"C:\\Amorim\\Projetos\\BriefAI\\api\\src\\templates\\dto\\publish-template.dto.ts": {"path":"C:\\Amorim\\Projetos\\BriefAI\\api\\src\\templates\\dto\\publish-template.dto.ts","statementMap":{"0":{"start":{"line":1,"column":0},"end":{"line":1,"column":44}},"1":{"start":{"line":2,"column":0},"end":{"line":2,"column":46}},"2":{"start":{"line":4,"column":0},"end":{"line":4,"column":13}},"3":{"start":{"line":7,"column":2},"end":{"line":7,"column":null}}},"fnMap":{},"branchMap":{},"s":{"0":1,"1":1,"2":1,"3":1},"f":{},"b":{}}
,"C:\\Amorim\\Projetos\\BriefAI\\api\\src\\templates\\dto\\update-template.dto.ts": {"path":"C:\\Amorim\\Projetos\\BriefAI\\api\\src\\templates\\dto\\update-template.dto.ts","statementMap":{"0":{"start":{"line":1,"column":0},"end":{"line":1,"column":76}},"1":{"start":{"line":2,"column":0},"end":{"line":2,"column":46}},"2":{"start":{"line":4,"column":0},"end":{"line":4,"column":13}},"3":{"start":{"line":8,"column":2},"end":{"line":8,"column":null}},"4":{"start":{"line":16,"column":2},"end":{"line":16,"column":null}},"5":{"start":{"line":21,"column":2},"end":{"line":21,"column":null}}},"fnMap":{},"branchMap":{},"s":{"0":1,"1":1,"2":1,"3":1,"4":1,"5":1},"f":{},"b":{}}
,"C:\\Amorim\\Projetos\\BriefAI\\api\\src\\tenant\\tenant.decorator.ts": {"path":"C:\\Amorim\\Projetos\\BriefAI\\api\\src\\tenant\\tenant.decorator.ts","statementMap":{"0":{"start":{"line":1,"column":0},"end":{"line":1,"column":72}},"1":{"start":{"line":3,"column":13},"end":{"line":8,"column":2}},"2":{"start":{"line":5,"column":20},"end":{"line":5,"column":51}},"3":{"start":{"line":6,"column":4},"end":{"line":6,"column":26}}},"fnMap":{"0":{"name":"(anonymous_0)","decl":{"start":{"line":4,"column":2},"end":{"line":4,"column":3}},"loc":{"start":{"line":4,"column":43},"end":{"line":7,"column":3}}}},"branchMap":{},"s":{"0":4,"1":4,"2":0,"3":0},"f":{"0":0},"b":{}}
,"C:\\Amorim\\Projetos\\BriefAI\\api\\src\\tenant\\tenant.guard.ts": {"path":"C:\\Amorim\\Projetos\\BriefAI\\api\\src\\tenant\\tenant.guard.ts","statementMap":{"0":{"start":{"line":1,"column":0},"end":{"line":1,"column":95}},"1":{"start":{"line":2,"column":0},"end":{"line":2,"column":46}},"2":{"start":{"line":5,"column":7},"end":{"line":13,"column":null}},"3":{"start":{"line":7,"column":20},"end":{"line":7,"column":55}},"4":{"start":{"line":8,"column":19},"end":{"line":8,"column":33}},"5":{"start":{"line":9,"column":4},"end":{"line":9,"column":70}},"6":{"start":{"line":9,"column":17},"end":{"line":9,"column":70}},"7":{"start":{"line":10,"column":4},"end":{"line":10,"column":99}},"8":{"start":{"line":10,"column":47},"end":{"line":10,"column":99}},"9":{"start":{"line":11,"column":4},"end":{"line":11,"column":16}},"10":{"start":{"line":5,"column":13},"end":{"line":5,"column":30}},"11":{"start":{"line":5,"column":13},"end":{"line":13,"column":null}}},"fnMap":{"0":{"name":"(anonymous_1)","decl":{"start":{"line":6,"column":2},"end":{"line":6,"column":13}},"loc":{"start":{"line":6,"column":39},"end":{"line":12,"column":3}}}},"branchMap":{"0":{"loc":{"start":{"line":9,"column":4},"end":{"line":9,"column":70}},"type":"if","locations":[{"start":{"line":9,"column":4},"end":{"line":9,"column":70}}]},"1":{"loc":{"start":{"line":10,"column":4},"end":{"line":10,"column":99}},"type":"if","locations":[{"start":{"line":10,"column":4},"end":{"line":10,"column":99}}]}},"s":{"0":1,"1":1,"2":1,"3":2,"4":2,"5":2,"6":0,"7":2,"8":1,"9":1,"10":1,"11":1},"f":{"0":2},"b":{"0":[0],"1":[1]}}
,"C:\\Amorim\\Projetos\\BriefAI\\api\\src\\tenant\\tenant.middleware.ts": {"path":"C:\\Amorim\\Projetos\\BriefAI\\api\\src\\tenant\\tenant.middleware.ts","statementMap":{"0":{"start":{"line":1,"column":0},"end":{"line":1,"column":81}},"1":{"start":{"line":2,"column":0},"end":{"line":2,"column":57}},"2":{"start":{"line":6,"column":7},"end":{"line":37,"column":null}},"3":{"start":{"line":7,"column":31},"end":{"line":7,"column":39}},"4":{"start":{"line":11,"column":24},"end":{"line":11,"column":38}},"5":{"start":{"line":13,"column":6},"end":{"line":15,"column":36}},"6":{"start":{"line":17,"column":24},"end":{"line":17,"column":88}},"7":{"start":{"line":19,"column":4},"end":{"line":24,"column":5}},"8":{"start":{"line":20,"column":6},"end":{"line":22,"column":7}},"9":{"start":{"line":21,"column":8},"end":{"line":21,"column":22}},"10":{"start":{"line":23,"column":6},"end":{"line":23,"column":60}},"11":{"start":{"line":26,"column":19},"end":{"line":26,"column":87}},"12":{"start":{"line":27,"column":4},"end":{"line":32,"column":5}},"13":{"start":{"line":28,"column":6},"end":{"line":30,"column":7}},"14":{"start":{"line":29,"column":8},"end":{"line":29,"column":22}},"15":{"start":{"line":31,"column":6},"end":{"line":31,"column":61}},"16":{"start":{"line":34,"column":5},"end":{"line":34,"column":33}},"17":{"start":{"line":35,"column":4},"end":{"line":35,"column":11}},"18":{"start":{"line":6,"column":13},"end":{"line":6,"column":29}},"19":{"start":{"line":6,"column":13},"end":{"line":37,"column":null}},"20":{"start":{"line":41,"column":16},"end":{"line":41,"column":35}},"21":{"start":{"line":42,"column":2},"end":{"line":42,"column":40}},"22":{"start":{"line":42,"column":24},"end":{"line":42,"column":40}},"23":{"start":{"line":43,"column":2},"end":{"line":43,"column":14}}},"fnMap":{"0":{"name":"(anonymous_2)","decl":{"start":{"line":7,"column":2},"end":{"line":7,"column":31}},"loc":{"start":{"line":7,"column":52},"end":{"line":7,"column":56}}},"1":{"name":"(anonymous_3)","decl":{"start":{"line":9,"column":2},"end":{"line":9,"column":7}},"loc":{"start":{"line":9,"column":59},"end":{"line":36,"column":3}}},"2":{"name":"getSubdomain","decl":{"start":{"line":39,"column":9},"end":{"line":39,"column":21}},"loc":{"start":{"line":39,"column":38},"end":{"line":44,"column":1}}}},"branchMap":{"0":{"loc":{"start":{"line":11,"column":24},"end":{"line":11,"column":38}},"type":"binary-expr","locations":[{"start":{"line":11,"column":24},"end":{"line":11,"column":32}},{"start":{"line":11,"column":36},"end":{"line":11,"column":38}}]},"1":{"loc":{"start":{"line":13,"column":6},"end":{"line":15,"column":36}},"type":"binary-expr","locations":[{"start":{"line":13,"column":6},"end":{"line":13,"column":37}},{"start":{"line":14,"column":6},"end":{"line":14,"column":39}},{"start":{"line":15,"column":6},"end":{"line":15,"column":36}}]},"2":{"loc":{"start":{"line":17,"column":24},"end":{"line":17,"column":88}},"type":"binary-expr","locations":[{"start":{"line":17,"column":24},"end":{"line":17,"column":58}},{"start":{"line":17,"column":62},"end":{"line":17,"column":88}}]},"3":{"loc":{"start":{"line":19,"column":4},"end":{"line":24,"column":5}},"type":"if","locations":[{"start":{"line":19,"column":4},"end":{"line":24,"column":5}}]},"4":{"loc":{"start":{"line":20,"column":6},"end":{"line":22,"column":7}},"type":"if","locations":[{"start":{"line":20,"column":6},"end":{"line":22,"column":7}}]},"5":{"loc":{"start":{"line":27,"column":4},"end":{"line":32,"column":5}},"type":"if","locations":[{"start":{"line":27,"column":4},"end":{"line":32,"column":5}}]},"6":{"loc":{"start":{"line":28,"column":6},"end":{"line":30,"column":7}},"type":"if","locations":[{"start":{"line":28,"column":6},"end":{"line":30,"column":7}}]},"7":{"loc":{"start":{"line":42,"column":2},"end":{"line":42,"column":40}},"type":"if","locations":[{"start":{"line":42,"column":2},"end":{"line":42,"column":40}}]}},"s":{"0":1,"1":1,"2":1,"3":2,"4":2,"5":2,"6":2,"7":2,"8":1,"9":0,"10":1,"11":1,"12":1,"13":0,"14":0,"15":0,"16":1,"17":1,"18":1,"19":1,"20":1,"21":1,"22":0,"23":1},"f":{"0":2,"1":2,"2":1},"b":{"0":[2,2],"1":[2,2,2],"2":[2,1],"3":[1],"4":[0],"5":[0],"6":[0],"7":[0]}}
}
