TN:
SF:src\ai\ai.controller.ts
FN:15,(anonymous_4)
FN:33,(anonymous_5)
FN:54,(anonymous_6)
FNF:3
FNH:0
FNDA:0,(anonymous_4)
FNDA:0,(anonymous_5)
FNDA:0,(anonymous_6)
DA:1,0
DA:2,0
DA:3,0
DA:4,0
DA:5,0
DA:6,0
DA:7,0
DA:8,0
DA:14,0
DA:15,0
DA:33,0
DA:39,0
DA:54,0
DA:60,0
LF:14
LH:0
BRF:0
BRH:0
end_of_record
TN:
SF:src\ai\ai.service.ts
FN:14,(anonymous_2)
FN:26,(anonymous_3)
FN:98,(anonymous_4)
FN:152,(anonymous_5)
FN:180,(anonymous_6)
FN:191,(anonymous_7)
FN:193,(anonymous_8)
FN:207,(anonymous_9)
FNF:8
FNH:0
FNDA:0,(anonymous_2)
FNDA:0,(anonymous_3)
FNDA:0,(anonymous_4)
FNDA:0,(anonymous_5)
FNDA:0,(anonymous_6)
FNDA:0,(anonymous_7)
FNDA:0,(anonymous_8)
FNDA:0,(anonymous_9)
DA:1,0
DA:2,0
DA:3,0
DA:4,0
DA:5,0
DA:6,0
DA:11,0
DA:15,0
DA:16,0
DA:17,0
DA:19,0
DA:20,0
DA:21,0
DA:23,0
DA:33,0
DA:38,0
DA:39,0
DA:45,0
DA:46,0
DA:47,0
DA:50,0
DA:57,0
DA:58,0
DA:71,0
DA:72,0
DA:75,0
DA:87,0
DA:89,0
DA:105,0
DA:109,0
DA:110,0
DA:115,0
DA:117,0
DA:118,0
DA:131,0
DA:134,0
DA:141,0
DA:143,0
DA:158,0
DA:159,0
DA:161,0
DA:162,0
DA:163,0
DA:164,0
DA:165,0
DA:168,0
DA:171,0
DA:172,0
DA:175,0
DA:177,0
DA:181,0
DA:188,0
DA:193,0
DA:194,0
DA:196,0
DA:198,0
DA:199,0
DA:200,0
DA:204,0
DA:213,0
DA:214,0
DA:224,0
LF:62
LH:0
BRDA:20,0,0,0
BRDA:38,1,0,0
BRDA:40,2,0,0
BRDA:40,2,1,0
BRDA:47,3,0,0
BRDA:47,3,1,0
BRDA:47,3,2,0
BRDA:71,4,0,0
BRDA:71,4,1,0
BRDA:71,5,0,0
BRDA:71,5,1,0
BRDA:71,6,0,0
BRDA:71,6,1,0
BRDA:71,7,0,0
BRDA:71,7,1,0
BRDA:71,8,0,0
BRDA:71,8,1,0
BRDA:83,9,0,0
BRDA:83,9,1,0
BRDA:83,10,0,0
BRDA:83,10,1,0
BRDA:91,11,0,0
BRDA:91,11,1,0
BRDA:109,12,0,0
BRDA:111,13,0,0
BRDA:111,13,1,0
BRDA:131,14,0,0
BRDA:131,14,1,0
BRDA:131,15,0,0
BRDA:131,15,1,0
BRDA:131,16,0,0
BRDA:131,16,1,0
BRDA:131,17,0,0
BRDA:131,17,1,0
BRDA:131,18,0,0
BRDA:131,18,1,0
BRDA:131,19,0,0
BRDA:131,19,1,0
BRDA:131,20,0,0
BRDA:131,20,1,0
BRDA:138,21,0,0
BRDA:138,21,1,0
BRDA:138,22,0,0
BRDA:138,22,1,0
BRDA:145,23,0,0
BRDA:145,23,1,0
BRDA:161,24,0,0
BRDA:164,25,0,0
BRDA:171,26,0,0
BRDA:199,27,0,0
BRF:50
BRH:0
end_of_record
TN:
SF:src\ai\dto\generate-suggestions.dto.ts
FNF:0
FNH:0
DA:1,0
DA:2,0
DA:4,0
DA:11,0
DA:20,0
DA:29,0
LF:6
LH:0
BRF:0
BRH:0
end_of_record
TN:
SF:src\ai\dto\refine-text.dto.ts
FNF:0
FNH:0
DA:1,0
DA:2,0
DA:4,0
DA:11,0
DA:20,0
LF:5
LH:0
BRF:0
BRH:0
end_of_record
TN:
SF:src\attachments\attachments.controller.ts
FN:29,(anonymous_4)
FN:57,(anonymous_5)
FN:80,(anonymous_6)
FN:100,(anonymous_7)
FN:113,(anonymous_8)
FN:141,(anonymous_9)
FN:162,(anonymous_10)
FNF:7
FNH:0
FNDA:0,(anonymous_4)
FNDA:0,(anonymous_5)
FNDA:0,(anonymous_6)
FNDA:0,(anonymous_7)
FNDA:0,(anonymous_8)
FNDA:0,(anonymous_9)
FNDA:0,(anonymous_10)
DA:1,0
DA:14,0
DA:15,0
DA:17,0
DA:18,0
DA:19,0
DA:20,0
DA:22,0
DA:28,0
DA:29,0
DA:57,0
DA:65,0
DA:80,0
DA:87,0
DA:100,0
DA:106,0
DA:113,0
DA:120,0
DA:127,0
DA:133,0
DA:141,0
DA:148,0
DA:162,0
DA:168,0
LF:24
LH:0
BRDA:61,0,0,0
BRDA:62,1,0,0
BRDA:63,2,0,0
BRDA:83,3,0,0
BRDA:84,4,0,0
BRDA:85,5,0,0
BRDA:102,6,0,0
BRDA:103,7,0,0
BRDA:104,8,0,0
BRDA:116,9,0,0
BRDA:117,10,0,0
BRDA:118,11,0,0
BRDA:144,12,0,0
BRDA:145,13,0,0
BRDA:146,14,0,0
BRDA:152,15,0,0
BRDA:152,15,1,0
BRDA:164,16,0,0
BRDA:165,17,0,0
BRDA:166,18,0,0
BRF:20
BRH:0
end_of_record
TN:
SF:src\attachments\attachments.service.ts
FN:15,(anonymous_4)
FN:25,(anonymous_5)
FN:102,(anonymous_6)
FN:137,(anonymous_7)
FN:167,(anonymous_8)
FN:180,(anonymous_9)
FN:208,(anonymous_10)
FN:216,(anonymous_11)
FN:217,(anonymous_12)
FN:226,(anonymous_13)
FN:249,(anonymous_14)
FNF:11
FNH:0
FNDA:0,(anonymous_4)
FNDA:0,(anonymous_5)
FNDA:0,(anonymous_6)
FNDA:0,(anonymous_7)
FNDA:0,(anonymous_8)
FNDA:0,(anonymous_9)
FNDA:0,(anonymous_10)
FNDA:0,(anonymous_11)
FNDA:0,(anonymous_12)
FNDA:0,(anonymous_13)
FNDA:0,(anonymous_14)
DA:1,0
DA:2,0
DA:3,0
DA:5,0
DA:6,0
DA:7,0
DA:8,0
DA:11,0
DA:16,0
DA:17,0
DA:18,0
DA:19,0
DA:21,0
DA:22,0
DA:34,0
DA:35,0
DA:44,0
DA:45,0
DA:51,0
DA:52,0
DA:55,0
DA:56,0
DA:60,0
DA:61,0
DA:64,0
DA:74,0
DA:99,0
DA:110,0
DA:112,0
DA:113,0
DA:114,0
DA:117,0
DA:118,0
DA:119,0
DA:122,0
DA:138,0
DA:151,0
DA:152,0
DA:156,0
DA:157,0
DA:160,0
DA:161,0
DA:164,0
DA:168,0
DA:171,0
DA:173,0
DA:181,0
DA:184,0
DA:188,0
DA:189,0
DA:193,0
DA:194,0
DA:197,0
DA:201,0
DA:203,0
DA:209,0
DA:211,0
DA:213,0
DA:217,0
DA:218,0
DA:219,0
DA:220,0
DA:222,0
DA:227,0
DA:231,0
DA:232,0
DA:236,0
DA:240,0
DA:244,0
DA:245,0
DA:250,0
DA:254,0
DA:255,0
DA:259,0
DA:263,0
DA:264,0
LF:76
LH:0
BRDA:31,0,0,0
BRDA:34,1,0,0
BRDA:44,2,0,0
BRDA:51,3,0,0
BRDA:55,4,0,0
BRDA:107,5,0,0
BRDA:112,6,0,0
BRDA:117,7,0,0
BRDA:137,8,0,0
BRDA:151,9,0,0
BRDA:156,10,0,0
BRDA:160,11,0,0
BRDA:167,12,0,0
BRDA:180,13,0,0
BRDA:188,14,0,0
BRDA:188,15,0,0
BRDA:188,15,1,0
BRDA:208,16,0,0
BRDA:208,17,0,0
BRDA:218,18,0,0
BRDA:231,19,0,0
BRDA:244,20,0,0
BRDA:244,21,0,0
BRDA:244,21,1,0
BRDA:244,21,2,0
BRDA:254,22,0,0
BRDA:263,23,0,0
BRF:27
BRH:0
end_of_record
TN:
SF:src\attachments\dto\upload-attachment.dto.ts
FNF:0
FNH:0
DA:1,0
DA:2,0
DA:4,0
DA:11,0
DA:19,0
DA:27,0
LF:6
LH:0
BRF:0
BRH:0
end_of_record
TN:
SF:src\auth\auth.controller.ts
FN:16,(anonymous_4)
FN:19,(anonymous_5)
FN:25,(anonymous_6)
FN:35,(anonymous_7)
FN:42,(anonymous_8)
FNF:5
FNH:0
FNDA:0,(anonymous_4)
FNDA:0,(anonymous_5)
FNDA:0,(anonymous_6)
FNDA:0,(anonymous_7)
FNDA:0,(anonymous_8)
DA:1,0
DA:3,0
DA:4,0
DA:5,0
DA:6,0
DA:8,0
DA:9,0
DA:10,0
DA:11,0
DA:15,0
DA:16,0
DA:19,0
DA:20,0
DA:21,0
DA:25,0
DA:29,0
DA:30,0
DA:35,0
DA:36,0
DA:42,0
DA:43,0
LF:21
LH:0
BRDA:20,0,0,0
BRDA:20,0,1,0
BRDA:20,1,0,0
BRDA:20,1,1,0
BRDA:29,2,0,0
BRDA:29,2,1,0
BRDA:29,3,0,0
BRDA:29,3,1,0
BRF:8
BRH:0
end_of_record
TN:
SF:src\auth\auth.service.ts
FN:26,(anonymous_2)
FN:31,(anonymous_3)
FN:45,(anonymous_4)
FN:92,(anonymous_5)
FN:114,(anonymous_6)
FN:127,(anonymous_7)
FN:161,(anonymous_8)
FN:171,(anonymous_9)
FNF:8
FNH:0
FNDA:0,(anonymous_2)
FNDA:0,(anonymous_3)
FNDA:0,(anonymous_4)
FNDA:0,(anonymous_5)
FNDA:0,(anonymous_6)
FNDA:0,(anonymous_7)
FNDA:0,(anonymous_8)
FNDA:0,(anonymous_9)
DA:1,0
DA:8,0
DA:9,0
DA:16,0
DA:17,0
DA:25,0
DA:27,0
DA:28,0
DA:35,0
DA:36,0
DA:42,0
DA:49,0
DA:50,0
DA:51,0
DA:56,0
DA:57,0
DA:58,0
DA:61,0
DA:64,0
DA:65,0
DA:68,0
DA:70,0
DA:80,0
DA:81,0
DA:89,0
DA:96,0
DA:97,0
DA:100,0
DA:101,0
DA:104,0
DA:107,0
DA:108,0
DA:111,0
DA:115,0
DA:117,0
DA:119,0
DA:121,0
DA:123,0
DA:135,0
DA:140,0
DA:141,0
DA:144,0
DA:145,0
DA:146,0
DA:149,0
DA:150,0
DA:151,0
DA:153,0
DA:156,0
DA:157,0
DA:160,0
DA:161,0
DA:164,0
DA:165,0
DA:168,0
DA:176,0
DA:185,0
DA:187,0
DA:198,0
LF:59
LH:0
BRDA:35,0,0,0
BRDA:35,0,1,0
BRDA:35,1,0,0
BRDA:35,1,1,0
BRDA:49,2,0,0
BRDA:49,2,1,0
BRDA:49,3,0,0
BRDA:49,3,1,0
BRDA:50,4,0,0
BRDA:56,5,0,0
BRDA:56,5,1,0
BRDA:56,6,0,0
BRDA:56,6,1,0
BRDA:57,7,0,0
BRDA:64,8,0,0
BRDA:76,9,0,0
BRDA:76,9,1,0
BRDA:76,10,0,0
BRDA:76,10,1,0
BRDA:96,11,0,0
BRDA:100,12,0,0
BRDA:107,13,0,0
BRDA:115,14,0,0
BRDA:115,14,1,0
BRDA:115,14,2,0
BRDA:115,14,3,0
BRDA:140,15,0,0
BRDA:145,16,0,0
BRDA:149,17,0,0
BRDA:150,18,0,0
BRDA:156,19,0,0
BRDA:164,20,0,0
BRDA:180,21,0,0
BRDA:180,21,1,0
BRDA:180,22,0,0
BRDA:180,22,1,0
BRDA:180,23,0,0
BRDA:180,23,1,0
BRDA:180,24,0,0
BRDA:180,24,1,0
BRDA:181,25,0,0
BRDA:181,25,1,0
BRDA:181,26,0,0
BRDA:181,26,1,0
BRDA:181,27,0,0
BRDA:181,27,1,0
BRDA:181,28,0,0
BRDA:181,28,1,0
BRDA:182,29,0,0
BRDA:182,29,1,0
BRDA:182,30,0,0
BRDA:182,30,1,0
BRDA:182,31,0,0
BRDA:182,31,1,0
BRDA:182,32,0,0
BRDA:182,32,1,0
BRDA:193,33,0,0
BRDA:193,33,1,0
BRDA:193,34,0,0
BRDA:193,34,1,0
BRDA:193,35,0,0
BRDA:193,35,1,0
BRDA:193,36,0,0
BRDA:193,36,1,0
BRDA:194,37,0,0
BRDA:194,37,1,0
BRDA:194,38,0,0
BRDA:194,38,1,0
BRDA:194,39,0,0
BRDA:194,39,1,0
BRDA:194,40,0,0
BRDA:194,40,1,0
BRDA:195,41,0,0
BRDA:195,41,1,0
BRDA:195,42,0,0
BRDA:195,42,1,0
BRDA:195,43,0,0
BRDA:195,43,1,0
BRDA:195,44,0,0
BRDA:195,44,1,0
BRF:80
BRH:0
end_of_record
TN:
SF:src\auth\decorators\current-user.decorator.ts
FN:4,(anonymous_0)
FN:12,(anonymous_1)
FNF:2
FNH:0
FNDA:0,(anonymous_0)
FNDA:0,(anonymous_1)
DA:1,0
DA:4,0
DA:7,0
DA:8,0
DA:11,0
DA:13,0
LF:6
LH:0
BRF:0
BRH:0
end_of_record
TN:
SF:src\auth\decorators\roles.decorator.ts
FN:6,(anonymous_0)
FNF:1
FNH:0
FNDA:0,(anonymous_0)
DA:1,0
DA:4,0
DA:6,0
LF:3
LH:0
BRF:0
BRH:0
end_of_record
TN:
SF:src\auth\dto\login.dto.ts
FN:6,(anonymous_2)
FNF:1
FNH:0
FNDA:0,(anonymous_2)
DA:1,0
DA:2,0
DA:4,0
DA:6,0
DA:7,0
DA:11,0
DA:15,0
LF:7
LH:0
BRDA:6,0,0,0
BRDA:6,0,1,0
BRDA:6,1,0,0
BRDA:6,1,1,0
BRDA:6,2,0,0
BRDA:6,2,1,0
BRDA:6,3,0,0
BRDA:6,3,1,0
BRF:8
BRH:0
end_of_record
TN:
SF:src\auth\dto\register.dto.ts
FN:10,(anonymous_2)
FNF:1
FNH:0
FNDA:0,(anonymous_2)
DA:1,0
DA:2,0
DA:3,0
DA:5,0
DA:7,0
DA:10,0
DA:11,0
DA:15,0
DA:21,0
DA:25,0
DA:29,0
LF:11
LH:0
BRDA:10,0,0,0
BRDA:10,0,1,0
BRDA:10,1,0,0
BRDA:10,1,1,0
BRDA:10,2,0,0
BRDA:10,2,1,0
BRDA:10,3,0,0
BRDA:10,3,1,0
BRF:8
BRH:0
end_of_record
TN:
SF:src\auth\guards\jwt-auth.guard.ts
FNF:0
FNH:0
DA:1,0
DA:2,0
DA:5,0
LF:3
LH:0
BRF:0
BRH:0
end_of_record
TN:
SF:src\auth\guards\roles.guard.ts
FN:13,(anonymous_2)
FN:15,(anonymous_3)
FNF:2
FNH:0
FNDA:0,(anonymous_2)
FNDA:0,(anonymous_3)
DA:1,0
DA:7,0
DA:8,0
DA:9,0
DA:12,0
DA:13,0
DA:16,0
DA:21,0
DA:22,0
DA:25,0
DA:26,0
DA:28,0
DA:29,0
DA:32,0
DA:33,0
DA:36,0
DA:37,0
DA:40,0
LF:18
LH:0
BRDA:21,0,0,0
BRDA:21,1,0,0
BRDA:21,1,1,0
BRDA:28,2,0,0
BRDA:28,3,0,0
BRDA:28,3,1,0
BRDA:32,4,0,0
BRDA:36,5,0,0
BRF:8
BRH:0
end_of_record
TN:
SF:src\auth\strategies\jwt.strategy.ts
FN:10,(anonymous_2)
FN:18,(anonymous_3)
FNF:2
FNH:0
FNDA:0,(anonymous_2)
FNDA:0,(anonymous_3)
DA:1,0
DA:2,0
DA:3,0
DA:4,0
DA:9,0
DA:10,0
DA:11,0
DA:19,0
DA:23,0
DA:24,0
DA:27,0
LF:11
LH:0
BRDA:14,0,0,0
BRDA:14,0,1,0
BRDA:23,1,0,0
BRF:3
BRH:0
end_of_record
TN:
SF:src\briefs\briefs.controller.ts
FN:28,(anonymous_4)
FN:35,(anonymous_5)
FN:48,(anonymous_6)
FN:61,(anonymous_7)
FN:74,(anonymous_8)
FN:89,(anonymous_9)
FNF:6
FNH:0
FNDA:0,(anonymous_4)
FNDA:0,(anonymous_5)
FNDA:0,(anonymous_6)
FNDA:0,(anonymous_7)
FNDA:0,(anonymous_8)
FNDA:0,(anonymous_9)
DA:1,0
DA:12,0
DA:13,0
DA:14,0
DA:15,0
DA:16,0
DA:17,0
DA:18,0
DA:19,0
DA:21,0
DA:27,0
DA:28,0
DA:35,0
DA:41,0
DA:48,0
DA:54,0
DA:61,0
DA:66,0
DA:74,0
DA:81,0
DA:89,0
DA:95,0
LF:22
LH:0
BRF:0
BRH:0
end_of_record
TN:
SF:src\briefs\briefs.service.ts
FN:13,(anonymous_2)
FN:20,(anonymous_3)
FN:54,(anonymous_4)
FN:84,(anonymous_5)
FN:134,(anonymous_6)
FN:184,(anonymous_7)
FN:210,(anonymous_8)
FN:215,(anonymous_9)
FNF:8
FNH:0
FNDA:0,(anonymous_2)
FNDA:0,(anonymous_3)
FNDA:0,(anonymous_4)
FNDA:0,(anonymous_5)
FNDA:0,(anonymous_6)
FNDA:0,(anonymous_7)
FNDA:0,(anonymous_8)
FNDA:0,(anonymous_9)
DA:1,0
DA:2,0
DA:3,0
DA:4,0
DA:5,0
DA:10,0
DA:14,0
DA:15,0
DA:17,0
DA:26,0
DA:28,0
DA:29,0
DA:32,0
DA:33,0
DA:37,0
DA:38,0
DA:44,0
DA:55,0
DA:63,0
DA:64,0
DA:70,0
DA:71,0
DA:74,0
DA:75,0
DA:81,0
DA:86,0
DA:93,0
DA:94,0
DA:100,0
DA:101,0
DA:105,0
DA:106,0
DA:109,0
DA:110,0
DA:116,0
DA:131,0
DA:141,0
DA:146,0
DA:147,0
DA:153,0
DA:156,0
DA:157,0
DA:163,0
DA:164,0
DA:167,0
DA:181,0
DA:185,0
DA:189,0
DA:190,0
DA:196,0
DA:199,0
DA:200,0
DA:205,0
DA:207,0
DA:211,0
DA:212,0
DA:214,0
DA:215,0
DA:216,0
LF:59
LH:0
BRDA:28,0,0,0
BRDA:32,1,0,0
BRDA:37,2,0,0
BRDA:63,3,0,0
BRDA:65,4,0,0
BRDA:65,4,1,0
BRDA:70,5,0,0
BRDA:74,6,0,0
BRDA:74,7,0,0
BRDA:74,7,1,0
BRDA:76,8,0,0
BRDA:76,8,1,0
BRDA:93,9,0,0
BRDA:100,10,0,0
BRDA:105,11,0,0
BRDA:109,12,0,0
BRDA:121,13,0,0
BRDA:121,13,1,0
BRDA:146,14,0,0
BRDA:148,15,0,0
BRDA:148,15,1,0
BRDA:156,16,0,0
BRDA:156,17,0,0
BRDA:156,17,1,0
BRDA:158,18,0,0
BRDA:158,18,1,0
BRDA:163,19,0,0
BRDA:189,20,0,0
BRDA:191,21,0,0
BRDA:191,21,1,0
BRDA:199,22,0,0
BRDA:201,23,0,0
BRDA:201,23,1,0
BRDA:207,24,0,0
BRDA:207,24,1,0
BRDA:214,25,0,0
BRDA:215,26,0,0
BRDA:215,26,1,0
BRDA:215,27,0,0
BRDA:215,27,1,0
BRDA:219,28,0,0
BRDA:219,28,1,0
BRF:42
BRH:0
end_of_record
TN:
SF:src\briefs\dto\create-brief.dto.ts
FNF:0
FNH:0
DA:1,0
DA:2,0
DA:4,0
DA:8,0
DA:17,0
DA:29,0
LF:6
LH:0
BRF:0
BRH:0
end_of_record
TN:
SF:src\briefs\dto\update-brief.dto.ts
FNF:0
FNH:0
DA:1,0
DA:2,0
DA:3,0
DA:5,0
DA:16,0
DA:26,0
DA:39,0
LF:7
LH:0
BRF:0
BRH:0
end_of_record
TN:
SF:src\collaborations\collaborations.controller.ts
FN:27,(anonymous_4)
FN:34,(anonymous_5)
FN:53,(anonymous_6)
FN:71,(anonymous_7)
FN:91,(anonymous_8)
FN:111,(anonymous_9)
FN:117,(anonymous_10)
FN:136,(anonymous_11)
FN:154,(anonymous_12)
FNF:9
FNH:0
FNDA:0,(anonymous_4)
FNDA:0,(anonymous_5)
FNDA:0,(anonymous_6)
FNDA:0,(anonymous_7)
FNDA:0,(anonymous_8)
FNDA:0,(anonymous_9)
FNDA:0,(anonymous_10)
FNDA:0,(anonymous_11)
FNDA:0,(anonymous_12)
DA:1,0
DA:11,0
DA:12,0
DA:13,0
DA:14,0
DA:15,0
DA:16,0
DA:17,0
DA:18,0
DA:20,0
DA:26,0
DA:27,0
DA:34,0
DA:41,0
DA:53,0
DA:59,0
DA:71,0
DA:78,0
DA:91,0
DA:97,0
DA:110,0
DA:111,0
DA:117,0
DA:124,0
DA:136,0
DA:142,0
DA:154,0
DA:160,0
LF:28
LH:0
BRF:0
BRH:0
end_of_record
TN:
SF:src\collaborations\collaborations.service.ts
FN:11,(anonymous_2)
FN:16,(anonymous_3)
FN:83,(anonymous_4)
FN:112,(anonymous_5)
FN:157,(anonymous_6)
FN:199,(anonymous_7)
FN:223,(anonymous_8)
FN:241,(anonymous_9)
FN:281,(anonymous_10)
FNF:9
FNH:0
FNDA:0,(anonymous_2)
FNDA:0,(anonymous_3)
FNDA:0,(anonymous_4)
FNDA:0,(anonymous_5)
FNDA:0,(anonymous_6)
FNDA:0,(anonymous_7)
FNDA:0,(anonymous_8)
FNDA:0,(anonymous_9)
FNDA:0,(anonymous_10)
DA:1,0
DA:2,0
DA:3,0
DA:4,0
DA:10,0
DA:12,0
DA:13,0
DA:24,0
DA:29,0
DA:30,0
DA:36,0
DA:37,0
DA:41,0
DA:42,0
DA:48,0
DA:52,0
DA:53,0
DA:59,0
DA:63,0
DA:64,0
DA:69,0
DA:80,0
DA:90,0
DA:94,0
DA:95,0
DA:101,0
DA:103,0
DA:119,0
DA:124,0
DA:125,0
DA:130,0
DA:131,0
DA:137,0
DA:138,0
DA:142,0
DA:143,0
DA:148,0
DA:163,0
DA:168,0
DA:169,0
DA:174,0
DA:175,0
DA:181,0
DA:182,0
DA:183,0
DA:187,0
DA:188,0
DA:193,0
DA:195,0
DA:207,0
DA:209,0
DA:220,0
DA:230,0
DA:232,0
DA:247,0
DA:252,0
DA:253,0
DA:258,0
DA:259,0
DA:265,0
DA:266,0
DA:270,0
DA:271,0
DA:276,0
DA:278,0
DA:288,0
DA:292,0
DA:293,0
DA:299,0
DA:302,0
DA:305,0
DA:308,0
DA:312,0
DA:313,0
DA:319,0
DA:320,0
DA:326,0
DA:327,0
LF:78
LH:0
BRDA:29,0,0,0
BRDA:31,1,0,0
BRDA:31,1,1,0
BRDA:41,2,0,0
BRDA:41,3,0,0
BRDA:41,3,1,0
BRDA:43,4,0,0
BRDA:43,4,1,0
BRDA:52,5,0,0
BRDA:54,6,0,0
BRDA:54,6,1,0
BRDA:63,7,0,0
BRDA:65,8,0,0
BRDA:65,8,1,0
BRDA:94,9,0,0
BRDA:96,10,0,0
BRDA:96,10,1,0
BRDA:124,11,0,0
BRDA:126,12,0,0
BRDA:126,12,1,0
BRDA:130,13,0,0
BRDA:132,14,0,0
BRDA:132,14,1,0
BRDA:142,15,0,0
BRDA:142,16,0,0
BRDA:142,16,1,0
BRDA:144,17,0,0
BRDA:144,17,1,0
BRDA:168,18,0,0
BRDA:170,19,0,0
BRDA:170,19,1,0
BRDA:174,20,0,0
BRDA:176,21,0,0
BRDA:176,21,1,0
BRDA:187,22,0,0
BRDA:187,23,0,0
BRDA:187,23,1,0
BRDA:187,23,2,0
BRDA:189,24,0,0
BRDA:189,24,1,0
BRDA:195,25,0,0
BRDA:195,25,1,0
BRDA:252,26,0,0
BRDA:254,27,0,0
BRDA:254,27,1,0
BRDA:258,28,0,0
BRDA:260,29,0,0
BRDA:260,29,1,0
BRDA:270,30,0,0
BRDA:270,31,0,0
BRDA:270,31,1,0
BRDA:272,32,0,0
BRDA:272,32,1,0
BRDA:278,33,0,0
BRDA:278,33,1,0
BRDA:292,34,0,0
BRDA:294,35,0,0
BRDA:294,35,1,0
BRDA:299,36,0,0
BRDA:305,37,0,0
BRDA:312,38,0,0
BRDA:314,39,0,0
BRDA:314,39,1,0
BRDA:319,40,0,0
BRDA:326,41,0,0
BRDA:328,42,0,0
BRDA:328,42,1,0
BRF:67
BRH:0
end_of_record
TN:
SF:src\collaborations\dto\add-collaborator.dto.ts
FNF:0
FNH:0
DA:1,0
DA:2,0
DA:3,0
DA:5,0
DA:12,0
DA:21,0
LF:6
LH:0
BRF:0
BRH:0
end_of_record
TN:
SF:src\collaborations\dto\create-comment.dto.ts
FNF:0
FNH:0
DA:1,0
DA:2,0
DA:4,0
DA:11,0
LF:4
LH:0
BRF:0
BRH:0
end_of_record
TN:
SF:src\collaborations\dto\update-collaboration.dto.ts
FNF:0
FNH:0
DA:1,0
DA:2,0
DA:3,0
DA:5,0
DA:12,0
LF:5
LH:0
BRF:0
BRH:0
end_of_record
TN:
SF:src\dashboard\dashboard.controller.ts
FN:9,(anonymous_4)
FN:22,(anonymous_5)
FNF:2
FNH:2
FNDA:2,(anonymous_4)
FNDA:1,(anonymous_5)
DA:1,1
DA:2,1
DA:3,1
DA:8,1
DA:9,2
DA:22,1
DA:24,1
DA:25,1
LF:8
LH:8
BRF:0
BRH:0
end_of_record
TN:
SF:src\dashboard\dashboard.service.ts
FN:6,(anonymous_2)
FN:8,(anonymous_3)
FNF:2
FNH:2
FNDA:3,(anonymous_2)
FNDA:2,(anonymous_3)
DA:1,2
DA:2,2
DA:5,2
DA:6,3
DA:10,2
DA:18,2
DA:25,2
DA:27,2
DA:34,2
DA:35,2
DA:39,2
DA:41,2
LF:12
LH:12
BRDA:39,0,0,2
BRDA:39,0,1,1
BRF:2
BRH:2
end_of_record
TN:
SF:src\exports\exports.controller.ts
FN:25,(anonymous_4)
FN:35,(anonymous_5)
FNF:2
FNH:0
FNDA:0,(anonymous_4)
FNDA:0,(anonymous_5)
DA:1,0
DA:10,0
DA:12,0
DA:13,0
DA:14,0
DA:15,0
DA:16,0
DA:18,0
DA:24,0
DA:25,0
DA:35,0
DA:43,0
DA:56,0
DA:62,0
LF:14
LH:0
BRDA:39,0,0,0
BRDA:40,1,0,0
BRDA:41,2,0,0
BRDA:47,3,0,0
BRDA:47,3,1,0
BRF:5
BRH:0
end_of_record
TN:
SF:src\exports\exports.service.ts
FN:13,(anonymous_4)
FN:19,(anonymous_5)
FN:46,(anonymous_6)
FN:116,(anonymous_7)
FN:135,(anonymous_8)
FN:139,(anonymous_9)
FN:186,(anonymous_10)
FN:200,(anonymous_11)
FN:209,(anonymous_12)
FN:210,(anonymous_13)
FN:221,(anonymous_14)
FN:241,(anonymous_15)
FN:260,(anonymous_16)
FN:264,(anonymous_17)
FN:288,(anonymous_18)
FN:289,(anonymous_19)
FN:298,(anonymous_20)
FN:304,(anonymous_21)
FN:314,(anonymous_22)
FNF:19
FNH:0
FNDA:0,(anonymous_4)
FNDA:0,(anonymous_5)
FNDA:0,(anonymous_6)
FNDA:0,(anonymous_7)
FNDA:0,(anonymous_8)
FNDA:0,(anonymous_9)
FNDA:0,(anonymous_10)
FNDA:0,(anonymous_11)
FNDA:0,(anonymous_12)
FNDA:0,(anonymous_13)
FNDA:0,(anonymous_14)
FNDA:0,(anonymous_15)
FNDA:0,(anonymous_16)
FNDA:0,(anonymous_17)
FNDA:0,(anonymous_18)
FNDA:0,(anonymous_19)
FNDA:0,(anonymous_20)
FNDA:0,(anonymous_21)
FNDA:0,(anonymous_22)
DA:1,0
DA:2,0
DA:3,0
DA:4,0
DA:5,0
DA:6,0
DA:9,0
DA:12,0
DA:14,0
DA:15,0
DA:16,0
DA:32,0
DA:34,0
DA:36,0
DA:38,0
DA:40,0
DA:42,0
DA:52,0
DA:106,0
DA:107,0
DA:111,0
DA:113,0
DA:117,0
DA:121,0
DA:130,0
DA:131,0
DA:136,0
DA:137,0
DA:139,0
DA:142,0
DA:143,0
DA:144,0
DA:145,0
DA:146,0
DA:147,0
DA:148,0
DA:151,0
DA:152,0
DA:155,0
DA:156,0
DA:158,0
DA:159,0
DA:160,0
DA:162,0
DA:163,0
DA:164,0
DA:165,0
DA:166,0
DA:167,0
DA:168,0
DA:174,0
DA:175,0
DA:176,0
DA:177,0
DA:181,0
DA:182,0
DA:183,0
DA:184,0
DA:186,0
DA:187,0
DA:188,0
DA:189,0
DA:190,0
DA:195,0
DA:196,0
DA:197,0
DA:198,0
DA:200,0
DA:201,0
DA:202,0
DA:203,0
DA:207,0
DA:209,0
DA:210,0
DA:211,0
DA:212,0
DA:222,0
DA:236,0
DA:237,0
DA:240,0
DA:241,0
DA:251,0
DA:253,0
DA:261,0
DA:262,0
DA:264,0
DA:267,0
DA:268,0
DA:271,0
DA:272,0
DA:275,0
DA:276,0
DA:277,0
DA:278,0
DA:279,0
DA:281,0
DA:286,0
DA:288,0
DA:289,0
DA:290,0
DA:291,0
DA:298,0
DA:299,0
DA:305,0
DA:306,0
DA:308,0
DA:309,0
DA:311,0
DA:315,0
DA:316,0
DA:317,0
DA:318,0
DA:319,0
LF:113
LH:0
BRDA:29,0,0,0
BRDA:34,1,0,0
BRDA:34,1,1,0
BRDA:34,1,2,0
BRDA:34,1,3,0
BRDA:106,2,0,0
BRDA:130,3,0,0
BRDA:130,4,0,0
BRDA:130,4,1,0
BRDA:130,4,2,0
BRDA:144,5,0,0
BRDA:144,5,1,0
BRDA:144,6,0,0
BRDA:144,6,1,0
BRDA:144,7,0,0
BRDA:144,7,1,0
BRDA:158,8,0,0
BRDA:158,8,1,0
BRDA:162,9,0,0
BRDA:165,10,0,0
BRDA:166,11,0,0
BRDA:166,11,1,0
BRDA:181,12,0,0
BRDA:181,13,0,0
BRDA:181,13,1,0
BRDA:195,14,0,0
BRDA:236,15,0,0
BRDA:240,16,0,0
BRDA:275,17,0,0
BRDA:275,18,0,0
BRDA:275,18,1,0
BRDA:305,19,0,0
BRDA:308,20,0,0
BRDA:308,21,0,0
BRDA:308,21,1,0
BRDA:315,22,0,0
BRF:36
BRH:0
end_of_record
TN:
SF:src\exports\dto\export-briefing.dto.ts
FN:4,(anonymous_2)
FN:10,(anonymous_3)
FNF:2
FNH:0
FNDA:0,(anonymous_2)
FNDA:0,(anonymous_3)
DA:1,0
DA:2,0
DA:4,0
DA:5,0
DA:6,0
DA:7,0
DA:10,0
DA:18,0
DA:26,0
DA:34,0
DA:42,0
LF:11
LH:0
BRDA:4,0,0,0
BRDA:4,0,1,0
BRF:2
BRH:0
end_of_record
TN:
SF:src\health\health.controller.ts
FN:6,(anonymous_2)
FNF:1
FNH:0
FNDA:0,(anonymous_2)
DA:1,0
DA:4,0
DA:6,0
DA:7,0
LF:4
LH:0
BRF:0
BRH:0
end_of_record
TN:
SF:src\prisma\prisma.service.ts
FN:6,(anonymous_1)
FN:10,(anonymous_2)
FN:12,(anonymous_3)
FNF:3
FNH:0
FNDA:0,(anonymous_1)
FNDA:0,(anonymous_2)
FNDA:0,(anonymous_3)
DA:1,2
DA:2,2
DA:5,2
DA:7,0
DA:12,0
DA:13,0
LF:6
LH:3
BRF:0
BRH:0
end_of_record
TN:
SF:src\storage\storage.constants.ts
FNF:0
FNH:0
DA:1,0
LF:1
LH:0
BRF:0
BRH:0
end_of_record
TN:
SF:src\storage\providers\google-drive-storage.provider.ts
FN:18,(anonymous_2)
FN:22,(anonymous_3)
FN:45,(anonymous_4)
FN:47,(anonymous_5)
FN:53,(anonymous_6)
FN:95,(anonymous_7)
FN:110,(anonymous_8)
FN:126,(anonymous_9)
FN:136,(anonymous_10)
FN:148,(anonymous_11)
FN:160,(anonymous_12)
FNF:11
FNH:0
FNDA:0,(anonymous_2)
FNDA:0,(anonymous_3)
FNDA:0,(anonymous_4)
FNDA:0,(anonymous_5)
FNDA:0,(anonymous_6)
FNDA:0,(anonymous_7)
FNDA:0,(anonymous_8)
FNDA:0,(anonymous_9)
FNDA:0,(anonymous_10)
FNDA:0,(anonymous_11)
FNDA:0,(anonymous_12)
DA:1,0
DA:2,0
DA:9,0
DA:10,0
DA:13,0
DA:14,0
DA:18,0
DA:19,0
DA:23,0
DA:24,0
DA:25,0
DA:27,0
DA:28,0
DA:29,0
DA:32,0
DA:37,0
DA:38,0
DA:40,0
DA:41,0
DA:46,0
DA:47,0
DA:48,0
DA:49,0
DA:50,0
DA:54,0
DA:55,0
DA:60,0
DA:65,0
DA:71,0
DA:74,0
DA:82,0
DA:84,0
DA:90,0
DA:91,0
DA:96,0
DA:97,0
DA:102,0
DA:103,0
DA:105,0
DA:106,0
DA:111,0
DA:113,0
DA:119,0
DA:121,0
DA:122,0
DA:127,0
DA:128,0
DA:129,0
DA:131,0
DA:132,0
DA:137,0
DA:138,0
DA:142,0
DA:148,0
DA:155,0
DA:156,0
DA:161,0
DA:162,0
DA:163,0
DA:165,0
LF:60
LH:0
BRDA:27,0,0,0
BRDA:61,1,0,0
BRDA:61,1,1,0
BRDA:61,2,0,0
BRDA:61,2,1,0
BRDA:61,3,0,0
BRDA:61,3,1,0
BRDA:86,4,0,0
BRDA:86,4,1,0
BRDA:86,4,2,0
BRDA:87,5,0,0
BRDA:87,5,1,0
BRDA:110,6,0,0
BRDA:119,7,0,0
BRDA:119,7,1,0
BRDA:119,7,2,0
BRDA:138,8,0,0
BRDA:138,8,1,0
BRDA:148,9,0,0
BRDA:148,9,1,0
BRDA:149,10,0,0
BRDA:149,10,1,0
BRDA:150,11,0,0
BRDA:150,11,1,0
BRDA:151,12,0,0
BRDA:151,12,1,0
BRDA:152,13,0,0
BRDA:152,13,1,0
BRF:28
BRH:0
end_of_record
TN:
SF:src\storage\providers\local-storage.provider.ts
FN:19,(anonymous_2)
FN:27,(anonymous_3)
FN:34,(anonymous_4)
FN:38,(anonymous_5)
FN:42,(anonymous_6)
FN:61,(anonymous_7)
FN:74,(anonymous_8)
FN:79,(anonymous_9)
FN:91,(anonymous_10)
FN:103,(anonymous_11)
FN:133,(anonymous_12)
FNF:11
FNH:0
FNDA:0,(anonymous_2)
FNDA:0,(anonymous_3)
FNDA:0,(anonymous_4)
FNDA:0,(anonymous_5)
FNDA:0,(anonymous_6)
FNDA:0,(anonymous_7)
FNDA:0,(anonymous_8)
FNDA:0,(anonymous_9)
FNDA:0,(anonymous_10)
FNDA:0,(anonymous_11)
FNDA:0,(anonymous_12)
DA:1,0
DA:2,0
DA:9,0
DA:10,0
DA:11,0
DA:14,0
DA:15,0
DA:19,0
DA:20,0
DA:21,0
DA:24,0
DA:28,0
DA:29,0
DA:30,0
DA:35,0
DA:39,0
DA:43,0
DA:44,0
DA:47,0
DA:50,0
DA:52,0
DA:54,0
DA:62,0
DA:64,0
DA:65,0
DA:66,0
DA:67,0
DA:69,0
DA:70,0
DA:76,0
DA:80,0
DA:82,0
DA:83,0
DA:84,0
DA:86,0
DA:87,0
DA:92,0
DA:94,0
DA:95,0
DA:96,0
DA:98,0
DA:99,0
DA:104,0
DA:106,0
DA:107,0
DA:109,0
DA:110,0
DA:112,0
DA:113,0
DA:114,0
DA:116,0
DA:117,0
DA:119,0
DA:130,0
DA:134,0
DA:135,0
LF:56
LH:0
BRDA:28,0,0,0
BRDA:92,1,0,0
BRDA:92,1,1,0
BRDA:112,2,0,0
BRDA:112,2,1,0
BRF:5
BRH:0
end_of_record
TN:
SF:src\templates\templates.controller.ts
FN:18,(anonymous_4)
FN:23,(anonymous_5)
FN:31,(anonymous_6)
FN:39,(anonymous_7)
FN:48,(anonymous_8)
FN:56,(anonymous_9)
FN:64,(anonymous_10)
FN:71,(anonymous_11)
FNF:8
FNH:0
FNDA:0,(anonymous_4)
FNDA:0,(anonymous_5)
FNDA:0,(anonymous_6)
FNDA:0,(anonymous_7)
FNDA:0,(anonymous_8)
FNDA:0,(anonymous_9)
FNDA:0,(anonymous_10)
FNDA:0,(anonymous_11)
DA:1,0
DA:2,0
DA:3,0
DA:4,0
DA:5,0
DA:6,0
DA:7,0
DA:8,0
DA:9,0
DA:11,0
DA:17,0
DA:18,0
DA:23,0
DA:24,0
DA:31,0
DA:32,0
DA:39,0
DA:40,0
DA:48,0
DA:49,0
DA:56,0
DA:57,0
DA:64,0
DA:65,0
DA:71,0
DA:72,0
LF:26
LH:0
BRF:0
BRH:0
end_of_record
TN:
SF:src\templates\templates.service.ts
FN:12,(anonymous_2)
FN:19,(anonymous_3)
FN:47,(anonymous_4)
FN:82,(anonymous_5)
FN:111,(anonymous_6)
FN:157,(anonymous_7)
FN:171,(anonymous_8)
FN:182,(anonymous_9)
FNF:8
FNH:0
FNDA:0,(anonymous_2)
FNDA:0,(anonymous_3)
FNDA:0,(anonymous_4)
FNDA:0,(anonymous_5)
FNDA:0,(anonymous_6)
FNDA:0,(anonymous_7)
FNDA:0,(anonymous_8)
FNDA:0,(anonymous_9)
DA:1,0
DA:2,0
DA:3,0
DA:4,0
DA:9,0
DA:13,0
DA:14,0
DA:16,0
DA:20,0
DA:48,0
DA:74,0
DA:75,0
DA:76,0
DA:79,0
DA:84,0
DA:85,0
DA:87,0
DA:90,0
DA:112,0
DA:114,0
DA:115,0
DA:116,0
DA:120,0
DA:121,0
DA:122,0
DA:124,0
DA:128,0
DA:138,0
DA:158,0
DA:160,0
DA:161,0
DA:162,0
DA:165,0
DA:172,0
DA:174,0
DA:175,0
DA:176,0
DA:179,0
DA:183,0
DA:185,0
LF:40
LH:0
BRDA:47,0,0,0
BRDA:74,1,0,0
BRDA:94,2,0,0
BRDA:94,2,1,0
BRDA:94,3,0,0
BRDA:94,3,1,0
BRDA:111,4,0,0
BRDA:114,5,0,0
BRDA:120,6,0,0
BRDA:142,7,0,0
BRDA:142,7,1,0
BRDA:157,8,0,0
BRDA:160,9,0,0
BRDA:171,10,0,0
BRDA:174,11,0,0
BRDA:182,12,0,0
BRF:16
BRH:0
end_of_record
TN:
SF:src\templates\dto\create-template.dto.ts
FNF:0
FNH:0
DA:1,0
DA:2,0
DA:4,0
DA:8,0
DA:23,0
DA:28,0
LF:6
LH:0
BRF:0
BRH:0
end_of_record
TN:
SF:src\templates\dto\publish-template.dto.ts
FNF:0
FNH:0
DA:1,0
DA:2,0
DA:4,0
DA:7,0
LF:4
LH:0
BRF:0
BRH:0
end_of_record
TN:
SF:src\templates\dto\update-template.dto.ts
FNF:0
FNH:0
DA:1,0
DA:2,0
DA:4,0
DA:8,0
DA:16,0
DA:21,0
LF:6
LH:0
BRF:0
BRH:0
end_of_record
TN:
SF:src\tenant\tenant.decorator.ts
FN:4,(anonymous_0)
FNF:1
FNH:0
FNDA:0,(anonymous_0)
DA:1,0
DA:3,0
DA:5,0
DA:6,0
LF:4
LH:0
BRF:0
BRH:0
end_of_record
TN:
SF:src\tenant\tenant.guard.ts
FN:6,(anonymous_1)
FNF:1
FNH:0
FNDA:0,(anonymous_1)
DA:1,0
DA:2,0
DA:5,0
DA:7,0
DA:8,0
DA:9,0
DA:10,0
DA:11,0
LF:8
LH:0
BRDA:9,0,0,0
BRDA:10,1,0,0
BRF:2
BRH:0
end_of_record
TN:
SF:src\tenant\tenant.middleware.ts
FN:7,(anonymous_2)
FN:9,(anonymous_3)
FN:39,getSubdomain
FNF:3
FNH:0
FNDA:0,(anonymous_2)
FNDA:0,(anonymous_3)
FNDA:0,getSubdomain
DA:1,0
DA:2,0
DA:6,0
DA:7,0
DA:11,0
DA:13,0
DA:17,0
DA:19,0
DA:20,0
DA:21,0
DA:23,0
DA:26,0
DA:27,0
DA:28,0
DA:29,0
DA:31,0
DA:34,0
DA:35,0
DA:41,0
DA:42,0
DA:43,0
LF:21
LH:0
BRDA:11,0,0,0
BRDA:11,0,1,0
BRDA:13,1,0,0
BRDA:13,1,1,0
BRDA:13,1,2,0
BRDA:17,2,0,0
BRDA:17,2,1,0
BRDA:19,3,0,0
BRDA:20,4,0,0
BRDA:27,5,0,0
BRDA:28,6,0,0
BRDA:42,7,0,0
BRF:12
BRH:0
end_of_record
